running develop
/usr/lib/python3/dist-packages/pkg_resources/__init__.py:116: PkgResourcesDeprecationWarning: 2.0.5-build-libtorrent-rasterbar-QyJODx-libtorrent-rasterbar-2.0.5-bindings-python is an invalid version and will not be supported in a future release
  warnings.warn(
running egg_info
creating ros_exercises.egg-info
writing ros_exercises.egg-info/PKG-INFO
writing dependency_links to ros_exercises.egg-info/dependency_links.txt
writing entry points to ros_exercises.egg-info/entry_points.txt
writing requirements to ros_exercises.egg-info/requires.txt
writing top-level names to ros_exercises.egg-info/top_level.txt
writing manifest file 'ros_exercises.egg-info/SOURCES.txt'
reading manifest file 'ros_exercises.egg-info/SOURCES.txt'
writing manifest file 'ros_exercises.egg-info/SOURCES.txt'
running build_ext
Creating /root/racecar_ws/install/ros_exercises/lib/python3.10/site-packages/ros-exercises.egg-link (link to .)
Installing base_link_tf_pub script to /root/racecar_ws/install/ros_exercises/lib/ros_exercises
Installing dynamic_tf_cam_publisher script to /root/racecar_ws/install/ros_exercises/lib/ros_exercises
Installing fake_scan_publisher script to /root/racecar_ws/install/ros_exercises/lib/ros_exercises
Installing open_space_publisher script to /root/racecar_ws/install/ros_exercises/lib/ros_exercises
Installing simple_publisher script to /root/racecar_ws/install/ros_exercises/lib/ros_exercises
Installing simple_subscriber script to /root/racecar_ws/install/ros_exercises/lib/ros_exercises
Installing static_tf_cam_publisher script to /root/racecar_ws/install/ros_exercises/lib/ros_exercises

Installed /root/racecar_ws/build/ros_exercises
running symlink_data
creating /root/racecar_ws/install/ros_exercises/share/ament_index
creating /root/racecar_ws/install/ros_exercises/share/ament_index/resource_index
creating /root/racecar_ws/install/ros_exercises/share/ament_index/resource_index/packages
symbolically linking /root/racecar_ws/build/ros_exercises/resource/ros_exercises -> /root/racecar_ws/install/ros_exercises/share/ament_index/resource_index/packages
symbolically linking /root/racecar_ws/build/ros_exercises/package.xml -> /root/racecar_ws/install/ros_exercises/share/ros_exercises
creating /root/racecar_ws/install/ros_exercises/share/ros_exercises/launch
symbolically linking /root/racecar_ws/build/ros_exercises/launch/static_tf_publisher.launch.xml -> /root/racecar_ws/install/ros_exercises/share/ros_exercises/launch
symbolically linking /root/racecar_ws/build/ros_exercises/launch/my_first_launch.launch.xml -> /root/racecar_ws/install/ros_exercises/share/ros_exercises/launch
