[4.700s] Invoking command in '/root/racecar_ws/build/ros_exercises': PYTHONPATH=/root/racecar_ws/build/ros_exercises/prefix_override:/usr/lib/python3/dist-packages/colcon_core/task/python/colcon_distutils_commands:/root/racecar_ws/install/ros_exercises/lib/python3.10/site-packages:${PYTHONPATH} /usr/bin/python3 -W ignore:setup.py install is deprecated -W ignore:easy_install command is deprecated setup.py develop --editable --build-directory /root/racecar_ws/build/ros_exercises/build --no-deps symlink_data
[5.875s] running develop
[6.225s] /usr/lib/python3/dist-packages/pkg_resources/__init__.py:116: PkgResourcesDeprecationWarning: 2.0.5-build-libtorrent-rasterbar-QyJODx-libtorrent-rasterbar-2.0.5-bindings-python is an invalid version and will not be supported in a future release
[6.226s]   warnings.warn(
[7.487s] running egg_info
[7.487s] creating ros_exercises.egg-info
[7.487s] writing ros_exercises.egg-info/PKG-INFO
[7.488s] writing dependency_links to ros_exercises.egg-info/dependency_links.txt
[7.488s] writing entry points to ros_exercises.egg-info/entry_points.txt
[7.489s] writing requirements to ros_exercises.egg-info/requires.txt
[7.489s] writing top-level names to ros_exercises.egg-info/top_level.txt
[7.490s] writing manifest file 'ros_exercises.egg-info/SOURCES.txt'
[7.496s] reading manifest file 'ros_exercises.egg-info/SOURCES.txt'
[7.500s] writing manifest file 'ros_exercises.egg-info/SOURCES.txt'
[7.609s] running build_ext
[7.609s] Creating /root/racecar_ws/install/ros_exercises/lib/python3.10/site-packages/ros-exercises.egg-link (link to .)
[7.610s] Installing base_link_tf_pub script to /root/racecar_ws/install/ros_exercises/lib/ros_exercises
[7.610s] Installing dynamic_tf_cam_publisher script to /root/racecar_ws/install/ros_exercises/lib/ros_exercises
[7.610s] Installing fake_scan_publisher script to /root/racecar_ws/install/ros_exercises/lib/ros_exercises
[7.610s] Installing open_space_publisher script to /root/racecar_ws/install/ros_exercises/lib/ros_exercises
[7.610s] Installing simple_publisher script to /root/racecar_ws/install/ros_exercises/lib/ros_exercises
[7.610s] Installing simple_subscriber script to /root/racecar_ws/install/ros_exercises/lib/ros_exercises
[7.610s] Installing static_tf_cam_publisher script to /root/racecar_ws/install/ros_exercises/lib/ros_exercises
[7.611s] 
[7.611s] Installed /root/racecar_ws/build/ros_exercises
[7.611s] running symlink_data
[7.611s] creating /root/racecar_ws/install/ros_exercises/share/ament_index
[7.611s] creating /root/racecar_ws/install/ros_exercises/share/ament_index/resource_index
[7.611s] creating /root/racecar_ws/install/ros_exercises/share/ament_index/resource_index/packages
[7.612s] symbolically linking /root/racecar_ws/build/ros_exercises/resource/ros_exercises -> /root/racecar_ws/install/ros_exercises/share/ament_index/resource_index/packages
[7.612s] symbolically linking /root/racecar_ws/build/ros_exercises/package.xml -> /root/racecar_ws/install/ros_exercises/share/ros_exercises
[7.612s] creating /root/racecar_ws/install/ros_exercises/share/ros_exercises/launch
[7.612s] symbolically linking /root/racecar_ws/build/ros_exercises/launch/static_tf_publisher.launch.xml -> /root/racecar_ws/install/ros_exercises/share/ros_exercises/launch
[7.612s] symbolically linking /root/racecar_ws/build/ros_exercises/launch/my_first_launch.launch.xml -> /root/racecar_ws/install/ros_exercises/share/ros_exercises/launch
[9.040s] Invoked command in '/root/racecar_ws/build/ros_exercises' returned '0': PYTHONPATH=/root/racecar_ws/build/ros_exercises/prefix_override:/usr/lib/python3/dist-packages/colcon_core/task/python/colcon_distutils_commands:/root/racecar_ws/install/ros_exercises/lib/python3.10/site-packages:${PYTHONPATH} /usr/bin/python3 -W ignore:setup.py install is deprecated -W ignore:easy_install command is deprecated setup.py develop --editable --build-directory /root/racecar_ws/build/ros_exercises/build --no-deps symlink_data
