running egg_info
creating ../../../build/visual_servoing/visual_servoing.egg-info
writing ../../../build/visual_servoing/visual_servoing.egg-info/PKG-INFO
writing dependency_links to ../../../build/visual_servoing/visual_servoing.egg-info/dependency_links.txt
writing entry points to ../../../build/visual_servoing/visual_servoing.egg-info/entry_points.txt
writing requirements to ../../../build/visual_servoing/visual_servoing.egg-info/requires.txt
writing top-level names to ../../../build/visual_servoing/visual_servoing.egg-info/top_level.txt
writing manifest file '../../../build/visual_servoing/visual_servoing.egg-info/SOURCES.txt'
reading manifest file '../../../build/visual_servoing/visual_servoing.egg-info/SOURCES.txt'
writing manifest file '../../../build/visual_servoing/visual_servoing.egg-info/SOURCES.txt'
running build
running build_py
creating /root/racecar_ws/build/visual_servoing/build
creating /root/racecar_ws/build/visual_servoing/build/lib
creating /root/racecar_ws/build/visual_servoing/build/lib/visual_servoing
copying visual_servoing/homography_transformer.py -> /root/racecar_ws/build/visual_servoing/build/lib/visual_servoing
copying visual_servoing/cone_sim_marker.py -> /root/racecar_ws/build/visual_servoing/build/lib/visual_servoing
copying visual_servoing/parking_controller.py -> /root/racecar_ws/build/visual_servoing/build/lib/visual_servoing
copying visual_servoing/cone_detector.py -> /root/racecar_ws/build/visual_servoing/build/lib/visual_servoing
copying visual_servoing/yolo_annotator.py -> /root/racecar_ws/build/visual_servoing/build/lib/visual_servoing
copying visual_servoing/__init__.py -> /root/racecar_ws/build/visual_servoing/build/lib/visual_servoing
running install
running install_lib
creating /root/racecar_ws/install/visual_servoing/lib/python3.10/site-packages/visual_servoing
copying /root/racecar_ws/build/visual_servoing/build/lib/visual_servoing/homography_transformer.py -> /root/racecar_ws/install/visual_servoing/lib/python3.10/site-packages/visual_servoing
copying /root/racecar_ws/build/visual_servoing/build/lib/visual_servoing/cone_sim_marker.py -> /root/racecar_ws/install/visual_servoing/lib/python3.10/site-packages/visual_servoing
copying /root/racecar_ws/build/visual_servoing/build/lib/visual_servoing/parking_controller.py -> /root/racecar_ws/install/visual_servoing/lib/python3.10/site-packages/visual_servoing
copying /root/racecar_ws/build/visual_servoing/build/lib/visual_servoing/cone_detector.py -> /root/racecar_ws/install/visual_servoing/lib/python3.10/site-packages/visual_servoing
copying /root/racecar_ws/build/visual_servoing/build/lib/visual_servoing/yolo_annotator.py -> /root/racecar_ws/install/visual_servoing/lib/python3.10/site-packages/visual_servoing
copying /root/racecar_ws/build/visual_servoing/build/lib/visual_servoing/__init__.py -> /root/racecar_ws/install/visual_servoing/lib/python3.10/site-packages/visual_servoing
byte-compiling /root/racecar_ws/install/visual_servoing/lib/python3.10/site-packages/visual_servoing/homography_transformer.py to homography_transformer.cpython-310.pyc
byte-compiling /root/racecar_ws/install/visual_servoing/lib/python3.10/site-packages/visual_servoing/cone_sim_marker.py to cone_sim_marker.cpython-310.pyc
byte-compiling /root/racecar_ws/install/visual_servoing/lib/python3.10/site-packages/visual_servoing/parking_controller.py to parking_controller.cpython-310.pyc
byte-compiling /root/racecar_ws/install/visual_servoing/lib/python3.10/site-packages/visual_servoing/cone_detector.py to cone_detector.cpython-310.pyc
byte-compiling /root/racecar_ws/install/visual_servoing/lib/python3.10/site-packages/visual_servoing/yolo_annotator.py to yolo_annotator.cpython-310.pyc
byte-compiling /root/racecar_ws/install/visual_servoing/lib/python3.10/site-packages/visual_servoing/__init__.py to __init__.cpython-310.pyc
running install_data
creating /root/racecar_ws/install/visual_servoing/share/ament_index
creating /root/racecar_ws/install/visual_servoing/share/ament_index/resource_index
creating /root/racecar_ws/install/visual_servoing/share/ament_index/resource_index/packages
copying resource/visual_servoing -> /root/racecar_ws/install/visual_servoing/share/ament_index/resource_index/packages
copying package.xml -> /root/racecar_ws/install/visual_servoing/share/visual_servoing
creating /root/racecar_ws/install/visual_servoing/lib/visual_servoing
creating /root/racecar_ws/install/visual_servoing/lib/visual_servoing/computer_vision
copying visual_servoing/computer_vision/cv_test.py -> /root/racecar_ws/install/visual_servoing/lib/visual_servoing/computer_vision
copying visual_servoing/computer_vision/color_segmentation.py -> /root/racecar_ws/install/visual_servoing/lib/visual_servoing/computer_vision
copying visual_servoing/computer_vision/sift_template.py -> /root/racecar_ws/install/visual_servoing/lib/visual_servoing/computer_vision
copying visual_servoing/computer_vision/__init__.py -> /root/racecar_ws/install/visual_servoing/lib/visual_servoing/computer_vision
creating /root/racecar_ws/install/visual_servoing/share/visual_servoing/launch
copying launch/parking_sim.launch.xml -> /root/racecar_ws/install/visual_servoing/share/visual_servoing/launch
copying launch/parking_deploy.launch.xml -> /root/racecar_ws/install/visual_servoing/share/visual_servoing/launch
copying launch/yolo_annotator.launch.xml -> /root/racecar_ws/install/visual_servoing/share/visual_servoing/launch
running install_egg_info
Copying ../../../build/visual_servoing/visual_servoing.egg-info to /root/racecar_ws/install/visual_servoing/lib/python3.10/site-packages/visual_servoing-0.0.0-py3.10.egg-info
running install_scripts
Installing cone_detector script to /root/racecar_ws/install/visual_servoing/lib/visual_servoing
Installing cone_sim_marker script to /root/racecar_ws/install/visual_servoing/lib/visual_servoing
Installing homography_transformer script to /root/racecar_ws/install/visual_servoing/lib/visual_servoing
Installing parking_controller script to /root/racecar_ws/install/visual_servoing/lib/visual_servoing
Installing yolo_annotator script to /root/racecar_ws/install/visual_servoing/lib/visual_servoing
writing list of installed files to '/root/racecar_ws/build/visual_servoing/install.log'
