[0.762s] Invoking command in '/root/racecar_ws/build/vs_msgs': CMAKE_PREFIX_PATH=${CMAKE_PREFIX_PATH}:/root/racecar_ws/install/ros_exercises:/root/racecar_ws/install/py_pubsub:/root/racecar_ws/install/labc_test1:/root/racecar_ws/install/wall_follower:/root/racecar_ws/install/visual_servoing:/root/racecar_ws/install/safety_controller:/root/racecar_ws/install/evaluation:/root/ros2_ws/install/racecar:/opt/ros/humble /usr/bin/cmake --build /root/racecar_ws/build/vs_msgs -- -j6 -l6
[0.912s] [  2%] Built target vs_msgs__cpp
[0.937s] [ 12%] Built target vs_msgs__rosidl_generator_c
[0.988s] [ 12%] Built target ament_cmake_python_copy_vs_msgs
[1.006s] [ 23%] Built target vs_msgs__rosidl_typesupport_cpp
[1.035s] [ 44%] Built target vs_msgs__rosidl_typesupport_introspection_cpp
[1.035s] [ 34%] Built target vs_msgs__rosidl_typesupport_fastrtps_c
[1.036s] [ 55%] Built target vs_msgs__rosidl_typesupport_fastrtps_cpp
[1.060s] [ 65%] Built target vs_msgs__rosidl_typesupport_introspection_c
[1.080s] [ 76%] Built target vs_msgs__rosidl_typesupport_c
[1.145s] [ 76%] Built target vs_msgs
[1.204s] [ 78%] Built target vs_msgs__py
[1.285s] [ 87%] Built target vs_msgs__rosidl_generator_py
[1.360s] [ 91%] Built target vs_msgs__rosidl_typesupport_introspection_c__pyext
[1.382s] [ 95%] Built target vs_msgs__rosidl_typesupport_c__pyext
[1.387s] [100%] Built target vs_msgs__rosidl_typesupport_fastrtps_c__pyext
[1.728s] running egg_info
[1.730s] writing vs_msgs.egg-info/PKG-INFO
[1.731s] writing dependency_links to vs_msgs.egg-info/dependency_links.txt
[1.732s] writing top-level names to vs_msgs.egg-info/top_level.txt
[1.738s] reading manifest file 'vs_msgs.egg-info/SOURCES.txt'
[1.739s] writing manifest file 'vs_msgs.egg-info/SOURCES.txt'
[1.827s] [100%] Built target ament_cmake_python_build_vs_msgs_egg
[1.860s] Invoked command in '/root/racecar_ws/build/vs_msgs' returned '0': CMAKE_PREFIX_PATH=${CMAKE_PREFIX_PATH}:/root/racecar_ws/install/ros_exercises:/root/racecar_ws/install/py_pubsub:/root/racecar_ws/install/labc_test1:/root/racecar_ws/install/wall_follower:/root/racecar_ws/install/visual_servoing:/root/racecar_ws/install/safety_controller:/root/racecar_ws/install/evaluation:/root/ros2_ws/install/racecar:/opt/ros/humble /usr/bin/cmake --build /root/racecar_ws/build/vs_msgs -- -j6 -l6
[1.884s] Invoking command in '/root/racecar_ws/build/vs_msgs': CMAKE_PREFIX_PATH=${CMAKE_PREFIX_PATH}:/root/racecar_ws/install/ros_exercises:/root/racecar_ws/install/py_pubsub:/root/racecar_ws/install/labc_test1:/root/racecar_ws/install/wall_follower:/root/racecar_ws/install/visual_servoing:/root/racecar_ws/install/safety_controller:/root/racecar_ws/install/evaluation:/root/ros2_ws/install/racecar:/opt/ros/humble /usr/bin/cmake --install /root/racecar_ws/build/vs_msgs
[1.911s] -- Install configuration: ""
[1.912s] -- Up-to-date: /root/racecar_ws/install/vs_msgs/share/ament_index/resource_index/rosidl_interfaces/vs_msgs
[1.912s] -- Up-to-date: /root/racecar_ws/install/vs_msgs/include/vs_msgs/vs_msgs
[1.912s] -- Up-to-date: /root/racecar_ws/install/vs_msgs/include/vs_msgs/vs_msgs/msg
[1.912s] -- Up-to-date: /root/racecar_ws/install/vs_msgs/include/vs_msgs/vs_msgs/msg/rosidl_generator_c__visibility_control.h
[1.912s] -- Up-to-date: /root/racecar_ws/install/vs_msgs/include/vs_msgs/vs_msgs/msg/cone_location_pixel.h
[1.913s] -- Up-to-date: /root/racecar_ws/install/vs_msgs/include/vs_msgs/vs_msgs/msg/detail
[1.913s] -- Up-to-date: /root/racecar_ws/install/vs_msgs/include/vs_msgs/vs_msgs/msg/detail/parking_error__type_support.h
[1.913s] -- Up-to-date: /root/racecar_ws/install/vs_msgs/include/vs_msgs/vs_msgs/msg/detail/cone_location__functions.c
[1.913s] -- Up-to-date: /root/racecar_ws/install/vs_msgs/include/vs_msgs/vs_msgs/msg/detail/cone_location_pixel__functions.c
[1.914s] -- Up-to-date: /root/racecar_ws/install/vs_msgs/include/vs_msgs/vs_msgs/msg/detail/parking_error__struct.h
[1.914s] -- Up-to-date: /root/racecar_ws/install/vs_msgs/include/vs_msgs/vs_msgs/msg/detail/cone_location__struct.h
[1.914s] -- Up-to-date: /root/racecar_ws/install/vs_msgs/include/vs_msgs/vs_msgs/msg/detail/cone_location_pixel__struct.h
[1.914s] -- Up-to-date: /root/racecar_ws/install/vs_msgs/include/vs_msgs/vs_msgs/msg/detail/cone_location_pixel__functions.h
[1.914s] -- Up-to-date: /root/racecar_ws/install/vs_msgs/include/vs_msgs/vs_msgs/msg/detail/cone_location_pixel__type_support.h
[1.915s] -- Up-to-date: /root/racecar_ws/install/vs_msgs/include/vs_msgs/vs_msgs/msg/detail/parking_error__functions.h
[1.915s] -- Up-to-date: /root/racecar_ws/install/vs_msgs/include/vs_msgs/vs_msgs/msg/detail/cone_location__type_support.h
[1.915s] -- Up-to-date: /root/racecar_ws/install/vs_msgs/include/vs_msgs/vs_msgs/msg/detail/cone_location__functions.h
[1.915s] -- Up-to-date: /root/racecar_ws/install/vs_msgs/include/vs_msgs/vs_msgs/msg/detail/parking_error__functions.c
[1.915s] -- Up-to-date: /root/racecar_ws/install/vs_msgs/include/vs_msgs/vs_msgs/msg/cone_location.h
[1.915s] -- Up-to-date: /root/racecar_ws/install/vs_msgs/include/vs_msgs/vs_msgs/msg/parking_error.h
[1.916s] -- Up-to-date: /root/racecar_ws/install/vs_msgs/share/vs_msgs/environment/library_path.sh
[1.917s] -- Up-to-date: /root/racecar_ws/install/vs_msgs/share/vs_msgs/environment/library_path.dsv
[1.917s] -- Up-to-date: /root/racecar_ws/install/vs_msgs/lib/libvs_msgs__rosidl_generator_c.so
[1.917s] -- Up-to-date: /root/racecar_ws/install/vs_msgs/include/vs_msgs/vs_msgs
[1.918s] -- Up-to-date: /root/racecar_ws/install/vs_msgs/include/vs_msgs/vs_msgs/msg
[1.918s] -- Up-to-date: /root/racecar_ws/install/vs_msgs/include/vs_msgs/vs_msgs/msg/detail
[1.918s] -- Up-to-date: /root/racecar_ws/install/vs_msgs/include/vs_msgs/vs_msgs/msg/detail/cone_location__rosidl_typesupport_fastrtps_c.h
[1.918s] -- Up-to-date: /root/racecar_ws/install/vs_msgs/include/vs_msgs/vs_msgs/msg/detail/cone_location_pixel__rosidl_typesupport_fastrtps_c.h
[1.919s] -- Up-to-date: /root/racecar_ws/install/vs_msgs/include/vs_msgs/vs_msgs/msg/detail/parking_error__rosidl_typesupport_fastrtps_c.h
[1.919s] -- Up-to-date: /root/racecar_ws/install/vs_msgs/include/vs_msgs/vs_msgs/msg/rosidl_typesupport_fastrtps_c__visibility_control.h
[1.919s] -- Up-to-date: /root/racecar_ws/install/vs_msgs/lib/libvs_msgs__rosidl_typesupport_fastrtps_c.so
[1.919s] -- Up-to-date: /root/racecar_ws/install/vs_msgs/include/vs_msgs/vs_msgs
[1.920s] -- Up-to-date: /root/racecar_ws/install/vs_msgs/include/vs_msgs/vs_msgs/msg
[1.920s] -- Up-to-date: /root/racecar_ws/install/vs_msgs/include/vs_msgs/vs_msgs/msg/detail
[1.920s] -- Up-to-date: /root/racecar_ws/install/vs_msgs/include/vs_msgs/vs_msgs/msg/detail/parking_error__rosidl_typesupport_introspection_c.h
[1.920s] -- Up-to-date: /root/racecar_ws/install/vs_msgs/include/vs_msgs/vs_msgs/msg/detail/cone_location_pixel__rosidl_typesupport_introspection_c.h
[1.920s] -- Up-to-date: /root/racecar_ws/install/vs_msgs/include/vs_msgs/vs_msgs/msg/detail/cone_location__rosidl_typesupport_introspection_c.h
[1.920s] -- Up-to-date: /root/racecar_ws/install/vs_msgs/include/vs_msgs/vs_msgs/msg/detail/cone_location_pixel__type_support.c
[1.921s] -- Up-to-date: /root/racecar_ws/install/vs_msgs/include/vs_msgs/vs_msgs/msg/detail/cone_location__type_support.c
[1.921s] -- Up-to-date: /root/racecar_ws/install/vs_msgs/include/vs_msgs/vs_msgs/msg/detail/parking_error__type_support.c
[1.921s] -- Up-to-date: /root/racecar_ws/install/vs_msgs/include/vs_msgs/vs_msgs/msg/rosidl_typesupport_introspection_c__visibility_control.h
[1.921s] -- Up-to-date: /root/racecar_ws/install/vs_msgs/lib/libvs_msgs__rosidl_typesupport_introspection_c.so
[1.922s] -- Up-to-date: /root/racecar_ws/install/vs_msgs/lib/libvs_msgs__rosidl_typesupport_c.so
[1.922s] -- Up-to-date: /root/racecar_ws/install/vs_msgs/include/vs_msgs/vs_msgs
[1.923s] -- Up-to-date: /root/racecar_ws/install/vs_msgs/include/vs_msgs/vs_msgs/msg
[1.923s] -- Up-to-date: /root/racecar_ws/install/vs_msgs/include/vs_msgs/vs_msgs/msg/cone_location_pixel.hpp
[1.923s] -- Up-to-date: /root/racecar_ws/install/vs_msgs/include/vs_msgs/vs_msgs/msg/rosidl_generator_cpp__visibility_control.hpp
[1.923s] -- Up-to-date: /root/racecar_ws/install/vs_msgs/include/vs_msgs/vs_msgs/msg/detail
[1.923s] -- Up-to-date: /root/racecar_ws/install/vs_msgs/include/vs_msgs/vs_msgs/msg/detail/cone_location__struct.hpp
[1.924s] -- Up-to-date: /root/racecar_ws/install/vs_msgs/include/vs_msgs/vs_msgs/msg/detail/parking_error__type_support.hpp
[1.924s] -- Up-to-date: /root/racecar_ws/install/vs_msgs/include/vs_msgs/vs_msgs/msg/detail/parking_error__struct.hpp
[1.924s] -- Up-to-date: /root/racecar_ws/install/vs_msgs/include/vs_msgs/vs_msgs/msg/detail/cone_location__builder.hpp
[1.924s] -- Up-to-date: /root/racecar_ws/install/vs_msgs/include/vs_msgs/vs_msgs/msg/detail/cone_location_pixel__struct.hpp
[1.924s] -- Up-to-date: /root/racecar_ws/install/vs_msgs/include/vs_msgs/vs_msgs/msg/detail/cone_location__type_support.hpp
[1.924s] -- Up-to-date: /root/racecar_ws/install/vs_msgs/include/vs_msgs/vs_msgs/msg/detail/cone_location_pixel__traits.hpp
[1.924s] -- Up-to-date: /root/racecar_ws/install/vs_msgs/include/vs_msgs/vs_msgs/msg/detail/cone_location_pixel__builder.hpp
[1.925s] -- Up-to-date: /root/racecar_ws/install/vs_msgs/include/vs_msgs/vs_msgs/msg/detail/cone_location__traits.hpp
[1.925s] -- Up-to-date: /root/racecar_ws/install/vs_msgs/include/vs_msgs/vs_msgs/msg/detail/parking_error__builder.hpp
[1.925s] -- Up-to-date: /root/racecar_ws/install/vs_msgs/include/vs_msgs/vs_msgs/msg/detail/parking_error__traits.hpp
[1.925s] -- Up-to-date: /root/racecar_ws/install/vs_msgs/include/vs_msgs/vs_msgs/msg/detail/cone_location_pixel__type_support.hpp
[1.925s] -- Up-to-date: /root/racecar_ws/install/vs_msgs/include/vs_msgs/vs_msgs/msg/parking_error.hpp
[1.925s] -- Up-to-date: /root/racecar_ws/install/vs_msgs/include/vs_msgs/vs_msgs/msg/cone_location.hpp
[1.926s] -- Up-to-date: /root/racecar_ws/install/vs_msgs/include/vs_msgs/vs_msgs
[1.926s] -- Up-to-date: /root/racecar_ws/install/vs_msgs/include/vs_msgs/vs_msgs/msg
[1.926s] -- Up-to-date: /root/racecar_ws/install/vs_msgs/include/vs_msgs/vs_msgs/msg/detail
[1.926s] -- Up-to-date: /root/racecar_ws/install/vs_msgs/include/vs_msgs/vs_msgs/msg/detail/dds_fastrtps
[1.926s] -- Up-to-date: /root/racecar_ws/install/vs_msgs/include/vs_msgs/vs_msgs/msg/detail/cone_location__rosidl_typesupport_fastrtps_cpp.hpp
[1.926s] -- Up-to-date: /root/racecar_ws/install/vs_msgs/include/vs_msgs/vs_msgs/msg/detail/parking_error__rosidl_typesupport_fastrtps_cpp.hpp
[1.927s] -- Up-to-date: /root/racecar_ws/install/vs_msgs/include/vs_msgs/vs_msgs/msg/detail/cone_location_pixel__rosidl_typesupport_fastrtps_cpp.hpp
[1.927s] -- Up-to-date: /root/racecar_ws/install/vs_msgs/include/vs_msgs/vs_msgs/msg/rosidl_typesupport_fastrtps_cpp__visibility_control.h
[1.927s] -- Up-to-date: /root/racecar_ws/install/vs_msgs/lib/libvs_msgs__rosidl_typesupport_fastrtps_cpp.so
[1.927s] -- Up-to-date: /root/racecar_ws/install/vs_msgs/include/vs_msgs/vs_msgs
[1.927s] -- Up-to-date: /root/racecar_ws/install/vs_msgs/include/vs_msgs/vs_msgs/msg
[1.927s] -- Up-to-date: /root/racecar_ws/install/vs_msgs/include/vs_msgs/vs_msgs/msg/detail
[1.927s] -- Up-to-date: /root/racecar_ws/install/vs_msgs/include/vs_msgs/vs_msgs/msg/detail/cone_location_pixel__type_support.cpp
[1.928s] -- Up-to-date: /root/racecar_ws/install/vs_msgs/include/vs_msgs/vs_msgs/msg/detail/cone_location_pixel__rosidl_typesupport_introspection_cpp.hpp
[1.928s] -- Up-to-date: /root/racecar_ws/install/vs_msgs/include/vs_msgs/vs_msgs/msg/detail/parking_error__rosidl_typesupport_introspection_cpp.hpp
[1.928s] -- Up-to-date: /root/racecar_ws/install/vs_msgs/include/vs_msgs/vs_msgs/msg/detail/cone_location__rosidl_typesupport_introspection_cpp.hpp
[1.928s] -- Up-to-date: /root/racecar_ws/install/vs_msgs/include/vs_msgs/vs_msgs/msg/detail/parking_error__type_support.cpp
[1.928s] -- Up-to-date: /root/racecar_ws/install/vs_msgs/include/vs_msgs/vs_msgs/msg/detail/cone_location__type_support.cpp
[1.929s] -- Up-to-date: /root/racecar_ws/install/vs_msgs/lib/libvs_msgs__rosidl_typesupport_introspection_cpp.so
[1.929s] -- Up-to-date: /root/racecar_ws/install/vs_msgs/lib/libvs_msgs__rosidl_typesupport_cpp.so
[1.929s] -- Up-to-date: /root/racecar_ws/install/vs_msgs/share/vs_msgs/environment/pythonpath.sh
[1.929s] -- Up-to-date: /root/racecar_ws/install/vs_msgs/share/vs_msgs/environment/pythonpath.dsv
[1.929s] -- Up-to-date: /root/racecar_ws/install/vs_msgs/local/lib/python3.10/dist-packages/vs_msgs-0.0.0-py3.10.egg-info
[1.929s] -- Installing: /root/racecar_ws/install/vs_msgs/local/lib/python3.10/dist-packages/vs_msgs-0.0.0-py3.10.egg-info/top_level.txt
[1.930s] -- Installing: /root/racecar_ws/install/vs_msgs/local/lib/python3.10/dist-packages/vs_msgs-0.0.0-py3.10.egg-info/SOURCES.txt
[1.930s] -- Installing: /root/racecar_ws/install/vs_msgs/local/lib/python3.10/dist-packages/vs_msgs-0.0.0-py3.10.egg-info/PKG-INFO
[1.930s] -- Installing: /root/racecar_ws/install/vs_msgs/local/lib/python3.10/dist-packages/vs_msgs-0.0.0-py3.10.egg-info/dependency_links.txt
[1.930s] -- Up-to-date: /root/racecar_ws/install/vs_msgs/local/lib/python3.10/dist-packages/vs_msgs
[1.930s] -- Up-to-date: /root/racecar_ws/install/vs_msgs/local/lib/python3.10/dist-packages/vs_msgs/libvs_msgs__rosidl_generator_py.so
[1.930s] -- Up-to-date: /root/racecar_ws/install/vs_msgs/local/lib/python3.10/dist-packages/vs_msgs/_vs_msgs_s.ep.rosidl_typesupport_introspection_c.c
[1.931s] -- Up-to-date: /root/racecar_ws/install/vs_msgs/local/lib/python3.10/dist-packages/vs_msgs/vs_msgs_s__rosidl_typesupport_introspection_c.cpython-310-aarch64-linux-gnu.so
[1.931s] -- Up-to-date: /root/racecar_ws/install/vs_msgs/local/lib/python3.10/dist-packages/vs_msgs/vs_msgs_s__rosidl_typesupport_fastrtps_c.cpython-310-aarch64-linux-gnu.so
[1.931s] -- Up-to-date: /root/racecar_ws/install/vs_msgs/local/lib/python3.10/dist-packages/vs_msgs/_vs_msgs_s.ep.rosidl_typesupport_c.c
[1.931s] -- Up-to-date: /root/racecar_ws/install/vs_msgs/local/lib/python3.10/dist-packages/vs_msgs/msg
[1.931s] -- Up-to-date: /root/racecar_ws/install/vs_msgs/local/lib/python3.10/dist-packages/vs_msgs/msg/_cone_location_pixel_s.c
[1.931s] -- Up-to-date: /root/racecar_ws/install/vs_msgs/local/lib/python3.10/dist-packages/vs_msgs/msg/_parking_error_s.c
[1.932s] -- Up-to-date: /root/racecar_ws/install/vs_msgs/local/lib/python3.10/dist-packages/vs_msgs/msg/_cone_location.py
[1.932s] -- Up-to-date: /root/racecar_ws/install/vs_msgs/local/lib/python3.10/dist-packages/vs_msgs/msg/_cone_location_pixel.py
[1.933s] -- Up-to-date: /root/racecar_ws/install/vs_msgs/local/lib/python3.10/dist-packages/vs_msgs/msg/_cone_location_s.c
[1.937s] -- Up-to-date: /root/racecar_ws/install/vs_msgs/local/lib/python3.10/dist-packages/vs_msgs/msg/__init__.py
[1.938s] -- Up-to-date: /root/racecar_ws/install/vs_msgs/local/lib/python3.10/dist-packages/vs_msgs/msg/_parking_error.py
[1.939s] -- Up-to-date: /root/racecar_ws/install/vs_msgs/local/lib/python3.10/dist-packages/vs_msgs/_vs_msgs_s.ep.rosidl_typesupport_fastrtps_c.c
[1.939s] -- Up-to-date: /root/racecar_ws/install/vs_msgs/local/lib/python3.10/dist-packages/vs_msgs/__init__.py
[1.939s] -- Up-to-date: /root/racecar_ws/install/vs_msgs/local/lib/python3.10/dist-packages/vs_msgs/vs_msgs_s__rosidl_typesupport_c.cpython-310-aarch64-linux-gnu.so
[2.034s] Listing '/root/racecar_ws/install/vs_msgs/local/lib/python3.10/dist-packages/vs_msgs'...
[2.035s] Listing '/root/racecar_ws/install/vs_msgs/local/lib/python3.10/dist-packages/vs_msgs/msg'...
[2.050s] -- Up-to-date: /root/racecar_ws/install/vs_msgs/local/lib/python3.10/dist-packages/vs_msgs/vs_msgs_s__rosidl_typesupport_fastrtps_c.cpython-310-aarch64-linux-gnu.so
[2.051s] -- Up-to-date: /root/racecar_ws/install/vs_msgs/local/lib/python3.10/dist-packages/vs_msgs/vs_msgs_s__rosidl_typesupport_introspection_c.cpython-310-aarch64-linux-gnu.so
[2.051s] -- Up-to-date: /root/racecar_ws/install/vs_msgs/local/lib/python3.10/dist-packages/vs_msgs/vs_msgs_s__rosidl_typesupport_c.cpython-310-aarch64-linux-gnu.so
[2.052s] -- Up-to-date: /root/racecar_ws/install/vs_msgs/lib/libvs_msgs__rosidl_generator_py.so
[2.052s] -- Up-to-date: /root/racecar_ws/install/vs_msgs/share/vs_msgs/msg/ConeLocation.idl
[2.052s] -- Up-to-date: /root/racecar_ws/install/vs_msgs/share/vs_msgs/msg/ConeLocationPixel.idl
[2.052s] -- Up-to-date: /root/racecar_ws/install/vs_msgs/share/vs_msgs/msg/ParkingError.idl
[2.053s] -- Up-to-date: /root/racecar_ws/install/vs_msgs/share/vs_msgs/msg/ConeLocation.msg
[2.053s] -- Up-to-date: /root/racecar_ws/install/vs_msgs/share/vs_msgs/msg/ConeLocationPixel.msg
[2.053s] -- Up-to-date: /root/racecar_ws/install/vs_msgs/share/vs_msgs/msg/ParkingError.msg
[2.053s] -- Up-to-date: /root/racecar_ws/install/vs_msgs/share/ament_index/resource_index/package_run_dependencies/vs_msgs
[2.053s] -- Up-to-date: /root/racecar_ws/install/vs_msgs/share/ament_index/resource_index/parent_prefix_path/vs_msgs
[2.054s] -- Up-to-date: /root/racecar_ws/install/vs_msgs/share/vs_msgs/environment/ament_prefix_path.sh
[2.054s] -- Up-to-date: /root/racecar_ws/install/vs_msgs/share/vs_msgs/environment/ament_prefix_path.dsv
[2.054s] -- Up-to-date: /root/racecar_ws/install/vs_msgs/share/vs_msgs/environment/path.sh
[2.054s] -- Up-to-date: /root/racecar_ws/install/vs_msgs/share/vs_msgs/environment/path.dsv
[2.055s] -- Up-to-date: /root/racecar_ws/install/vs_msgs/share/vs_msgs/local_setup.bash
[2.055s] -- Up-to-date: /root/racecar_ws/install/vs_msgs/share/vs_msgs/local_setup.sh
[2.055s] -- Up-to-date: /root/racecar_ws/install/vs_msgs/share/vs_msgs/local_setup.zsh
[2.055s] -- Up-to-date: /root/racecar_ws/install/vs_msgs/share/vs_msgs/local_setup.dsv
[2.055s] -- Installing: /root/racecar_ws/install/vs_msgs/share/vs_msgs/package.dsv
[2.056s] -- Up-to-date: /root/racecar_ws/install/vs_msgs/share/ament_index/resource_index/packages/vs_msgs
[2.056s] -- Up-to-date: /root/racecar_ws/install/vs_msgs/share/vs_msgs/cmake/export_vs_msgs__rosidl_generator_cExport.cmake
[2.056s] -- Up-to-date: /root/racecar_ws/install/vs_msgs/share/vs_msgs/cmake/export_vs_msgs__rosidl_generator_cExport-noconfig.cmake
[2.056s] -- Up-to-date: /root/racecar_ws/install/vs_msgs/share/vs_msgs/cmake/export_vs_msgs__rosidl_typesupport_fastrtps_cExport.cmake
[2.057s] -- Up-to-date: /root/racecar_ws/install/vs_msgs/share/vs_msgs/cmake/export_vs_msgs__rosidl_typesupport_fastrtps_cExport-noconfig.cmake
[2.057s] -- Up-to-date: /root/racecar_ws/install/vs_msgs/share/vs_msgs/cmake/vs_msgs__rosidl_typesupport_introspection_cExport.cmake
[2.057s] -- Up-to-date: /root/racecar_ws/install/vs_msgs/share/vs_msgs/cmake/vs_msgs__rosidl_typesupport_introspection_cExport-noconfig.cmake
[2.057s] -- Up-to-date: /root/racecar_ws/install/vs_msgs/share/vs_msgs/cmake/vs_msgs__rosidl_typesupport_cExport.cmake
[2.057s] -- Up-to-date: /root/racecar_ws/install/vs_msgs/share/vs_msgs/cmake/vs_msgs__rosidl_typesupport_cExport-noconfig.cmake
[2.057s] -- Up-to-date: /root/racecar_ws/install/vs_msgs/share/vs_msgs/cmake/export_vs_msgs__rosidl_generator_cppExport.cmake
[2.058s] -- Up-to-date: /root/racecar_ws/install/vs_msgs/share/vs_msgs/cmake/export_vs_msgs__rosidl_typesupport_fastrtps_cppExport.cmake
[2.058s] -- Up-to-date: /root/racecar_ws/install/vs_msgs/share/vs_msgs/cmake/export_vs_msgs__rosidl_typesupport_fastrtps_cppExport-noconfig.cmake
[2.058s] -- Up-to-date: /root/racecar_ws/install/vs_msgs/share/vs_msgs/cmake/vs_msgs__rosidl_typesupport_introspection_cppExport.cmake
[2.058s] -- Up-to-date: /root/racecar_ws/install/vs_msgs/share/vs_msgs/cmake/vs_msgs__rosidl_typesupport_introspection_cppExport-noconfig.cmake
[2.058s] -- Up-to-date: /root/racecar_ws/install/vs_msgs/share/vs_msgs/cmake/vs_msgs__rosidl_typesupport_cppExport.cmake
[2.058s] -- Up-to-date: /root/racecar_ws/install/vs_msgs/share/vs_msgs/cmake/vs_msgs__rosidl_typesupport_cppExport-noconfig.cmake
[2.059s] -- Up-to-date: /root/racecar_ws/install/vs_msgs/share/vs_msgs/cmake/export_vs_msgs__rosidl_generator_pyExport.cmake
[2.059s] -- Up-to-date: /root/racecar_ws/install/vs_msgs/share/vs_msgs/cmake/export_vs_msgs__rosidl_generator_pyExport-noconfig.cmake
[2.059s] -- Up-to-date: /root/racecar_ws/install/vs_msgs/share/vs_msgs/cmake/rosidl_cmake-extras.cmake
[2.059s] -- Up-to-date: /root/racecar_ws/install/vs_msgs/share/vs_msgs/cmake/ament_cmake_export_include_directories-extras.cmake
[2.059s] -- Up-to-date: /root/racecar_ws/install/vs_msgs/share/vs_msgs/cmake/ament_cmake_export_libraries-extras.cmake
[2.059s] -- Up-to-date: /root/racecar_ws/install/vs_msgs/share/vs_msgs/cmake/ament_cmake_export_targets-extras.cmake
[2.059s] -- Up-to-date: /root/racecar_ws/install/vs_msgs/share/vs_msgs/cmake/rosidl_cmake_export_typesupport_targets-extras.cmake
[2.060s] -- Up-to-date: /root/racecar_ws/install/vs_msgs/share/vs_msgs/cmake/ament_cmake_export_dependencies-extras.cmake
[2.060s] -- Up-to-date: /root/racecar_ws/install/vs_msgs/share/vs_msgs/cmake/rosidl_cmake_export_typesupport_libraries-extras.cmake
[2.060s] -- Up-to-date: /root/racecar_ws/install/vs_msgs/share/vs_msgs/cmake/vs_msgsConfig.cmake
[2.061s] -- Up-to-date: /root/racecar_ws/install/vs_msgs/share/vs_msgs/cmake/vs_msgsConfig-version.cmake
[2.062s] -- Up-to-date: /root/racecar_ws/install/vs_msgs/share/vs_msgs/package.xml
[2.063s] Invoked command in '/root/racecar_ws/build/vs_msgs' returned '0': CMAKE_PREFIX_PATH=${CMAKE_PREFIX_PATH}:/root/racecar_ws/install/ros_exercises:/root/racecar_ws/install/py_pubsub:/root/racecar_ws/install/labc_test1:/root/racecar_ws/install/wall_follower:/root/racecar_ws/install/visual_servoing:/root/racecar_ws/install/safety_controller:/root/racecar_ws/install/evaluation:/root/ros2_ws/install/racecar:/opt/ros/humble /usr/bin/cmake --install /root/racecar_ws/build/vs_msgs
