[3.097s] Invoking command in '/root/racecar_ws/build/safety_controller': PYTHONPATH=/root/racecar_ws/build/safety_controller/prefix_override:/usr/lib/python3/dist-packages/colcon_core/task/python/colcon_distutils_commands:/root/racecar_ws/install/safety_controller/lib/python3.10/site-packages:${PYTHONPATH} /usr/bin/python3 -W ignore:setup.py install is deprecated -W ignore:easy_install command is deprecated setup.py develop --editable --build-directory /root/racecar_ws/build/safety_controller/build --no-deps symlink_data
[3.774s] running develop
[3.941s] /usr/lib/python3/dist-packages/pkg_resources/__init__.py:116: PkgResourcesDeprecationWarning: 2.0.5-build-libtorrent-rasterbar-QyJODx-libtorrent-rasterbar-2.0.5-bindings-python is an invalid version and will not be supported in a future release
[3.941s]   warnings.warn(
[4.275s] running egg_info
[4.281s] creating safety_controller.egg-info
[4.281s] writing safety_controller.egg-info/PKG-INFO
[4.282s] writing dependency_links to safety_controller.egg-info/dependency_links.txt
[4.282s] writing entry points to safety_controller.egg-info/entry_points.txt
[4.282s] writing requirements to safety_controller.egg-info/requires.txt
[4.282s] writing top-level names to safety_controller.egg-info/top_level.txt
[4.283s] writing manifest file 'safety_controller.egg-info/SOURCES.txt'
[4.287s] reading manifest file 'safety_controller.egg-info/SOURCES.txt'
[4.288s] writing manifest file 'safety_controller.egg-info/SOURCES.txt'
[4.385s] running build_ext
[4.385s] Creating /root/racecar_ws/install/safety_controller/lib/python3.10/site-packages/safety-controller.egg-link (link to .)
[4.387s] Installing safety_controller script to /root/racecar_ws/install/safety_controller/lib/safety_controller
[4.388s] 
[4.388s] Installed /root/racecar_ws/build/safety_controller
[4.389s] running symlink_data
[4.389s] creating /root/racecar_ws/install/safety_controller/share/ament_index
[4.389s] creating /root/racecar_ws/install/safety_controller/share/ament_index/resource_index
[4.390s] creating /root/racecar_ws/install/safety_controller/share/ament_index/resource_index/packages
[4.390s] symbolically linking /root/racecar_ws/build/safety_controller/resource/safety_controller -> /root/racecar_ws/install/safety_controller/share/ament_index/resource_index/packages
[4.390s] symbolically linking /root/racecar_ws/build/safety_controller/package.xml -> /root/racecar_ws/install/safety_controller/share/safety_controller
[4.390s] symbolically linking /root/racecar_ws/build/safety_controller/safety_controller/params.yaml -> /root/racecar_ws/install/safety_controller/share/safety_controller
[4.390s] creating /root/racecar_ws/install/safety_controller/share/safety_controller/launch
[4.391s] symbolically linking /root/racecar_ws/build/safety_controller/launch/safety_controller.launch.xml -> /root/racecar_ws/install/safety_controller/share/safety_controller/launch
[4.545s] Invoked command in '/root/racecar_ws/build/safety_controller' returned '0': PYTHONPATH=/root/racecar_ws/build/safety_controller/prefix_override:/usr/lib/python3/dist-packages/colcon_core/task/python/colcon_distutils_commands:/root/racecar_ws/install/safety_controller/lib/python3.10/site-packages:${PYTHONPATH} /usr/bin/python3 -W ignore:setup.py install is deprecated -W ignore:easy_install command is deprecated setup.py develop --editable --build-directory /root/racecar_ws/build/safety_controller/build --no-deps symlink_data
