[1.934s] Invoking command in '/root/racecar_ws/src/visual_servoing/visual_servoing': PYTHONPATH=/root/racecar_ws/build/visual_servoing/prefix_override:/usr/lib/python3/dist-packages/colcon_core/task/python/colcon_distutils_commands:/root/racecar_ws/install/visual_servoing/lib/python3.10/site-packages:${PYTHONPATH} /usr/bin/python3 -W ignore:setup.py install is deprecated -W ignore:easy_install command is deprecated setup.py egg_info --egg-base ../../../build/visual_servoing build --build-base /root/racecar_ws/build/visual_servoing/build install --record /root/racecar_ws/build/visual_servoing/install.log --install-scripts $base/lib/visual_servoing --single-version-externally-managed install_data
[2.618s] /usr/lib/python3/dist-packages/setuptools/dist.py:723: UserWarning: Usage of dash-separated 'script-dir' will not be supported in future versions. Please use the underscore name 'script_dir' instead
[2.619s]   warnings.warn(
[2.641s] running egg_info
[2.643s] writing ../../../build/visual_servoing/visual_servoing.egg-info/PKG-INFO
[2.643s] writing dependency_links to ../../../build/visual_servoing/visual_servoing.egg-info/dependency_links.txt
[2.644s] writing entry points to ../../../build/visual_servoing/visual_servoing.egg-info/entry_points.txt
[2.644s] writing requirements to ../../../build/visual_servoing/visual_servoing.egg-info/requires.txt
[2.644s] writing top-level names to ../../../build/visual_servoing/visual_servoing.egg-info/top_level.txt
[2.650s] reading manifest file '../../../build/visual_servoing/visual_servoing.egg-info/SOURCES.txt'
[2.653s] writing manifest file '../../../build/visual_servoing/visual_servoing.egg-info/SOURCES.txt'
[2.653s] running build
[2.654s] running build_py
[2.654s] copying visual_servoing/homography_transformer.py -> /root/racecar_ws/build/visual_servoing/build/lib/visual_servoing
[2.655s] running install
[2.656s] running install_lib
[2.658s] copying /root/racecar_ws/build/visual_servoing/build/lib/visual_servoing/homography_transformer.py -> /root/racecar_ws/install/visual_servoing/lib/python3.10/site-packages/visual_servoing
[2.660s] byte-compiling /root/racecar_ws/install/visual_servoing/lib/python3.10/site-packages/visual_servoing/homography_transformer.py to homography_transformer.cpython-310.pyc
[2.662s] running install_data
[2.663s] running install_egg_info
[2.667s] removing '/root/racecar_ws/install/visual_servoing/lib/python3.10/site-packages/visual_servoing-0.0.0-py3.10.egg-info' (and everything under it)
[2.668s] Copying ../../../build/visual_servoing/visual_servoing.egg-info to /root/racecar_ws/install/visual_servoing/lib/python3.10/site-packages/visual_servoing-0.0.0-py3.10.egg-info
[2.670s] running install_scripts
[2.724s] Installing cone_detector script to /root/racecar_ws/install/visual_servoing/lib/visual_servoing
[2.724s] Installing cone_sim_marker script to /root/racecar_ws/install/visual_servoing/lib/visual_servoing
[2.725s] Installing homography_transformer script to /root/racecar_ws/install/visual_servoing/lib/visual_servoing
[2.725s] Installing parking_controller script to /root/racecar_ws/install/visual_servoing/lib/visual_servoing
[2.725s] Installing yolo_annotator script to /root/racecar_ws/install/visual_servoing/lib/visual_servoing
[2.726s] writing list of installed files to '/root/racecar_ws/build/visual_servoing/install.log'
[2.809s] Invoked command in '/root/racecar_ws/src/visual_servoing/visual_servoing' returned '0': PYTHONPATH=/root/racecar_ws/build/visual_servoing/prefix_override:/usr/lib/python3/dist-packages/colcon_core/task/python/colcon_distutils_commands:/root/racecar_ws/install/visual_servoing/lib/python3.10/site-packages:${PYTHONPATH} /usr/bin/python3 -W ignore:setup.py install is deprecated -W ignore:easy_install command is deprecated setup.py egg_info --egg-base ../../../build/visual_servoing build --build-base /root/racecar_ws/build/visual_servoing/build install --record /root/racecar_ws/build/visual_servoing/install.log --install-scripts $base/lib/visual_servoing --single-version-externally-managed install_data
