running develop
/usr/lib/python3/dist-packages/pkg_resources/__init__.py:116: PkgResourcesDeprecationWarning: 2.0.5-build-libtorrent-rasterbar-QyJODx-libtorrent-rasterbar-2.0.5-bindings-python is an invalid version and will not be supported in a future release
  warnings.warn(
Removing /root/racecar_ws/install/safety_controller/lib/python3.10/site-packages/safety-controller.egg-link (link to .)
running egg_info
writing ../../build/safety_controller/safety_controller.egg-info/PKG-INFO
writing dependency_links to ../../build/safety_controller/safety_controller.egg-info/dependency_links.txt
writing entry points to ../../build/safety_controller/safety_controller.egg-info/entry_points.txt
writing requirements to ../../build/safety_controller/safety_controller.egg-info/requires.txt
writing top-level names to ../../build/safety_controller/safety_controller.egg-info/top_level.txt
reading manifest file '../../build/safety_controller/safety_controller.egg-info/SOURCES.txt'
writing manifest file '../../build/safety_controller/safety_controller.egg-info/SOURCES.txt'
running build
running build_py
creating /root/racecar_ws/build/safety_controller/build
creating /root/racecar_ws/build/safety_controller/build/lib
creating /root/racecar_ws/build/safety_controller/build/lib/safety_controller
copying safety_controller/safety_controller.py -> /root/racecar_ws/build/safety_controller/build/lib/safety_controller
copying safety_controller/safety_controller_new.py -> /root/racecar_ws/build/safety_controller/build/lib/safety_controller
copying safety_controller/__init__.py -> /root/racecar_ws/build/safety_controller/build/lib/safety_controller
running install
running install_lib
creating /root/racecar_ws/install/safety_controller/lib/python3.10/site-packages/safety_controller
copying /root/racecar_ws/build/safety_controller/build/lib/safety_controller/safety_controller.py -> /root/racecar_ws/install/safety_controller/lib/python3.10/site-packages/safety_controller
copying /root/racecar_ws/build/safety_controller/build/lib/safety_controller/safety_controller_new.py -> /root/racecar_ws/install/safety_controller/lib/python3.10/site-packages/safety_controller
copying /root/racecar_ws/build/safety_controller/build/lib/safety_controller/__init__.py -> /root/racecar_ws/install/safety_controller/lib/python3.10/site-packages/safety_controller
byte-compiling /root/racecar_ws/install/safety_controller/lib/python3.10/site-packages/safety_controller/safety_controller.py to safety_controller.cpython-310.pyc
byte-compiling /root/racecar_ws/install/safety_controller/lib/python3.10/site-packages/safety_controller/safety_controller_new.py to safety_controller_new.cpython-310.pyc
byte-compiling /root/racecar_ws/install/safety_controller/lib/python3.10/site-packages/safety_controller/__init__.py to __init__.cpython-310.pyc
running install_data
copying resource/safety_controller -> /root/racecar_ws/install/safety_controller/share/ament_index/resource_index/packages
copying package.xml -> /root/racecar_ws/install/safety_controller/share/safety_controller
copying safety_controller/params.yaml -> /root/racecar_ws/install/safety_controller/share/safety_controller
copying launch/safety_controller.launch.xml -> /root/racecar_ws/install/safety_controller/share/safety_controller/launch
running install_egg_info
Copying ../../build/safety_controller/safety_controller.egg-info to /root/racecar_ws/install/safety_controller/lib/python3.10/site-packages/safety_controller-0.0.0-py3.10.egg-info
running install_scripts
Installing safety_controller script to /root/racecar_ws/install/safety_controller/lib/safety_controller
writing list of installed files to '/root/racecar_ws/build/safety_controller/install.log'
