[2.117s] Invoking command in '/root/racecar_ws/build/safety_controller': PYTHONPATH=/root/racecar_ws/build/safety_controller/prefix_override:/usr/lib/python3/dist-packages/colcon_core/task/python/colcon_distutils_commands:/root/racecar_ws/install/safety_controller/lib/python3.10/site-packages:${PYTHONPATH} /usr/bin/python3 -W ignore:setup.py install is deprecated -W ignore:easy_install command is deprecated setup.py develop --uninstall --editable --build-directory /root/racecar_ws/build/safety_controller/build
[2.946s] running develop
[3.155s] /usr/lib/python3/dist-packages/pkg_resources/__init__.py:116: PkgResourcesDeprecationWarning: 2.0.5-build-libtorrent-rasterbar-QyJODx-libtorrent-rasterbar-2.0.5-bindings-python is an invalid version and will not be supported in a future release
[3.155s]   warnings.warn(
[3.600s] Removing /root/racecar_ws/install/safety_controller/lib/python3.10/site-packages/safety-controller.egg-link (link to .)
[3.693s] Invoked command in '/root/racecar_ws/build/safety_controller' returned '0': PYTHONPATH=/root/racecar_ws/build/safety_controller/prefix_override:/usr/lib/python3/dist-packages/colcon_core/task/python/colcon_distutils_commands:/root/racecar_ws/install/safety_controller/lib/python3.10/site-packages:${PYTHONPATH} /usr/bin/python3 -W ignore:setup.py install is deprecated -W ignore:easy_install command is deprecated setup.py develop --uninstall --editable --build-directory /root/racecar_ws/build/safety_controller/build
[3.695s] Invoking command in '/root/racecar_ws/src/safety_controller': PYTHONPATH=/root/racecar_ws/build/safety_controller/prefix_override:/usr/lib/python3/dist-packages/colcon_core/task/python/colcon_distutils_commands:/root/racecar_ws/install/safety_controller/lib/python3.10/site-packages:${PYTHONPATH} /usr/bin/python3 -W ignore:setup.py install is deprecated -W ignore:easy_install command is deprecated setup.py egg_info --egg-base ../../build/safety_controller build --build-base /root/racecar_ws/build/safety_controller/build install --record /root/racecar_ws/build/safety_controller/install.log --single-version-externally-managed install_data --force
[4.659s] running egg_info
[4.661s] writing ../../build/safety_controller/safety_controller.egg-info/PKG-INFO
[4.676s] writing dependency_links to ../../build/safety_controller/safety_controller.egg-info/dependency_links.txt
[4.676s] writing entry points to ../../build/safety_controller/safety_controller.egg-info/entry_points.txt
[4.677s] writing requirements to ../../build/safety_controller/safety_controller.egg-info/requires.txt
[4.677s] writing top-level names to ../../build/safety_controller/safety_controller.egg-info/top_level.txt
[4.682s] reading manifest file '../../build/safety_controller/safety_controller.egg-info/SOURCES.txt'
[4.684s] writing manifest file '../../build/safety_controller/safety_controller.egg-info/SOURCES.txt'
[4.684s] running build
[4.684s] running build_py
[4.685s] creating /root/racecar_ws/build/safety_controller/build
[4.685s] creating /root/racecar_ws/build/safety_controller/build/lib
[4.685s] creating /root/racecar_ws/build/safety_controller/build/lib/safety_controller
[4.685s] copying safety_controller/safety_controller.py -> /root/racecar_ws/build/safety_controller/build/lib/safety_controller
[4.690s] copying safety_controller/safety_controller_new.py -> /root/racecar_ws/build/safety_controller/build/lib/safety_controller
[4.692s] copying safety_controller/__init__.py -> /root/racecar_ws/build/safety_controller/build/lib/safety_controller
[4.693s] running install
[4.693s] running install_lib
[4.695s] creating /root/racecar_ws/install/safety_controller/lib/python3.10/site-packages/safety_controller
[4.695s] copying /root/racecar_ws/build/safety_controller/build/lib/safety_controller/safety_controller.py -> /root/racecar_ws/install/safety_controller/lib/python3.10/site-packages/safety_controller
[4.696s] copying /root/racecar_ws/build/safety_controller/build/lib/safety_controller/safety_controller_new.py -> /root/racecar_ws/install/safety_controller/lib/python3.10/site-packages/safety_controller
[4.696s] copying /root/racecar_ws/build/safety_controller/build/lib/safety_controller/__init__.py -> /root/racecar_ws/install/safety_controller/lib/python3.10/site-packages/safety_controller
[4.697s] byte-compiling /root/racecar_ws/install/safety_controller/lib/python3.10/site-packages/safety_controller/safety_controller.py to safety_controller.cpython-310.pyc
[4.701s] byte-compiling /root/racecar_ws/install/safety_controller/lib/python3.10/site-packages/safety_controller/safety_controller_new.py to safety_controller_new.cpython-310.pyc
[4.704s] byte-compiling /root/racecar_ws/install/safety_controller/lib/python3.10/site-packages/safety_controller/__init__.py to __init__.cpython-310.pyc
[4.704s] running install_data
[4.705s] copying resource/safety_controller -> /root/racecar_ws/install/safety_controller/share/ament_index/resource_index/packages
[4.705s] copying package.xml -> /root/racecar_ws/install/safety_controller/share/safety_controller
[4.705s] copying safety_controller/params.yaml -> /root/racecar_ws/install/safety_controller/share/safety_controller
[4.716s] copying launch/safety_controller.launch.xml -> /root/racecar_ws/install/safety_controller/share/safety_controller/launch
[4.717s] running install_egg_info
[4.722s] Copying ../../build/safety_controller/safety_controller.egg-info to /root/racecar_ws/install/safety_controller/lib/python3.10/site-packages/safety_controller-0.0.0-py3.10.egg-info
[4.730s] running install_scripts
[4.846s] Installing safety_controller script to /root/racecar_ws/install/safety_controller/lib/safety_controller
[4.850s] writing list of installed files to '/root/racecar_ws/build/safety_controller/install.log'
[4.939s] Invoked command in '/root/racecar_ws/src/safety_controller' returned '0': PYTHONPATH=/root/racecar_ws/build/safety_controller/prefix_override:/usr/lib/python3/dist-packages/colcon_core/task/python/colcon_distutils_commands:/root/racecar_ws/install/safety_controller/lib/python3.10/site-packages:${PYTHONPATH} /usr/bin/python3 -W ignore:setup.py install is deprecated -W ignore:easy_install command is deprecated setup.py egg_info --egg-base ../../build/safety_controller build --build-base /root/racecar_ws/build/safety_controller/build install --record /root/racecar_ws/build/safety_controller/install.log --single-version-externally-managed install_data --force
