[3.261s] Invoking command in '/root/racecar_ws/build/wall_follower': PYTHONPATH=/root/racecar_ws/build/wall_follower/prefix_override:/usr/lib/python3/dist-packages/colcon_core/task/python/colcon_distutils_commands:/root/racecar_ws/install/wall_follower/lib/python3.10/site-packages:${PYTHONPATH} /usr/bin/python3 -W ignore:setup.py install is deprecated -W ignore:easy_install command is deprecated setup.py develop --editable --build-directory /root/racecar_ws/build/wall_follower/build --no-deps symlink_data
[3.974s] running develop
[4.145s] /usr/lib/python3/dist-packages/pkg_resources/__init__.py:116: PkgResourcesDeprecationWarning: 2.0.5-build-libtorrent-rasterbar-QyJODx-libtorrent-rasterbar-2.0.5-bindings-python is an invalid version and will not be supported in a future release
[4.145s]   warnings.warn(
[4.489s] running egg_info
[4.489s] writing wall_follower.egg-info/PKG-INFO
[4.490s] writing dependency_links to wall_follower.egg-info/dependency_links.txt
[4.490s] writing entry points to wall_follower.egg-info/entry_points.txt
[4.491s] writing requirements to wall_follower.egg-info/requires.txt
[4.492s] writing top-level names to wall_follower.egg-info/top_level.txt
[4.496s] reading manifest file 'wall_follower.egg-info/SOURCES.txt'
[4.501s] writing manifest file 'wall_follower.egg-info/SOURCES.txt'
[4.601s] running build_ext
[4.601s] Creating /root/racecar_ws/install/wall_follower/lib/python3.10/site-packages/wall-follower.egg-link (link to .)
[4.604s] Installing test_wall_follower script to /root/racecar_ws/install/wall_follower/lib/wall_follower
[4.605s] Installing viz_example script to /root/racecar_ws/install/wall_follower/lib/wall_follower
[4.605s] Installing wall_follower script to /root/racecar_ws/install/wall_follower/lib/wall_follower
[4.605s] 
[4.606s] Installed /root/racecar_ws/build/wall_follower
[4.606s] running symlink_data
[4.779s] Invoked command in '/root/racecar_ws/build/wall_follower' returned '0': PYTHONPATH=/root/racecar_ws/build/wall_follower/prefix_override:/usr/lib/python3/dist-packages/colcon_core/task/python/colcon_distutils_commands:/root/racecar_ws/install/wall_follower/lib/python3.10/site-packages:${PYTHONPATH} /usr/bin/python3 -W ignore:setup.py install is deprecated -W ignore:easy_install command is deprecated setup.py develop --editable --build-directory /root/racecar_ws/build/wall_follower/build --no-deps symlink_data
