[0.103s] Invoking command in '/root/racecar_ws/build/custom_msgs': CMAKE_PREFIX_PATH=${CMAKE_PREFIX_PATH}:/root/racecar_ws/install/wall_follower:/root/racecar_ws/install/visual_servoing:/root/racecar_ws/install/safety_controller:/root/racecar_ws/install/evaluation:/root/ros2_ws/install/racecar:/opt/ros/humble /usr/bin/cmake /root/racecar_ws/src/lab1c/custom_msgs -DAMENT_CMAKE_SYMLINK_INSTALL=1 -DCMAKE_INSTALL_PREFIX=/root/racecar_ws/install/custom_msgs
[3.305s] -- The C compiler identification is GNU 11.4.0
[3.305s] -- The CXX compiler identification is GNU 11.4.0
[3.306s] -- Detecting C compiler ABI info
[3.306s] -- Detecting C compiler ABI info - done
[3.307s] -- Check for working C compiler: /usr/bin/cc - skipped
[3.307s] -- Detecting C compile features
[3.308s] -- Detecting C compile features - done
[3.308s] -- Detecting CXX compiler ABI info
[3.308s] -- Detecting CXX compiler ABI info - done
[3.308s] -- Check for working CXX compiler: /usr/bin/c++ - skipped
[3.309s] -- Detecting CXX compile features
[3.309s] -- Detecting CXX compile features - done
[3.309s] -- Found ament_cmake: 1.3.12 (/opt/ros/humble/share/ament_cmake/cmake)
[3.309s] -- Found Python3: /usr/bin/python3 (found version "3.10.12") found components: Interpreter 
[3.309s] -- Override CMake install command with custom implementation using symlinks instead of copying resources
[3.309s] -- Found ament_lint_auto: 0.12.14 (/opt/ros/humble/share/ament_lint_auto/cmake)
[3.309s] -- Found rosidl_default_generators: 1.2.0 (/opt/ros/humble/share/rosidl_default_generators/cmake)
[3.310s] -- Using all available rosidl_typesupport_c: rosidl_typesupport_fastrtps_c;rosidl_typesupport_introspection_c
[3.310s] -- Found rosidl_adapter: 3.1.8 (/opt/ros/humble/share/rosidl_adapter/cmake)
[3.310s] -- Using all available rosidl_typesupport_cpp: rosidl_typesupport_fastrtps_cpp;rosidl_typesupport_introspection_cpp
[3.311s] -- Found ament_cmake_ros: 0.10.0 (/opt/ros/humble/share/ament_cmake_ros/cmake)
[3.311s] -- Using all available rosidl_typesupport_c: rosidl_typesupport_fastrtps_c;rosidl_typesupport_introspection_c
[4.045s] -- Using all available rosidl_typesupport_cpp: rosidl_typesupport_fastrtps_cpp;rosidl_typesupport_introspection_cpp
[4.145s] -- Found PythonInterp: /usr/bin/python3 (found suitable version "3.10.12", minimum required is "3.6") 
[4.159s] -- Found python_cmake_module: 0.10.0 (/opt/ros/humble/share/python_cmake_module/cmake)
[4.266s] -- Found PythonLibs: /usr/lib/aarch64-linux-gnu/libpython3.10.so (found suitable version "3.10.12", minimum required is "3.5") 
[4.266s] -- Using PYTHON_EXECUTABLE: /usr/bin/python3
[4.267s] -- Using PYTHON_INCLUDE_DIRS: /usr/include/python3.10
[4.267s] -- Using PYTHON_LIBRARIES: /usr/lib/aarch64-linux-gnu/libpython3.10.so
[4.467s] -- Found PythonExtra: .so  
[4.582s] -- Added test 'lint_cmake' to check CMake code style
[4.585s] -- Added test 'xmllint' to check XML markup files
[4.600s] -- Configuring done
[4.667s] -- Generating done
[4.689s] -- Build files have been written to: /root/racecar_ws/build/custom_msgs
[4.715s] Invoked command in '/root/racecar_ws/build/custom_msgs' returned '0': CMAKE_PREFIX_PATH=${CMAKE_PREFIX_PATH}:/root/racecar_ws/install/wall_follower:/root/racecar_ws/install/visual_servoing:/root/racecar_ws/install/safety_controller:/root/racecar_ws/install/evaluation:/root/ros2_ws/install/racecar:/opt/ros/humble /usr/bin/cmake /root/racecar_ws/src/lab1c/custom_msgs -DAMENT_CMAKE_SYMLINK_INSTALL=1 -DCMAKE_INSTALL_PREFIX=/root/racecar_ws/install/custom_msgs
[4.716s] Invoking command in '/root/racecar_ws/build/custom_msgs': CMAKE_PREFIX_PATH=${CMAKE_PREFIX_PATH}:/root/racecar_ws/install/wall_follower:/root/racecar_ws/install/visual_servoing:/root/racecar_ws/install/safety_controller:/root/racecar_ws/install/evaluation:/root/ros2_ws/install/racecar:/opt/ros/humble /usr/bin/cmake --build /root/racecar_ws/build/custom_msgs -- -j6 -l6
[4.958s] [  3%] [34m[1mGenerating C code for ROS interfaces[0m
[5.008s] [  6%] [34m[1mGenerating C++ code for ROS interfaces[0m
[5.073s] [  6%] Built target ament_cmake_python_symlink_custom_msgs
[5.943s] [  9%] [32mBuilding C object CMakeFiles/custom_msgs__rosidl_generator_c.dir/rosidl_generator_c/custom_msgs/msg/detail/open_space__functions.c.o[0m
[6.223s] [  9%] Built target custom_msgs__cpp
[6.247s] [ 12%] [32m[1mLinking C shared library libcustom_msgs__rosidl_generator_c.so[0m
[6.328s] [ 16%] [34m[1mGenerating C++ type support dispatch for ROS interfaces[0m
[6.351s] [ 19%] [34m[1mGenerating C++ type support for eProsima Fast-RTPS[0m
[6.361s] [ 22%] [34m[1mGenerating C++ introspection for ROS interfaces[0m
[6.524s] [ 22%] Built target custom_msgs__rosidl_generator_c
[6.666s] [ 25%] [34m[1mGenerating C type support for eProsima Fast-RTPS[0m
[6.693s] [ 29%] [34m[1mGenerating C introspection for ROS interfaces[0m
[6.936s] running egg_info
[6.952s] creating custom_msgs.egg-info
[6.953s] writing custom_msgs.egg-info/PKG-INFO
[6.953s] writing dependency_links to custom_msgs.egg-info/dependency_links.txt
[6.954s] writing top-level names to custom_msgs.egg-info/top_level.txt
[6.955s] writing manifest file 'custom_msgs.egg-info/SOURCES.txt'
[6.985s] reading manifest file 'custom_msgs.egg-info/SOURCES.txt'
[6.992s] writing manifest file 'custom_msgs.egg-info/SOURCES.txt'
[7.196s] [ 29%] Built target ament_cmake_python_build_custom_msgs_egg
[7.306s] [ 32%] [34m[1mGenerating C type support dispatch for ROS interfaces[0m
[7.365s] [ 35%] [32mBuilding CXX object CMakeFiles/custom_msgs__rosidl_typesupport_fastrtps_cpp.dir/rosidl_typesupport_fastrtps_cpp/custom_msgs/msg/detail/dds_fastrtps/open_space__type_support.cpp.o[0m
[7.909s] [ 38%] [32mBuilding CXX object CMakeFiles/custom_msgs__rosidl_typesupport_introspection_cpp.dir/rosidl_typesupport_introspection_cpp/custom_msgs/msg/detail/open_space__type_support.cpp.o[0m
[8.274s] [ 41%] [32mBuilding CXX object CMakeFiles/custom_msgs__rosidl_typesupport_fastrtps_c.dir/rosidl_typesupport_fastrtps_c/custom_msgs/msg/detail/open_space__type_support_c.cpp.o[0m
[8.533s] [ 45%] [32mBuilding CXX object CMakeFiles/custom_msgs__rosidl_typesupport_cpp.dir/rosidl_typesupport_cpp/custom_msgs/msg/open_space__type_support.cpp.o[0m
[8.678s] [ 48%] [32mBuilding CXX object CMakeFiles/custom_msgs__rosidl_typesupport_c.dir/rosidl_typesupport_c/custom_msgs/msg/open_space__type_support.cpp.o[0m
[8.881s] [ 51%] [32mBuilding C object CMakeFiles/custom_msgs__rosidl_typesupport_introspection_c.dir/rosidl_typesupport_introspection_c/custom_msgs/msg/detail/open_space__type_support.c.o[0m
[8.957s] [ 54%] [32m[1mLinking CXX shared library libcustom_msgs__rosidl_typesupport_c.so[0m
[9.047s] [ 58%] [32m[1mLinking C shared library libcustom_msgs__rosidl_typesupport_introspection_c.so[0m
[9.089s] [ 61%] [32m[1mLinking CXX shared library libcustom_msgs__rosidl_typesupport_fastrtps_cpp.so[0m
[9.163s] [ 64%] [32m[1mLinking CXX shared library libcustom_msgs__rosidl_typesupport_introspection_cpp.so[0m
[9.215s] [ 64%] Built target custom_msgs__rosidl_typesupport_c
[9.307s] [ 64%] Built target custom_msgs__rosidl_typesupport_introspection_c
[9.445s] [ 64%] Built target custom_msgs__rosidl_typesupport_fastrtps_cpp
[9.500s] [ 64%] Built target custom_msgs__rosidl_typesupport_introspection_cpp
[9.519s] [ 67%] [32m[1mLinking CXX shared library libcustom_msgs__rosidl_typesupport_cpp.so[0m
[9.646s] [ 67%] Built target custom_msgs__rosidl_typesupport_cpp
[9.831s] [ 70%] [32m[1mLinking CXX shared library libcustom_msgs__rosidl_typesupport_fastrtps_c.so[0m
[10.013s] [ 70%] Built target custom_msgs__rosidl_typesupport_fastrtps_c
[10.067s] [ 70%] Built target custom_msgs
[10.125s] [ 74%] [34m[1mGenerating Python code for ROS interfaces[0m
[10.783s] [ 74%] Built target custom_msgs__py
[10.845s] [ 77%] [32mBuilding C object CMakeFiles/custom_msgs__rosidl_generator_py.dir/rosidl_generator_py/custom_msgs/msg/_open_space_s.c.o[0m
[11.078s] [ 80%] [32m[1mLinking C shared library rosidl_generator_py/custom_msgs/libcustom_msgs__rosidl_generator_py.so[0m
[11.186s] [ 80%] Built target custom_msgs__rosidl_generator_py
[11.244s] [ 87%] [32mBuilding C object CMakeFiles/custom_msgs__rosidl_typesupport_introspection_c__pyext.dir/rosidl_generator_py/custom_msgs/_custom_msgs_s.ep.rosidl_typesupport_introspection_c.c.o[0m
[11.244s] [ 87%] [32mBuilding C object CMakeFiles/custom_msgs__rosidl_typesupport_fastrtps_c__pyext.dir/rosidl_generator_py/custom_msgs/_custom_msgs_s.ep.rosidl_typesupport_fastrtps_c.c.o[0m
[11.254s] [ 90%] [32mBuilding C object CMakeFiles/custom_msgs__rosidl_typesupport_c__pyext.dir/rosidl_generator_py/custom_msgs/_custom_msgs_s.ep.rosidl_typesupport_c.c.o[0m
[11.463s] [ 93%] [32m[1mLinking C shared library rosidl_generator_py/custom_msgs/custom_msgs_s__rosidl_typesupport_c.cpython-310-aarch64-linux-gnu.so[0m
[11.471s] [ 96%] [32m[1mLinking C shared library rosidl_generator_py/custom_msgs/custom_msgs_s__rosidl_typesupport_introspection_c.cpython-310-aarch64-linux-gnu.so[0m
[11.495s] [100%] [32m[1mLinking C shared library rosidl_generator_py/custom_msgs/custom_msgs_s__rosidl_typesupport_fastrtps_c.cpython-310-aarch64-linux-gnu.so[0m
[11.560s] [100%] Built target custom_msgs__rosidl_typesupport_introspection_c__pyext
[11.564s] [100%] Built target custom_msgs__rosidl_typesupport_c__pyext
[11.580s] [100%] Built target custom_msgs__rosidl_typesupport_fastrtps_c__pyext
