[0.621s] Invoking command in '/home/racecar/racecar_ws/src/build/py_pubsub': PYTHONPATH=/home/racecar/racecar_ws/src/build/py_pubsub/prefix_override:/usr/lib/python3/dist-packages/colcon_core/task/python/colcon_distutils_commands:/home/racecar/racecar_ws/src/install/py_pubsub/lib/python3.10/site-packages:${PYTHONPATH} /usr/bin/python3 -W ignore:setup.py install is deprecated -W ignore:easy_install command is deprecated setup.py develop --editable --build-directory /home/racecar/racecar_ws/src/build/py_pubsub/build --no-deps symlink_data
[0.782s] running develop
[0.874s] running egg_info
[0.876s] creating py_pubsub.egg-info
[0.877s] writing py_pubsub.egg-info/PKG-INFO
[0.878s] writing dependency_links to py_pubsub.egg-info/dependency_links.txt
[0.880s] writing entry points to py_pubsub.egg-info/entry_points.txt
[0.880s] writing requirements to py_pubsub.egg-info/requires.txt
[0.880s] writing top-level names to py_pubsub.egg-info/top_level.txt
[0.882s] writing manifest file 'py_pubsub.egg-info/SOURCES.txt'
[0.885s] reading manifest file 'py_pubsub.egg-info/SOURCES.txt'
[0.887s] writing manifest file 'py_pubsub.egg-info/SOURCES.txt'
[0.913s] running build_ext
[0.913s] Creating /home/racecar/racecar_ws/src/install/py_pubsub/lib/python3.10/site-packages/py-pubsub.egg-link (link to .)
[0.916s] Installing listener script to /home/racecar/racecar_ws/src/install/py_pubsub/lib/py_pubsub
[0.917s] Installing talker script to /home/racecar/racecar_ws/src/install/py_pubsub/lib/py_pubsub
[0.919s] 
[0.919s] Installed /home/racecar/racecar_ws/src/build/py_pubsub
[0.920s] running symlink_data
[0.921s] creating /home/racecar/racecar_ws/src/install/py_pubsub/share/ament_index
[0.924s] creating /home/racecar/racecar_ws/src/install/py_pubsub/share/ament_index/resource_index
[0.925s] creating /home/racecar/racecar_ws/src/install/py_pubsub/share/ament_index/resource_index/packages
[0.925s] symbolically linking /home/racecar/racecar_ws/src/build/py_pubsub/resource/py_pubsub -> /home/racecar/racecar_ws/src/install/py_pubsub/share/ament_index/resource_index/packages
[0.925s] symbolically linking /home/racecar/racecar_ws/src/build/py_pubsub/package.xml -> /home/racecar/racecar_ws/src/install/py_pubsub/share/py_pubsub
[0.949s] Invoked command in '/home/racecar/racecar_ws/src/build/py_pubsub' returned '0': PYTHONPATH=/home/racecar/racecar_ws/src/build/py_pubsub/prefix_override:/usr/lib/python3/dist-packages/colcon_core/task/python/colcon_distutils_commands:/home/racecar/racecar_ws/src/install/py_pubsub/lib/python3.10/site-packages:${PYTHONPATH} /usr/bin/python3 -W ignore:setup.py install is deprecated -W ignore:easy_install command is deprecated setup.py develop --editable --build-directory /home/racecar/racecar_ws/src/build/py_pubsub/build --no-deps symlink_data
