[0.292s] [34mcolcon[0m [1;30mDEBUG[0m [32mCommand line arguments: ['/usr/bin/colcon', 'build', '--symlink-install'][0m
[0.292s] [34mcolcon[0m [1;30mDEBUG[0m [32mParsed command line arguments: Namespace(log_base=None, log_level=None, verb_name='build', build_base='build', install_base='install', merge_install=False, symlink_install=True, test_result_base=None, continue_on_error=False, executor='parallel', parallel_workers=6, event_handlers=None, ignore_user_meta=False, metas=['./colcon.meta'], base_paths=['.'], packages_ignore=None, packages_ignore_regex=None, paths=None, packages_up_to=None, packages_up_to_regex=None, packages_above=None, packages_above_and_dependencies=None, packages_above_depth=None, packages_select_by_dep=None, packages_skip_by_dep=None, packages_skip_up_to=None, packages_select_build_failed=False, packages_skip_build_finished=False, packages_select_test_failures=False, packages_skip_test_passed=False, packages_select=None, packages_skip=None, packages_select_regex=None, packages_skip_regex=None, packages_start=None, packages_end=None, allow_overriding=[], cmake_args=None, cmake_target=None, cmake_target_skip_unavailable=False, cmake_clean_cache=False, cmake_clean_first=False, cmake_force_configure=False, ament_cmake_args=None, catkin_cmake_args=None, catkin_skip_building_tests=False, mixin_files=None, mixin=None, verb_parser=<colcon_mixin.mixin.mixin_argument.MixinArgumentDecorator object at 0xffff7db6f2b0>, verb_extension=<colcon_core.verb.build.BuildVerb object at 0xffff7dcc8310>, main=<bound method BuildVerb.main of <colcon_core.verb.build.BuildVerb object at 0xffff7dcc8310>>, mixin_verb=('build',))[0m
[0.755s] [34mcolcon.colcon_core.package_discovery[0m [1;30mLevel 1[0m discover_packages(colcon_meta) check parameters
[0.756s] [34mcolcon.colcon_core.package_discovery[0m [1;30mLevel 1[0m discover_packages(recursive) check parameters
[0.756s] [34mcolcon.colcon_core.package_discovery[0m [1;30mLevel 1[0m discover_packages(ignore) check parameters
[0.756s] [34mcolcon.colcon_core.package_discovery[0m [1;30mLevel 1[0m discover_packages(path) check parameters
[0.756s] [34mcolcon.colcon_core.package_discovery[0m [1;30mLevel 1[0m discover_packages(colcon_meta) discover
[0.756s] [34mcolcon.colcon_core.package_discovery[0m [1;30mLevel 1[0m discover_packages(recursive) discover
[0.756s] [34mcolcon.colcon_core.package_discovery[0m [1;30mINFO[0m Crawling recursively for packages in '/root/racecar_ws'
[0.757s] [34mcolcon.colcon_core.package_identification[0m [1;30mLevel 1[0m _identify(.) by extensions ['ignore', 'ignore_ament_install']
[0.757s] [34mcolcon.colcon_core.package_identification[0m [1;30mLevel 1[0m _identify(.) by extension 'ignore'
[0.757s] [34mcolcon.colcon_core.package_identification[0m [1;30mLevel 1[0m _identify(.) by extension 'ignore_ament_install'
[0.757s] [34mcolcon.colcon_core.package_identification[0m [1;30mLevel 1[0m _identify(.) by extensions ['colcon_pkg']
[0.757s] [34mcolcon.colcon_core.package_identification[0m [1;30mLevel 1[0m _identify(.) by extension 'colcon_pkg'
[0.757s] [34mcolcon.colcon_core.package_identification[0m [1;30mLevel 1[0m _identify(.) by extensions ['colcon_meta']
[0.757s] [34mcolcon.colcon_core.package_identification[0m [1;30mLevel 1[0m _identify(.) by extension 'colcon_meta'
[0.758s] [34mcolcon.colcon_core.package_identification[0m [1;30mLevel 1[0m _identify(.) by extensions ['ros']
[0.758s] [34mcolcon.colcon_core.package_identification[0m [1;30mLevel 1[0m _identify(.) by extension 'ros'
[0.810s] [34mcolcon.colcon_core.package_identification[0m [1;30mLevel 1[0m _identify(.) by extensions ['cmake', 'python']
[0.810s] [34mcolcon.colcon_core.package_identification[0m [1;30mLevel 1[0m _identify(.) by extension 'cmake'
[0.810s] [34mcolcon.colcon_core.package_identification[0m [1;30mLevel 1[0m _identify(.) by extension 'python'
[0.810s] [34mcolcon.colcon_core.package_identification[0m [1;30mLevel 1[0m _identify(.) by extensions ['python_setup_py']
[0.810s] [34mcolcon.colcon_core.package_identification[0m [1;30mLevel 1[0m _identify(.) by extension 'python_setup_py'
[0.811s] [34mcolcon.colcon_core.package_identification[0m [1;30mLevel 1[0m _identify(build) by extensions ['ignore', 'ignore_ament_install']
[0.811s] [34mcolcon.colcon_core.package_identification[0m [1;30mLevel 1[0m _identify(build) by extension 'ignore'
[0.811s] [34mcolcon.colcon_core.package_identification[0m [1;30mLevel 1[0m _identify(build) ignored
[0.811s] [34mcolcon.colcon_core.package_identification[0m [1;30mLevel 1[0m _identify(install) by extensions ['ignore', 'ignore_ament_install']
[0.812s] [34mcolcon.colcon_core.package_identification[0m [1;30mLevel 1[0m _identify(install) by extension 'ignore'
[0.812s] [34mcolcon.colcon_core.package_identification[0m [1;30mLevel 1[0m _identify(install) ignored
[0.812s] [34mcolcon.colcon_core.package_identification[0m [1;30mLevel 1[0m _identify(log) by extensions ['ignore', 'ignore_ament_install']
[0.812s] [34mcolcon.colcon_core.package_identification[0m [1;30mLevel 1[0m _identify(log) by extension 'ignore'
[0.812s] [34mcolcon.colcon_core.package_identification[0m [1;30mLevel 1[0m _identify(log) ignored
[0.812s] [34mcolcon.colcon_core.package_identification[0m [1;30mLevel 1[0m _identify(src) by extensions ['ignore', 'ignore_ament_install']
[0.813s] [34mcolcon.colcon_core.package_identification[0m [1;30mLevel 1[0m _identify(src) by extension 'ignore'
[0.813s] [34mcolcon.colcon_core.package_identification[0m [1;30mLevel 1[0m _identify(src) by extension 'ignore_ament_install'
[0.813s] [34mcolcon.colcon_core.package_identification[0m [1;30mLevel 1[0m _identify(src) by extensions ['colcon_pkg']
[0.813s] [34mcolcon.colcon_core.package_identification[0m [1;30mLevel 1[0m _identify(src) by extension 'colcon_pkg'
[0.813s] [34mcolcon.colcon_core.package_identification[0m [1;30mLevel 1[0m _identify(src) by extensions ['colcon_meta']
[0.813s] [34mcolcon.colcon_core.package_identification[0m [1;30mLevel 1[0m _identify(src) by extension 'colcon_meta'
[0.813s] [34mcolcon.colcon_core.package_identification[0m [1;30mLevel 1[0m _identify(src) by extensions ['ros']
[0.813s] [34mcolcon.colcon_core.package_identification[0m [1;30mLevel 1[0m _identify(src) by extension 'ros'
[0.813s] [34mcolcon.colcon_core.package_identification[0m [1;30mLevel 1[0m _identify(src) by extensions ['cmake', 'python']
[0.814s] [34mcolcon.colcon_core.package_identification[0m [1;30mLevel 1[0m _identify(src) by extension 'cmake'
[0.814s] [34mcolcon.colcon_core.package_identification[0m [1;30mLevel 1[0m _identify(src) by extension 'python'
[0.814s] [34mcolcon.colcon_core.package_identification[0m [1;30mLevel 1[0m _identify(src) by extensions ['python_setup_py']
[0.814s] [34mcolcon.colcon_core.package_identification[0m [1;30mLevel 1[0m _identify(src) by extension 'python_setup_py'
[0.814s] [34mcolcon.colcon_core.package_identification[0m [1;30mLevel 1[0m _identify(src/lab1c) by extensions ['ignore', 'ignore_ament_install']
[0.814s] [34mcolcon.colcon_core.package_identification[0m [1;30mLevel 1[0m _identify(src/lab1c) by extension 'ignore'
[0.814s] [34mcolcon.colcon_core.package_identification[0m [1;30mLevel 1[0m _identify(src/lab1c) by extension 'ignore_ament_install'
[0.814s] [34mcolcon.colcon_core.package_identification[0m [1;30mLevel 1[0m _identify(src/lab1c) by extensions ['colcon_pkg']
[0.814s] [34mcolcon.colcon_core.package_identification[0m [1;30mLevel 1[0m _identify(src/lab1c) by extension 'colcon_pkg'
[0.815s] [34mcolcon.colcon_core.package_identification[0m [1;30mLevel 1[0m _identify(src/lab1c) by extensions ['colcon_meta']
[0.815s] [34mcolcon.colcon_core.package_identification[0m [1;30mLevel 1[0m _identify(src/lab1c) by extension 'colcon_meta'
[0.815s] [34mcolcon.colcon_core.package_identification[0m [1;30mLevel 1[0m _identify(src/lab1c) by extensions ['ros']
[0.815s] [34mcolcon.colcon_core.package_identification[0m [1;30mLevel 1[0m _identify(src/lab1c) by extension 'ros'
[0.815s] [34mcolcon.colcon_core.package_identification[0m [1;30mLevel 1[0m _identify(src/lab1c) by extensions ['cmake', 'python']
[0.815s] [34mcolcon.colcon_core.package_identification[0m [1;30mLevel 1[0m _identify(src/lab1c) by extension 'cmake'
[0.815s] [34mcolcon.colcon_core.package_identification[0m [1;30mLevel 1[0m _identify(src/lab1c) by extension 'python'
[0.815s] [34mcolcon.colcon_core.package_identification[0m [1;30mLevel 1[0m _identify(src/lab1c) by extensions ['python_setup_py']
[0.815s] [34mcolcon.colcon_core.package_identification[0m [1;30mLevel 1[0m _identify(src/lab1c) by extension 'python_setup_py'
[0.816s] [34mcolcon.colcon_core.package_identification[0m [1;30mLevel 1[0m _identify(src/lab1c/custom_msgs) by extensions ['ignore', 'ignore_ament_install']
[0.816s] [34mcolcon.colcon_core.package_identification[0m [1;30mLevel 1[0m _identify(src/lab1c/custom_msgs) by extension 'ignore'
[0.816s] [34mcolcon.colcon_core.package_identification[0m [1;30mLevel 1[0m _identify(src/lab1c/custom_msgs) by extension 'ignore_ament_install'
[0.816s] [34mcolcon.colcon_core.package_identification[0m [1;30mLevel 1[0m _identify(src/lab1c/custom_msgs) by extensions ['colcon_pkg']
[0.816s] [34mcolcon.colcon_core.package_identification[0m [1;30mLevel 1[0m _identify(src/lab1c/custom_msgs) by extension 'colcon_pkg'
[0.816s] [34mcolcon.colcon_core.package_identification[0m [1;30mLevel 1[0m _identify(src/lab1c/custom_msgs) by extensions ['colcon_meta']
[0.816s] [34mcolcon.colcon_core.package_identification[0m [1;30mLevel 1[0m _identify(src/lab1c/custom_msgs) by extension 'colcon_meta'
[0.816s] [34mcolcon.colcon_core.package_identification[0m [1;30mLevel 1[0m _identify(src/lab1c/custom_msgs) by extensions ['ros']
[0.816s] [34mcolcon.colcon_core.package_identification[0m [1;30mLevel 1[0m _identify(src/lab1c/custom_msgs) by extension 'ros'
[0.822s] [34mcolcon.colcon_core.package_identification[0m [1;30mDEBUG[0m [32mPackage 'src/lab1c/custom_msgs' with type 'ros.ament_cmake' and name 'custom_msgs'[0m
[0.823s] [34mcolcon.colcon_core.package_identification[0m [1;30mLevel 1[0m _identify(src/lab1c/ros_exercises) by extensions ['ignore', 'ignore_ament_install']
[0.823s] [34mcolcon.colcon_core.package_identification[0m [1;30mLevel 1[0m _identify(src/lab1c/ros_exercises) by extension 'ignore'
[0.823s] [34mcolcon.colcon_core.package_identification[0m [1;30mLevel 1[0m _identify(src/lab1c/ros_exercises) by extension 'ignore_ament_install'
[0.823s] [34mcolcon.colcon_core.package_identification[0m [1;30mLevel 1[0m _identify(src/lab1c/ros_exercises) by extensions ['colcon_pkg']
[0.823s] [34mcolcon.colcon_core.package_identification[0m [1;30mLevel 1[0m _identify(src/lab1c/ros_exercises) by extension 'colcon_pkg'
[0.823s] [34mcolcon.colcon_core.package_identification[0m [1;30mLevel 1[0m _identify(src/lab1c/ros_exercises) by extensions ['colcon_meta']
[0.823s] [34mcolcon.colcon_core.package_identification[0m [1;30mLevel 1[0m _identify(src/lab1c/ros_exercises) by extension 'colcon_meta'
[0.823s] [34mcolcon.colcon_core.package_identification[0m [1;30mLevel 1[0m _identify(src/lab1c/ros_exercises) by extensions ['ros']
[0.824s] [34mcolcon.colcon_core.package_identification[0m [1;30mLevel 1[0m _identify(src/lab1c/ros_exercises) by extension 'ros'
[0.825s] [34mcolcon.colcon_core.package_identification[0m [1;30mDEBUG[0m [32mPackage 'src/lab1c/ros_exercises' with type 'ros.ament_python' and name 'ros_exercises'[0m
[0.825s] [34mcolcon.colcon_core.package_identification[0m [1;30mLevel 1[0m _identify(src/labc_test1) by extensions ['ignore', 'ignore_ament_install']
[0.825s] [34mcolcon.colcon_core.package_identification[0m [1;30mLevel 1[0m _identify(src/labc_test1) by extension 'ignore'
[0.825s] [34mcolcon.colcon_core.package_identification[0m [1;30mLevel 1[0m _identify(src/labc_test1) by extension 'ignore_ament_install'
[0.825s] [34mcolcon.colcon_core.package_identification[0m [1;30mLevel 1[0m _identify(src/labc_test1) by extensions ['colcon_pkg']
[0.826s] [34mcolcon.colcon_core.package_identification[0m [1;30mLevel 1[0m _identify(src/labc_test1) by extension 'colcon_pkg'
[0.826s] [34mcolcon.colcon_core.package_identification[0m [1;30mLevel 1[0m _identify(src/labc_test1) by extensions ['colcon_meta']
[0.826s] [34mcolcon.colcon_core.package_identification[0m [1;30mLevel 1[0m _identify(src/labc_test1) by extension 'colcon_meta'
[0.826s] [34mcolcon.colcon_core.package_identification[0m [1;30mLevel 1[0m _identify(src/labc_test1) by extensions ['ros']
[0.826s] [34mcolcon.colcon_core.package_identification[0m [1;30mLevel 1[0m _identify(src/labc_test1) by extension 'ros'
[0.827s] [34mcolcon.colcon_core.package_identification[0m [1;30mDEBUG[0m [32mPackage 'src/labc_test1' with type 'ros.ament_python' and name 'labc_test1'[0m
[0.827s] [34mcolcon.colcon_core.package_identification[0m [1;30mLevel 1[0m _identify(src/py_pubsub) by extensions ['ignore', 'ignore_ament_install']
[0.827s] [34mcolcon.colcon_core.package_identification[0m [1;30mLevel 1[0m _identify(src/py_pubsub) by extension 'ignore'
[0.827s] [34mcolcon.colcon_core.package_identification[0m [1;30mLevel 1[0m _identify(src/py_pubsub) by extension 'ignore_ament_install'
[0.828s] [34mcolcon.colcon_core.package_identification[0m [1;30mLevel 1[0m _identify(src/py_pubsub) by extensions ['colcon_pkg']
[0.828s] [34mcolcon.colcon_core.package_identification[0m [1;30mLevel 1[0m _identify(src/py_pubsub) by extension 'colcon_pkg'
[0.828s] [34mcolcon.colcon_core.package_identification[0m [1;30mLevel 1[0m _identify(src/py_pubsub) by extensions ['colcon_meta']
[0.828s] [34mcolcon.colcon_core.package_identification[0m [1;30mLevel 1[0m _identify(src/py_pubsub) by extension 'colcon_meta'
[0.828s] [34mcolcon.colcon_core.package_identification[0m [1;30mLevel 1[0m _identify(src/py_pubsub) by extensions ['ros']
[0.828s] [34mcolcon.colcon_core.package_identification[0m [1;30mLevel 1[0m _identify(src/py_pubsub) by extension 'ros'
[0.829s] [34mcolcon.colcon_core.package_identification[0m [1;30mDEBUG[0m [32mPackage 'src/py_pubsub' with type 'ros.ament_python' and name 'py_pubsub'[0m
[0.829s] [34mcolcon.colcon_core.package_identification[0m [1;30mLevel 1[0m _identify(src/safety_controller) by extensions ['ignore', 'ignore_ament_install']
[0.829s] [34mcolcon.colcon_core.package_identification[0m [1;30mLevel 1[0m _identify(src/safety_controller) by extension 'ignore'
[0.830s] [34mcolcon.colcon_core.package_identification[0m [1;30mLevel 1[0m _identify(src/safety_controller) by extension 'ignore_ament_install'
[0.830s] [34mcolcon.colcon_core.package_identification[0m [1;30mLevel 1[0m _identify(src/safety_controller) by extensions ['colcon_pkg']
[0.830s] [34mcolcon.colcon_core.package_identification[0m [1;30mLevel 1[0m _identify(src/safety_controller) by extension 'colcon_pkg'
[0.830s] [34mcolcon.colcon_core.package_identification[0m [1;30mLevel 1[0m _identify(src/safety_controller) by extensions ['colcon_meta']
[0.830s] [34mcolcon.colcon_core.package_identification[0m [1;30mLevel 1[0m _identify(src/safety_controller) by extension 'colcon_meta'
[0.830s] [34mcolcon.colcon_core.package_identification[0m [1;30mLevel 1[0m _identify(src/safety_controller) by extensions ['ros']
[0.830s] [34mcolcon.colcon_core.package_identification[0m [1;30mLevel 1[0m _identify(src/safety_controller) by extension 'ros'
[0.830s] [34mcolcon.colcon_core.package_identification[0m [1;30mLevel 1[0m _identify(src/safety_controller) by extensions ['cmake', 'python']
[0.830s] [34mcolcon.colcon_core.package_identification[0m [1;30mLevel 1[0m _identify(src/safety_controller) by extension 'cmake'
[0.831s] [34mcolcon.colcon_core.package_identification[0m [1;30mLevel 1[0m _identify(src/safety_controller) by extension 'python'
[0.831s] [34mcolcon.colcon_core.package_identification[0m [1;30mLevel 1[0m _identify(src/safety_controller) by extensions ['python_setup_py']
[0.831s] [34mcolcon.colcon_core.package_identification[0m [1;30mLevel 1[0m _identify(src/safety_controller) by extension 'python_setup_py'
[0.831s] [34mcolcon.colcon_core.package_identification[0m [1;30mLevel 1[0m _identify(src/safety_controller/safety_controller) by extensions ['ignore', 'ignore_ament_install']
[0.831s] [34mcolcon.colcon_core.package_identification[0m [1;30mLevel 1[0m _identify(src/safety_controller/safety_controller) by extension 'ignore'
[0.831s] [34mcolcon.colcon_core.package_identification[0m [1;30mLevel 1[0m _identify(src/safety_controller/safety_controller) by extension 'ignore_ament_install'
[0.831s] [34mcolcon.colcon_core.package_identification[0m [1;30mLevel 1[0m _identify(src/safety_controller/safety_controller) by extensions ['colcon_pkg']
[0.831s] [34mcolcon.colcon_core.package_identification[0m [1;30mLevel 1[0m _identify(src/safety_controller/safety_controller) by extension 'colcon_pkg'
[0.831s] [34mcolcon.colcon_core.package_identification[0m [1;30mLevel 1[0m _identify(src/safety_controller/safety_controller) by extensions ['colcon_meta']
[0.832s] [34mcolcon.colcon_core.package_identification[0m [1;30mLevel 1[0m _identify(src/safety_controller/safety_controller) by extension 'colcon_meta'
[0.832s] [34mcolcon.colcon_core.package_identification[0m [1;30mLevel 1[0m _identify(src/safety_controller/safety_controller) by extensions ['ros']
[0.832s] [34mcolcon.colcon_core.package_identification[0m [1;30mLevel 1[0m _identify(src/safety_controller/safety_controller) by extension 'ros'
[0.832s] [34mcolcon.colcon_core.package_identification[0m [1;30mLevel 1[0m _identify(src/safety_controller/safety_controller) by extensions ['cmake', 'python']
[0.832s] [34mcolcon.colcon_core.package_identification[0m [1;30mLevel 1[0m _identify(src/safety_controller/safety_controller) by extension 'cmake'
[0.832s] [34mcolcon.colcon_core.package_identification[0m [1;30mLevel 1[0m _identify(src/safety_controller/safety_controller) by extension 'python'
[0.832s] [34mcolcon.colcon_core.package_identification[0m [1;30mLevel 1[0m _identify(src/safety_controller/safety_controller) by extensions ['python_setup_py']
[0.832s] [34mcolcon.colcon_core.package_identification[0m [1;30mLevel 1[0m _identify(src/safety_controller/safety_controller) by extension 'python_setup_py'
[0.832s] [34mcolcon.colcon_core.package_identification[0m [1;30mLevel 1[0m _identify(src/visual_servoing) by extensions ['ignore', 'ignore_ament_install']
[0.833s] [34mcolcon.colcon_core.package_identification[0m [1;30mLevel 1[0m _identify(src/visual_servoing) by extension 'ignore'
[0.833s] [34mcolcon.colcon_core.package_identification[0m [1;30mLevel 1[0m _identify(src/visual_servoing) by extension 'ignore_ament_install'
[0.833s] [34mcolcon.colcon_core.package_identification[0m [1;30mLevel 1[0m _identify(src/visual_servoing) by extensions ['colcon_pkg']
[0.833s] [34mcolcon.colcon_core.package_identification[0m [1;30mLevel 1[0m _identify(src/visual_servoing) by extension 'colcon_pkg'
[0.833s] [34mcolcon.colcon_core.package_identification[0m [1;30mLevel 1[0m _identify(src/visual_servoing) by extensions ['colcon_meta']
[0.833s] [34mcolcon.colcon_core.package_identification[0m [1;30mLevel 1[0m _identify(src/visual_servoing) by extension 'colcon_meta'
[0.833s] [34mcolcon.colcon_core.package_identification[0m [1;30mLevel 1[0m _identify(src/visual_servoing) by extensions ['ros']
[0.833s] [34mcolcon.colcon_core.package_identification[0m [1;30mLevel 1[0m _identify(src/visual_servoing) by extension 'ros'
[0.833s] [34mcolcon.colcon_core.package_identification[0m [1;30mLevel 1[0m _identify(src/visual_servoing) by extensions ['cmake', 'python']
[0.833s] [34mcolcon.colcon_core.package_identification[0m [1;30mLevel 1[0m _identify(src/visual_servoing) by extension 'cmake'
[0.833s] [34mcolcon.colcon_core.package_identification[0m [1;30mLevel 1[0m _identify(src/visual_servoing) by extension 'python'
[0.834s] [34mcolcon.colcon_core.package_identification[0m [1;30mLevel 1[0m _identify(src/visual_servoing) by extensions ['python_setup_py']
[0.834s] [34mcolcon.colcon_core.package_identification[0m [1;30mLevel 1[0m _identify(src/visual_servoing) by extension 'python_setup_py'
[0.834s] [34mcolcon.colcon_core.package_identification[0m [1;30mLevel 1[0m _identify(src/visual_servoing/media) by extensions ['ignore', 'ignore_ament_install']
[0.834s] [34mcolcon.colcon_core.package_identification[0m [1;30mLevel 1[0m _identify(src/visual_servoing/media) by extension 'ignore'
[0.834s] [34mcolcon.colcon_core.package_identification[0m [1;30mLevel 1[0m _identify(src/visual_servoing/media) by extension 'ignore_ament_install'
[0.834s] [34mcolcon.colcon_core.package_identification[0m [1;30mLevel 1[0m _identify(src/visual_servoing/media) by extensions ['colcon_pkg']
[0.834s] [34mcolcon.colcon_core.package_identification[0m [1;30mLevel 1[0m _identify(src/visual_servoing/media) by extension 'colcon_pkg'
[0.834s] [34mcolcon.colcon_core.package_identification[0m [1;30mLevel 1[0m _identify(src/visual_servoing/media) by extensions ['colcon_meta']
[0.834s] [34mcolcon.colcon_core.package_identification[0m [1;30mLevel 1[0m _identify(src/visual_servoing/media) by extension 'colcon_meta'
[0.835s] [34mcolcon.colcon_core.package_identification[0m [1;30mLevel 1[0m _identify(src/visual_servoing/media) by extensions ['ros']
[0.835s] [34mcolcon.colcon_core.package_identification[0m [1;30mLevel 1[0m _identify(src/visual_servoing/media) by extension 'ros'
[0.835s] [34mcolcon.colcon_core.package_identification[0m [1;30mLevel 1[0m _identify(src/visual_servoing/media) by extensions ['cmake', 'python']
[0.835s] [34mcolcon.colcon_core.package_identification[0m [1;30mLevel 1[0m _identify(src/visual_servoing/media) by extension 'cmake'
[0.835s] [34mcolcon.colcon_core.package_identification[0m [1;30mLevel 1[0m _identify(src/visual_servoing/media) by extension 'python'
[0.835s] [34mcolcon.colcon_core.package_identification[0m [1;30mLevel 1[0m _identify(src/visual_servoing/media) by extensions ['python_setup_py']
[0.835s] [34mcolcon.colcon_core.package_identification[0m [1;30mLevel 1[0m _identify(src/visual_servoing/media) by extension 'python_setup_py'
[0.835s] [34mcolcon.colcon_core.package_identification[0m [1;30mLevel 1[0m _identify(src/visual_servoing/visual_servoing) by extensions ['ignore', 'ignore_ament_install']
[0.835s] [34mcolcon.colcon_core.package_identification[0m [1;30mLevel 1[0m _identify(src/visual_servoing/visual_servoing) by extension 'ignore'
[0.836s] [34mcolcon.colcon_core.package_identification[0m [1;30mLevel 1[0m _identify(src/visual_servoing/visual_servoing) by extension 'ignore_ament_install'
[0.836s] [34mcolcon.colcon_core.package_identification[0m [1;30mLevel 1[0m _identify(src/visual_servoing/visual_servoing) by extensions ['colcon_pkg']
[0.836s] [34mcolcon.colcon_core.package_identification[0m [1;30mLevel 1[0m _identify(src/visual_servoing/visual_servoing) by extension 'colcon_pkg'
[0.836s] [34mcolcon.colcon_core.package_identification[0m [1;30mLevel 1[0m _identify(src/visual_servoing/visual_servoing) by extensions ['colcon_meta']
[0.836s] [34mcolcon.colcon_core.package_identification[0m [1;30mLevel 1[0m _identify(src/visual_servoing/visual_servoing) by extension 'colcon_meta'
[0.836s] [34mcolcon.colcon_core.package_identification[0m [1;30mLevel 1[0m _identify(src/visual_servoing/visual_servoing) by extensions ['ros']
[0.836s] [34mcolcon.colcon_core.package_identification[0m [1;30mLevel 1[0m _identify(src/visual_servoing/visual_servoing) by extension 'ros'
[0.837s] [34mcolcon.colcon_core.package_identification[0m [1;30mDEBUG[0m [32mPackage 'src/visual_servoing/visual_servoing' with type 'ros.ament_python' and name 'visual_servoing'[0m
[0.837s] [34mcolcon.colcon_core.package_identification[0m [1;30mLevel 1[0m _identify(src/visual_servoing/vs_msgs) by extensions ['ignore', 'ignore_ament_install']
[0.837s] [34mcolcon.colcon_core.package_identification[0m [1;30mLevel 1[0m _identify(src/visual_servoing/vs_msgs) by extension 'ignore'
[0.838s] [34mcolcon.colcon_core.package_identification[0m [1;30mLevel 1[0m _identify(src/visual_servoing/vs_msgs) by extension 'ignore_ament_install'
[0.838s] [34mcolcon.colcon_core.package_identification[0m [1;30mLevel 1[0m _identify(src/visual_servoing/vs_msgs) by extensions ['colcon_pkg']
[0.838s] [34mcolcon.colcon_core.package_identification[0m [1;30mLevel 1[0m _identify(src/visual_servoing/vs_msgs) by extension 'colcon_pkg'
[0.838s] [34mcolcon.colcon_core.package_identification[0m [1;30mLevel 1[0m _identify(src/visual_servoing/vs_msgs) by extensions ['colcon_meta']
[0.838s] [34mcolcon.colcon_core.package_identification[0m [1;30mLevel 1[0m _identify(src/visual_servoing/vs_msgs) by extension 'colcon_meta'
[0.838s] [34mcolcon.colcon_core.package_identification[0m [1;30mLevel 1[0m _identify(src/visual_servoing/vs_msgs) by extensions ['ros']
[0.838s] [34mcolcon.colcon_core.package_identification[0m [1;30mLevel 1[0m _identify(src/visual_servoing/vs_msgs) by extension 'ros'
[0.839s] [34mcolcon.colcon_core.package_identification[0m [1;30mDEBUG[0m [32mPackage 'src/visual_servoing/vs_msgs' with type 'ros.ament_cmake' and name 'vs_msgs'[0m
[0.839s] [34mcolcon.colcon_core.package_identification[0m [1;30mLevel 1[0m _identify(src/wall_follower_sim) by extensions ['ignore', 'ignore_ament_install']
[0.840s] [34mcolcon.colcon_core.package_identification[0m [1;30mLevel 1[0m _identify(src/wall_follower_sim) by extension 'ignore'
[0.840s] [34mcolcon.colcon_core.package_identification[0m [1;30mLevel 1[0m _identify(src/wall_follower_sim) by extension 'ignore_ament_install'
[0.840s] [34mcolcon.colcon_core.package_identification[0m [1;30mLevel 1[0m _identify(src/wall_follower_sim) by extensions ['colcon_pkg']
[0.840s] [34mcolcon.colcon_core.package_identification[0m [1;30mLevel 1[0m _identify(src/wall_follower_sim) by extension 'colcon_pkg'
[0.840s] [34mcolcon.colcon_core.package_identification[0m [1;30mLevel 1[0m _identify(src/wall_follower_sim) by extensions ['colcon_meta']
[0.840s] [34mcolcon.colcon_core.package_identification[0m [1;30mLevel 1[0m _identify(src/wall_follower_sim) by extension 'colcon_meta'
[0.840s] [34mcolcon.colcon_core.package_identification[0m [1;30mLevel 1[0m _identify(src/wall_follower_sim) by extensions ['ros']
[0.840s] [34mcolcon.colcon_core.package_identification[0m [1;30mLevel 1[0m _identify(src/wall_follower_sim) by extension 'ros'
[0.842s] [34mcolcon.colcon_core.package_identification[0m [1;30mDEBUG[0m [32mPackage 'src/wall_follower_sim' with type 'ros.ament_python' and name 'wall_follower'[0m
[0.842s] [34mcolcon.colcon_core.package_discovery[0m [1;30mLevel 1[0m discover_packages(recursive) using defaults
[0.842s] [34mcolcon.colcon_core.package_discovery[0m [1;30mLevel 1[0m discover_packages(ignore) discover
[0.842s] [34mcolcon.colcon_core.package_discovery[0m [1;30mLevel 1[0m discover_packages(ignore) using defaults
[0.842s] [34mcolcon.colcon_core.package_discovery[0m [1;30mLevel 1[0m discover_packages(path) discover
[0.842s] [34mcolcon.colcon_core.package_discovery[0m [1;30mLevel 1[0m discover_packages(path) using defaults
[0.882s] [34mcolcon.colcon_core.package_discovery[0m [1;30mLevel 1[0m discover_packages(prefix_path) check parameters
[0.882s] [34mcolcon.colcon_core.package_discovery[0m [1;30mLevel 1[0m discover_packages(prefix_path) discover
[0.889s] [34mcolcon.colcon_installed_package_information.package_discovery[0m [1;30mDEBUG[0m [32mFound 5 installed packages in /root/racecar_ws/install[0m
[0.891s] [34mcolcon.colcon_installed_package_information.package_discovery[0m [1;30mDEBUG[0m [32mFound 14 installed packages in /root/ros2_ws/install[0m
[0.894s] [34mcolcon.colcon_installed_package_information.package_discovery[0m [1;30mDEBUG[0m [32mFound 374 installed packages in /opt/ros/humble[0m
[0.898s] [34mcolcon.colcon_core.package_discovery[0m [1;30mLevel 1[0m discover_packages(prefix_path) using defaults
[1.001s] [34mcolcon.colcon_core.verb[0m [1;30mLevel 5[0m set package 'custom_msgs' build argument 'cmake_args' from command line to 'None'
[1.001s] [34mcolcon.colcon_core.verb[0m [1;30mLevel 5[0m set package 'custom_msgs' build argument 'cmake_target' from command line to 'None'
[1.001s] [34mcolcon.colcon_core.verb[0m [1;30mLevel 5[0m set package 'custom_msgs' build argument 'cmake_target_skip_unavailable' from command line to 'False'
[1.001s] [34mcolcon.colcon_core.verb[0m [1;30mLevel 5[0m set package 'custom_msgs' build argument 'cmake_clean_cache' from command line to 'False'
[1.001s] [34mcolcon.colcon_core.verb[0m [1;30mLevel 5[0m set package 'custom_msgs' build argument 'cmake_clean_first' from command line to 'False'
[1.001s] [34mcolcon.colcon_core.verb[0m [1;30mLevel 5[0m set package 'custom_msgs' build argument 'cmake_force_configure' from command line to 'False'
[1.001s] [34mcolcon.colcon_core.verb[0m [1;30mLevel 5[0m set package 'custom_msgs' build argument 'ament_cmake_args' from command line to 'None'
[1.001s] [34mcolcon.colcon_core.verb[0m [1;30mLevel 5[0m set package 'custom_msgs' build argument 'catkin_cmake_args' from command line to 'None'
[1.001s] [34mcolcon.colcon_core.verb[0m [1;30mLevel 5[0m set package 'custom_msgs' build argument 'catkin_skip_building_tests' from command line to 'False'
[1.002s] [34mcolcon.colcon_core.verb[0m [1;30mDEBUG[0m [32mBuilding package 'custom_msgs' with the following arguments: {'ament_cmake_args': None, 'build_base': '/root/racecar_ws/build/custom_msgs', 'catkin_cmake_args': None, 'catkin_skip_building_tests': False, 'cmake_args': None, 'cmake_clean_cache': False, 'cmake_clean_first': False, 'cmake_force_configure': False, 'cmake_target': None, 'cmake_target_skip_unavailable': False, 'install_base': '/root/racecar_ws/install/custom_msgs', 'merge_install': False, 'path': '/root/racecar_ws/src/lab1c/custom_msgs', 'symlink_install': True, 'test_result_base': None}[0m
[1.002s] [34mcolcon.colcon_core.verb[0m [1;30mLevel 5[0m set package 'labc_test1' build argument 'cmake_args' from command line to 'None'
[1.002s] [34mcolcon.colcon_core.verb[0m [1;30mLevel 5[0m set package 'labc_test1' build argument 'cmake_target' from command line to 'None'
[1.002s] [34mcolcon.colcon_core.verb[0m [1;30mLevel 5[0m set package 'labc_test1' build argument 'cmake_target_skip_unavailable' from command line to 'False'
[1.002s] [34mcolcon.colcon_core.verb[0m [1;30mLevel 5[0m set package 'labc_test1' build argument 'cmake_clean_cache' from command line to 'False'
[1.003s] [34mcolcon.colcon_core.verb[0m [1;30mLevel 5[0m set package 'labc_test1' build argument 'cmake_clean_first' from command line to 'False'
[1.003s] [34mcolcon.colcon_core.verb[0m [1;30mLevel 5[0m set package 'labc_test1' build argument 'cmake_force_configure' from command line to 'False'
[1.003s] [34mcolcon.colcon_core.verb[0m [1;30mLevel 5[0m set package 'labc_test1' build argument 'ament_cmake_args' from command line to 'None'
[1.003s] [34mcolcon.colcon_core.verb[0m [1;30mLevel 5[0m set package 'labc_test1' build argument 'catkin_cmake_args' from command line to 'None'
[1.003s] [34mcolcon.colcon_core.verb[0m [1;30mLevel 5[0m set package 'labc_test1' build argument 'catkin_skip_building_tests' from command line to 'False'
[1.003s] [34mcolcon.colcon_core.verb[0m [1;30mDEBUG[0m [32mBuilding package 'labc_test1' with the following arguments: {'ament_cmake_args': None, 'build_base': '/root/racecar_ws/build/labc_test1', 'catkin_cmake_args': None, 'catkin_skip_building_tests': False, 'cmake_args': None, 'cmake_clean_cache': False, 'cmake_clean_first': False, 'cmake_force_configure': False, 'cmake_target': None, 'cmake_target_skip_unavailable': False, 'install_base': '/root/racecar_ws/install/labc_test1', 'merge_install': False, 'path': '/root/racecar_ws/src/labc_test1', 'symlink_install': True, 'test_result_base': None}[0m
[1.003s] [34mcolcon.colcon_core.verb[0m [1;30mLevel 5[0m set package 'py_pubsub' build argument 'cmake_args' from command line to 'None'
[1.004s] [34mcolcon.colcon_core.verb[0m [1;30mLevel 5[0m set package 'py_pubsub' build argument 'cmake_target' from command line to 'None'
[1.004s] [34mcolcon.colcon_core.verb[0m [1;30mLevel 5[0m set package 'py_pubsub' build argument 'cmake_target_skip_unavailable' from command line to 'False'
[1.004s] [34mcolcon.colcon_core.verb[0m [1;30mLevel 5[0m set package 'py_pubsub' build argument 'cmake_clean_cache' from command line to 'False'
[1.004s] [34mcolcon.colcon_core.verb[0m [1;30mLevel 5[0m set package 'py_pubsub' build argument 'cmake_clean_first' from command line to 'False'
[1.004s] [34mcolcon.colcon_core.verb[0m [1;30mLevel 5[0m set package 'py_pubsub' build argument 'cmake_force_configure' from command line to 'False'
[1.004s] [34mcolcon.colcon_core.verb[0m [1;30mLevel 5[0m set package 'py_pubsub' build argument 'ament_cmake_args' from command line to 'None'
[1.004s] [34mcolcon.colcon_core.verb[0m [1;30mLevel 5[0m set package 'py_pubsub' build argument 'catkin_cmake_args' from command line to 'None'
[1.004s] [34mcolcon.colcon_core.verb[0m [1;30mLevel 5[0m set package 'py_pubsub' build argument 'catkin_skip_building_tests' from command line to 'False'
[1.004s] [34mcolcon.colcon_core.verb[0m [1;30mDEBUG[0m [32mBuilding package 'py_pubsub' with the following arguments: {'ament_cmake_args': None, 'build_base': '/root/racecar_ws/build/py_pubsub', 'catkin_cmake_args': None, 'catkin_skip_building_tests': False, 'cmake_args': None, 'cmake_clean_cache': False, 'cmake_clean_first': False, 'cmake_force_configure': False, 'cmake_target': None, 'cmake_target_skip_unavailable': False, 'install_base': '/root/racecar_ws/install/py_pubsub', 'merge_install': False, 'path': '/root/racecar_ws/src/py_pubsub', 'symlink_install': True, 'test_result_base': None}[0m
[1.005s] [34mcolcon.colcon_core.verb[0m [1;30mLevel 5[0m set package 'ros_exercises' build argument 'cmake_args' from command line to 'None'
[1.005s] [34mcolcon.colcon_core.verb[0m [1;30mLevel 5[0m set package 'ros_exercises' build argument 'cmake_target' from command line to 'None'
[1.005s] [34mcolcon.colcon_core.verb[0m [1;30mLevel 5[0m set package 'ros_exercises' build argument 'cmake_target_skip_unavailable' from command line to 'False'
[1.005s] [34mcolcon.colcon_core.verb[0m [1;30mLevel 5[0m set package 'ros_exercises' build argument 'cmake_clean_cache' from command line to 'False'
[1.005s] [34mcolcon.colcon_core.verb[0m [1;30mLevel 5[0m set package 'ros_exercises' build argument 'cmake_clean_first' from command line to 'False'
[1.005s] [34mcolcon.colcon_core.verb[0m [1;30mLevel 5[0m set package 'ros_exercises' build argument 'cmake_force_configure' from command line to 'False'
[1.005s] [34mcolcon.colcon_core.verb[0m [1;30mLevel 5[0m set package 'ros_exercises' build argument 'ament_cmake_args' from command line to 'None'
[1.005s] [34mcolcon.colcon_core.verb[0m [1;30mLevel 5[0m set package 'ros_exercises' build argument 'catkin_cmake_args' from command line to 'None'
[1.005s] [34mcolcon.colcon_core.verb[0m [1;30mLevel 5[0m set package 'ros_exercises' build argument 'catkin_skip_building_tests' from command line to 'False'
[1.005s] [34mcolcon.colcon_core.verb[0m [1;30mDEBUG[0m [32mBuilding package 'ros_exercises' with the following arguments: {'ament_cmake_args': None, 'build_base': '/root/racecar_ws/build/ros_exercises', 'catkin_cmake_args': None, 'catkin_skip_building_tests': False, 'cmake_args': None, 'cmake_clean_cache': False, 'cmake_clean_first': False, 'cmake_force_configure': False, 'cmake_target': None, 'cmake_target_skip_unavailable': False, 'install_base': '/root/racecar_ws/install/ros_exercises', 'merge_install': False, 'path': '/root/racecar_ws/src/lab1c/ros_exercises', 'symlink_install': True, 'test_result_base': None}[0m
[1.006s] [34mcolcon.colcon_core.verb[0m [1;30mLevel 5[0m set package 'visual_servoing' build argument 'cmake_args' from command line to 'None'
[1.006s] [34mcolcon.colcon_core.verb[0m [1;30mLevel 5[0m set package 'visual_servoing' build argument 'cmake_target' from command line to 'None'
[1.006s] [34mcolcon.colcon_core.verb[0m [1;30mLevel 5[0m set package 'visual_servoing' build argument 'cmake_target_skip_unavailable' from command line to 'False'
[1.006s] [34mcolcon.colcon_core.verb[0m [1;30mLevel 5[0m set package 'visual_servoing' build argument 'cmake_clean_cache' from command line to 'False'
[1.006s] [34mcolcon.colcon_core.verb[0m [1;30mLevel 5[0m set package 'visual_servoing' build argument 'cmake_clean_first' from command line to 'False'
[1.006s] [34mcolcon.colcon_core.verb[0m [1;30mLevel 5[0m set package 'visual_servoing' build argument 'cmake_force_configure' from command line to 'False'
[1.006s] [34mcolcon.colcon_core.verb[0m [1;30mLevel 5[0m set package 'visual_servoing' build argument 'ament_cmake_args' from command line to 'None'
[1.006s] [34mcolcon.colcon_core.verb[0m [1;30mLevel 5[0m set package 'visual_servoing' build argument 'catkin_cmake_args' from command line to 'None'
[1.006s] [34mcolcon.colcon_core.verb[0m [1;30mLevel 5[0m set package 'visual_servoing' build argument 'catkin_skip_building_tests' from command line to 'False'
[1.006s] [34mcolcon.colcon_core.verb[0m [1;30mDEBUG[0m [32mBuilding package 'visual_servoing' with the following arguments: {'ament_cmake_args': None, 'build_base': '/root/racecar_ws/build/visual_servoing', 'catkin_cmake_args': None, 'catkin_skip_building_tests': False, 'cmake_args': None, 'cmake_clean_cache': False, 'cmake_clean_first': False, 'cmake_force_configure': False, 'cmake_target': None, 'cmake_target_skip_unavailable': False, 'install_base': '/root/racecar_ws/install/visual_servoing', 'merge_install': False, 'path': '/root/racecar_ws/src/visual_servoing/visual_servoing', 'symlink_install': True, 'test_result_base': None}[0m
[1.007s] [34mcolcon.colcon_core.verb[0m [1;30mLevel 5[0m set package 'vs_msgs' build argument 'cmake_args' from command line to 'None'
[1.007s] [34mcolcon.colcon_core.verb[0m [1;30mLevel 5[0m set package 'vs_msgs' build argument 'cmake_target' from command line to 'None'
[1.007s] [34mcolcon.colcon_core.verb[0m [1;30mLevel 5[0m set package 'vs_msgs' build argument 'cmake_target_skip_unavailable' from command line to 'False'
[1.007s] [34mcolcon.colcon_core.verb[0m [1;30mLevel 5[0m set package 'vs_msgs' build argument 'cmake_clean_cache' from command line to 'False'
[1.007s] [34mcolcon.colcon_core.verb[0m [1;30mLevel 5[0m set package 'vs_msgs' build argument 'cmake_clean_first' from command line to 'False'
[1.007s] [34mcolcon.colcon_core.verb[0m [1;30mLevel 5[0m set package 'vs_msgs' build argument 'cmake_force_configure' from command line to 'False'
[1.007s] [34mcolcon.colcon_core.verb[0m [1;30mLevel 5[0m set package 'vs_msgs' build argument 'ament_cmake_args' from command line to 'None'
[1.007s] [34mcolcon.colcon_core.verb[0m [1;30mLevel 5[0m set package 'vs_msgs' build argument 'catkin_cmake_args' from command line to 'None'
[1.007s] [34mcolcon.colcon_core.verb[0m [1;30mLevel 5[0m set package 'vs_msgs' build argument 'catkin_skip_building_tests' from command line to 'False'
[1.007s] [34mcolcon.colcon_core.verb[0m [1;30mDEBUG[0m [32mBuilding package 'vs_msgs' with the following arguments: {'ament_cmake_args': None, 'build_base': '/root/racecar_ws/build/vs_msgs', 'catkin_cmake_args': None, 'catkin_skip_building_tests': False, 'cmake_args': None, 'cmake_clean_cache': False, 'cmake_clean_first': False, 'cmake_force_configure': False, 'cmake_target': None, 'cmake_target_skip_unavailable': False, 'install_base': '/root/racecar_ws/install/vs_msgs', 'merge_install': False, 'path': '/root/racecar_ws/src/visual_servoing/vs_msgs', 'symlink_install': True, 'test_result_base': None}[0m
[1.008s] [34mcolcon.colcon_core.verb[0m [1;30mLevel 5[0m set package 'wall_follower' build argument 'cmake_args' from command line to 'None'
[1.008s] [34mcolcon.colcon_core.verb[0m [1;30mLevel 5[0m set package 'wall_follower' build argument 'cmake_target' from command line to 'None'
[1.008s] [34mcolcon.colcon_core.verb[0m [1;30mLevel 5[0m set package 'wall_follower' build argument 'cmake_target_skip_unavailable' from command line to 'False'
[1.008s] [34mcolcon.colcon_core.verb[0m [1;30mLevel 5[0m set package 'wall_follower' build argument 'cmake_clean_cache' from command line to 'False'
[1.008s] [34mcolcon.colcon_core.verb[0m [1;30mLevel 5[0m set package 'wall_follower' build argument 'cmake_clean_first' from command line to 'False'
[1.008s] [34mcolcon.colcon_core.verb[0m [1;30mLevel 5[0m set package 'wall_follower' build argument 'cmake_force_configure' from command line to 'False'
[1.009s] [34mcolcon.colcon_core.verb[0m [1;30mLevel 5[0m set package 'wall_follower' build argument 'ament_cmake_args' from command line to 'None'
[1.009s] [34mcolcon.colcon_core.verb[0m [1;30mLevel 5[0m set package 'wall_follower' build argument 'catkin_cmake_args' from command line to 'None'
[1.009s] [34mcolcon.colcon_core.verb[0m [1;30mLevel 5[0m set package 'wall_follower' build argument 'catkin_skip_building_tests' from command line to 'False'
[1.009s] [34mcolcon.colcon_core.verb[0m [1;30mDEBUG[0m [32mBuilding package 'wall_follower' with the following arguments: {'ament_cmake_args': None, 'build_base': '/root/racecar_ws/build/wall_follower', 'catkin_cmake_args': None, 'catkin_skip_building_tests': False, 'cmake_args': None, 'cmake_clean_cache': False, 'cmake_clean_first': False, 'cmake_force_configure': False, 'cmake_target': None, 'cmake_target_skip_unavailable': False, 'install_base': '/root/racecar_ws/install/wall_follower', 'merge_install': False, 'path': '/root/racecar_ws/src/wall_follower_sim', 'symlink_install': True, 'test_result_base': None}[0m
[1.009s] [34mcolcon.colcon_core.executor[0m [1;30mINFO[0m Executing jobs using 'parallel' executor
[1.011s] [34mcolcon.colcon_parallel_executor.executor.parallel[0m [1;30mDEBUG[0m [32mrun_until_complete[0m
[1.012s] [34mcolcon.colcon_ros.task.ament_cmake.build[0m [1;30mINFO[0m Building ROS package in '/root/racecar_ws/src/lab1c/custom_msgs' with build type 'ament_cmake'
[1.012s] [34mcolcon.colcon_cmake.task.cmake.build[0m [1;30mINFO[0m Building CMake package in '/root/racecar_ws/src/lab1c/custom_msgs'
[1.018s] [34mcolcon.colcon_core.plugin_system[0m [1;30mINFO[0m Skipping extension 'colcon_core.shell.bat': Not used on non-Windows systems
[1.019s] [34mcolcon.colcon_core.shell[0m [1;30mINFO[0m Skip shell extension 'powershell' for command environment: Not usable outside of PowerShell
[1.019s] [34mcolcon.colcon_core.shell[0m [1;30mDEBUG[0m [32mSkip shell extension 'dsv' for command environment[0m
[1.031s] [34mcolcon.colcon_ros.task.ament_python.build[0m [1;30mINFO[0m Building ROS package in '/root/racecar_ws/src/labc_test1' with build type 'ament_python'
[1.031s] [34mcolcon.colcon_core.shell[0m [1;30mLevel 1[0m create_environment_hook('labc_test1', 'ament_prefix_path')
[1.032s] [34mcolcon.colcon_core.shell[0m [1;30mINFO[0m Creating environment hook '/root/racecar_ws/install/labc_test1/share/labc_test1/hook/ament_prefix_path.ps1'
[1.033s] [34mcolcon.colcon_core.shell[0m [1;30mINFO[0m Creating environment descriptor '/root/racecar_ws/install/labc_test1/share/labc_test1/hook/ament_prefix_path.dsv'
[1.034s] [34mcolcon.colcon_core.shell[0m [1;30mINFO[0m Creating environment hook '/root/racecar_ws/install/labc_test1/share/labc_test1/hook/ament_prefix_path.sh'
[1.036s] [34mcolcon.colcon_core.shell[0m [1;30mINFO[0m Skip shell extension 'powershell' for command environment: Not usable outside of PowerShell
[1.036s] [34mcolcon.colcon_core.shell[0m [1;30mDEBUG[0m [32mSkip shell extension 'dsv' for command environment[0m
[1.048s] [34mcolcon.colcon_ros.task.ament_python.build[0m [1;30mINFO[0m Building ROS package in '/root/racecar_ws/src/py_pubsub' with build type 'ament_python'
[1.049s] [34mcolcon.colcon_core.shell[0m [1;30mLevel 1[0m create_environment_hook('py_pubsub', 'ament_prefix_path')
[1.049s] [34mcolcon.colcon_core.shell[0m [1;30mINFO[0m Creating environment hook '/root/racecar_ws/install/py_pubsub/share/py_pubsub/hook/ament_prefix_path.ps1'
[1.051s] [34mcolcon.colcon_core.shell[0m [1;30mINFO[0m Creating environment descriptor '/root/racecar_ws/install/py_pubsub/share/py_pubsub/hook/ament_prefix_path.dsv'
[1.051s] [34mcolcon.colcon_core.shell[0m [1;30mINFO[0m Creating environment hook '/root/racecar_ws/install/py_pubsub/share/py_pubsub/hook/ament_prefix_path.sh'
[1.053s] [34mcolcon.colcon_core.shell[0m [1;30mINFO[0m Skip shell extension 'powershell' for command environment: Not usable outside of PowerShell
[1.053s] [34mcolcon.colcon_core.shell[0m [1;30mDEBUG[0m [32mSkip shell extension 'dsv' for command environment[0m
[1.064s] [34mcolcon.colcon_ros.task.ament_python.build[0m [1;30mINFO[0m Building ROS package in '/root/racecar_ws/src/lab1c/ros_exercises' with build type 'ament_python'
[1.064s] [34mcolcon.colcon_core.shell[0m [1;30mLevel 1[0m create_environment_hook('ros_exercises', 'ament_prefix_path')
[1.065s] [34mcolcon.colcon_core.shell[0m [1;30mINFO[0m Creating environment hook '/root/racecar_ws/install/ros_exercises/share/ros_exercises/hook/ament_prefix_path.ps1'
[1.066s] [34mcolcon.colcon_core.shell[0m [1;30mINFO[0m Creating environment descriptor '/root/racecar_ws/install/ros_exercises/share/ros_exercises/hook/ament_prefix_path.dsv'
[1.067s] [34mcolcon.colcon_core.shell[0m [1;30mINFO[0m Creating environment hook '/root/racecar_ws/install/ros_exercises/share/ros_exercises/hook/ament_prefix_path.sh'
[1.068s] [34mcolcon.colcon_core.shell[0m [1;30mINFO[0m Skip shell extension 'powershell' for command environment: Not usable outside of PowerShell
[1.068s] [34mcolcon.colcon_core.shell[0m [1;30mDEBUG[0m [32mSkip shell extension 'dsv' for command environment[0m
[1.081s] [34mcolcon.colcon_ros.task.ament_python.build[0m [1;30mINFO[0m Building ROS package in '/root/racecar_ws/src/visual_servoing/visual_servoing' with build type 'ament_python'
[1.082s] [34mcolcon.colcon_core.shell[0m [1;30mLevel 1[0m create_environment_hook('visual_servoing', 'ament_prefix_path')
[1.082s] [34mcolcon.colcon_core.shell[0m [1;30mINFO[0m Creating environment hook '/root/racecar_ws/install/visual_servoing/share/visual_servoing/hook/ament_prefix_path.ps1'
[1.084s] [34mcolcon.colcon_core.shell[0m [1;30mINFO[0m Creating environment descriptor '/root/racecar_ws/install/visual_servoing/share/visual_servoing/hook/ament_prefix_path.dsv'
[1.085s] [34mcolcon.colcon_core.shell[0m [1;30mINFO[0m Creating environment hook '/root/racecar_ws/install/visual_servoing/share/visual_servoing/hook/ament_prefix_path.sh'
[1.086s] [34mcolcon.colcon_core.shell[0m [1;30mINFO[0m Skip shell extension 'powershell' for command environment: Not usable outside of PowerShell
[1.086s] [34mcolcon.colcon_core.shell[0m [1;30mDEBUG[0m [32mSkip shell extension 'dsv' for command environment[0m
[1.097s] [34mcolcon.colcon_ros.task.ament_cmake.build[0m [1;30mINFO[0m Building ROS package in '/root/racecar_ws/src/visual_servoing/vs_msgs' with build type 'ament_cmake'
[1.098s] [34mcolcon.colcon_cmake.task.cmake.build[0m [1;30mINFO[0m Building CMake package in '/root/racecar_ws/src/visual_servoing/vs_msgs'
[1.098s] [34mcolcon.colcon_core.shell[0m [1;30mINFO[0m Skip shell extension 'powershell' for command environment: Not usable outside of PowerShell
[1.098s] [34mcolcon.colcon_core.shell[0m [1;30mDEBUG[0m [32mSkip shell extension 'dsv' for command environment[0m
[1.121s] [34mcolcon.colcon_core.event_handler.log_command[0m [1;30mDEBUG[0m [32mInvoking command in '/root/racecar_ws/build/custom_msgs': CMAKE_PREFIX_PATH=${CMAKE_PREFIX_PATH}:/root/racecar_ws/install/wall_follower:/root/racecar_ws/install/visual_servoing:/root/racecar_ws/install/safety_controller:/root/racecar_ws/install/evaluation:/root/ros2_ws/install/racecar:/opt/ros/humble /usr/bin/cmake /root/racecar_ws/src/lab1c/custom_msgs -DAMENT_CMAKE_SYMLINK_INSTALL=1 -DCMAKE_INSTALL_PREFIX=/root/racecar_ws/install/custom_msgs[0m
[1.882s] [34mcolcon.colcon_core.task.python.build[0m [1;30mINFO[0m Building Python package in '/root/racecar_ws/src/labc_test1'
[1.883s] [34mcolcon.colcon_core.shell[0m [1;30mINFO[0m Skip shell extension 'powershell' for command environment: Not usable outside of PowerShell
[1.883s] [34mcolcon.colcon_core.shell[0m [1;30mDEBUG[0m [32mSkip shell extension 'dsv' for command environment[0m
[2.741s] [34mcolcon.colcon_core.task.python.build[0m [1;30mINFO[0m Building Python package in '/root/racecar_ws/src/py_pubsub'
[2.742s] [34mcolcon.colcon_core.shell[0m [1;30mINFO[0m Skip shell extension 'powershell' for command environment: Not usable outside of PowerShell
[2.742s] [34mcolcon.colcon_core.shell[0m [1;30mDEBUG[0m [32mSkip shell extension 'dsv' for command environment[0m
[3.507s] [34mcolcon.colcon_core.task.python.build[0m [1;30mINFO[0m Building Python package in '/root/racecar_ws/src/lab1c/ros_exercises'
[3.508s] [34mcolcon.colcon_core.shell[0m [1;30mINFO[0m Skip shell extension 'powershell' for command environment: Not usable outside of PowerShell
[3.509s] [34mcolcon.colcon_core.shell[0m [1;30mDEBUG[0m [32mSkip shell extension 'dsv' for command environment[0m
[4.294s] [34mcolcon.colcon_core.task.python.build[0m [1;30mINFO[0m Building Python package in '/root/racecar_ws/src/visual_servoing/visual_servoing'
[4.295s] [34mcolcon.colcon_core.shell[0m [1;30mINFO[0m Skip shell extension 'powershell' for command environment: Not usable outside of PowerShell
[4.295s] [34mcolcon.colcon_core.shell[0m [1;30mDEBUG[0m [32mSkip shell extension 'dsv' for command environment[0m
[4.316s] [34mcolcon.colcon_core.event_handler.log_command[0m [1;30mDEBUG[0m [32mInvoking command in '/root/racecar_ws/build/vs_msgs': CMAKE_PREFIX_PATH=${CMAKE_PREFIX_PATH}:/root/racecar_ws/install/wall_follower:/root/racecar_ws/install/visual_servoing:/root/racecar_ws/install/safety_controller:/root/racecar_ws/install/evaluation:/root/ros2_ws/install/racecar:/opt/ros/humble /usr/bin/cmake /root/racecar_ws/src/visual_servoing/vs_msgs -DAMENT_CMAKE_SYMLINK_INSTALL=1 -DCMAKE_INSTALL_PREFIX=/root/racecar_ws/install/vs_msgs[0m
[5.724s] [34mcolcon.colcon_core.event_handler.log_command[0m [1;30mDEBUG[0m [32mInvoking command in '/root/racecar_ws/build/labc_test1': PYTHONPATH=/root/racecar_ws/build/labc_test1/prefix_override:/usr/lib/python3/dist-packages/colcon_core/task/python/colcon_distutils_commands:/root/racecar_ws/install/labc_test1/lib/python3.10/site-packages:${PYTHONPATH} /usr/bin/python3 -W ignore:setup.py install is deprecated -W ignore:easy_install command is deprecated setup.py develop --editable --build-directory /root/racecar_ws/build/labc_test1/build --no-deps symlink_data[0m
[5.732s] [34mcolcon.colcon_core.event_handler.log_command[0m [1;30mDEBUG[0m [32mInvoked command in '/root/racecar_ws/build/custom_msgs' returned '0': CMAKE_PREFIX_PATH=${CMAKE_PREFIX_PATH}:/root/racecar_ws/install/wall_follower:/root/racecar_ws/install/visual_servoing:/root/racecar_ws/install/safety_controller:/root/racecar_ws/install/evaluation:/root/ros2_ws/install/racecar:/opt/ros/humble /usr/bin/cmake /root/racecar_ws/src/lab1c/custom_msgs -DAMENT_CMAKE_SYMLINK_INSTALL=1 -DCMAKE_INSTALL_PREFIX=/root/racecar_ws/install/custom_msgs[0m
[5.733s] [34mcolcon.colcon_core.event_handler.log_command[0m [1;30mDEBUG[0m [32mInvoking command in '/root/racecar_ws/build/custom_msgs': CMAKE_PREFIX_PATH=${CMAKE_PREFIX_PATH}:/root/racecar_ws/install/wall_follower:/root/racecar_ws/install/visual_servoing:/root/racecar_ws/install/safety_controller:/root/racecar_ws/install/evaluation:/root/ros2_ws/install/racecar:/opt/ros/humble /usr/bin/cmake --build /root/racecar_ws/build/custom_msgs -- -j6 -l6[0m
[5.765s] [34mcolcon.colcon_core.event_handler.log_command[0m [1;30mDEBUG[0m [32mInvoking command in '/root/racecar_ws/build/ros_exercises': PYTHONPATH=/root/racecar_ws/build/ros_exercises/prefix_override:/usr/lib/python3/dist-packages/colcon_core/task/python/colcon_distutils_commands:/root/racecar_ws/install/ros_exercises/lib/python3.10/site-packages:${PYTHONPATH} /usr/bin/python3 -W ignore:setup.py install is deprecated -W ignore:easy_install command is deprecated setup.py develop --editable --build-directory /root/racecar_ws/build/ros_exercises/build --no-deps symlink_data[0m
[5.892s] [34mcolcon.colcon_core.task.python.build[0m [1;30mDEBUG[0m [32mWhile undoing a previous installation files outside the Python library path are being ignored: /root/racecar_ws/install/visual_servoing/share/ament_index/resource_index/packages/visual_servoing[0m
[5.892s] [34mcolcon.colcon_core.task.python.build[0m [1;30mDEBUG[0m [32mWhile undoing a previous installation files outside the Python library path are being ignored: /root/racecar_ws/install/visual_servoing/share/visual_servoing/package.xml[0m
[5.893s] [34mcolcon.colcon_core.task.python.build[0m [1;30mDEBUG[0m [32mWhile undoing a previous installation files outside the Python library path are being ignored: /root/racecar_ws/install/visual_servoing/lib/visual_servoing/computer_vision/cv_test.py[0m
[5.893s] [34mcolcon.colcon_core.task.python.build[0m [1;30mDEBUG[0m [32mWhile undoing a previous installation files outside the Python library path are being ignored: /root/racecar_ws/install/visual_servoing/lib/visual_servoing/computer_vision/color_segmentation.py[0m
[5.893s] [34mcolcon.colcon_core.task.python.build[0m [1;30mDEBUG[0m [32mWhile undoing a previous installation files outside the Python library path are being ignored: /root/racecar_ws/install/visual_servoing/lib/visual_servoing/computer_vision/sift_template.py[0m
[5.893s] [34mcolcon.colcon_core.task.python.build[0m [1;30mDEBUG[0m [32mWhile undoing a previous installation files outside the Python library path are being ignored: /root/racecar_ws/install/visual_servoing/lib/visual_servoing/computer_vision/__init__.py[0m
[5.893s] [34mcolcon.colcon_core.task.python.build[0m [1;30mDEBUG[0m [32mWhile undoing a previous installation files outside the Python library path are being ignored: /root/racecar_ws/install/visual_servoing/share/visual_servoing/launch/parking_sim.launch.xml[0m
[5.893s] [34mcolcon.colcon_core.task.python.build[0m [1;30mDEBUG[0m [32mWhile undoing a previous installation files outside the Python library path are being ignored: /root/racecar_ws/install/visual_servoing/share/visual_servoing/launch/parking_deploy.launch.xml[0m
[5.893s] [34mcolcon.colcon_core.task.python.build[0m [1;30mDEBUG[0m [32mWhile undoing a previous installation files outside the Python library path are being ignored: /root/racecar_ws/install/visual_servoing/share/visual_servoing/launch/yolo_annotator.launch.xml[0m
[5.893s] [34mcolcon.colcon_core.task.python.build[0m [1;30mDEBUG[0m [32mWhile undoing a previous installation files outside the Python library path are being ignored: /root/racecar_ws/install/visual_servoing/share/visual_servoing/launch[0m
[5.894s] [34mcolcon.colcon_core.task.python.build[0m [1;30mDEBUG[0m [32mWhile undoing a previous installation files outside the Python library path are being ignored: /root/racecar_ws/install/visual_servoing/lib/visual_servoing/cone_detector[0m
[5.894s] [34mcolcon.colcon_core.task.python.build[0m [1;30mDEBUG[0m [32mWhile undoing a previous installation files outside the Python library path are being ignored: /root/racecar_ws/install/visual_servoing/lib/visual_servoing/cone_sim_marker[0m
[5.894s] [34mcolcon.colcon_core.task.python.build[0m [1;30mDEBUG[0m [32mWhile undoing a previous installation files outside the Python library path are being ignored: /root/racecar_ws/install/visual_servoing/lib/visual_servoing/homography_transformer[0m
[5.894s] [34mcolcon.colcon_core.task.python.build[0m [1;30mDEBUG[0m [32mWhile undoing a previous installation files outside the Python library path are being ignored: /root/racecar_ws/install/visual_servoing/lib/visual_servoing/parking_controller[0m
[5.894s] [34mcolcon.colcon_core.task.python.build[0m [1;30mDEBUG[0m [32mWhile undoing a previous installation files outside the Python library path are being ignored: /root/racecar_ws/install/visual_servoing/lib/visual_servoing/yolo_annotator[0m
[5.899s] [34mcolcon.colcon_core.event_handler.log_command[0m [1;30mDEBUG[0m [32mInvoking command in '/root/racecar_ws/build/visual_servoing': PYTHONPATH=/root/racecar_ws/build/visual_servoing/prefix_override:/usr/lib/python3/dist-packages/colcon_core/task/python/colcon_distutils_commands:/root/racecar_ws/install/visual_servoing/lib/python3.10/site-packages:${PYTHONPATH} /usr/bin/python3 -W ignore:setup.py install is deprecated -W ignore:easy_install command is deprecated setup.py develop --editable --build-directory /root/racecar_ws/build/visual_servoing/build --no-deps symlink_data --force[0m
[5.997s] [34mcolcon.colcon_core.event_handler.log_command[0m [1;30mDEBUG[0m [32mInvoking command in '/root/racecar_ws/build/py_pubsub': PYTHONPATH=/root/racecar_ws/build/py_pubsub/prefix_override:/usr/lib/python3/dist-packages/colcon_core/task/python/colcon_distutils_commands:/root/racecar_ws/install/py_pubsub/lib/python3.10/site-packages:${PYTHONPATH} /usr/bin/python3 -W ignore:setup.py install is deprecated -W ignore:easy_install command is deprecated setup.py develop --editable --build-directory /root/racecar_ws/build/py_pubsub/build --no-deps symlink_data[0m
[8.391s] [34mcolcon.colcon_core.shell[0m [1;30mLevel 1[0m create_environment_hook('labc_test1', 'pythonpath_develop')
[8.391s] [34mcolcon.colcon_core.shell[0m [1;30mINFO[0m Creating environment hook '/root/racecar_ws/build/labc_test1/share/labc_test1/hook/pythonpath_develop.ps1'
[8.393s] [34mcolcon.colcon_core.shell[0m [1;30mINFO[0m Creating environment descriptor '/root/racecar_ws/build/labc_test1/share/labc_test1/hook/pythonpath_develop.dsv'
[8.394s] [34mcolcon.colcon_core.shell[0m [1;30mINFO[0m Creating environment hook '/root/racecar_ws/build/labc_test1/share/labc_test1/hook/pythonpath_develop.sh'
[8.397s] [34mcolcon.colcon_core.event_handler.log_command[0m [1;30mDEBUG[0m [32mInvoked command in '/root/racecar_ws/build/labc_test1' returned '0': PYTHONPATH=/root/racecar_ws/build/labc_test1/prefix_override:/usr/lib/python3/dist-packages/colcon_core/task/python/colcon_distutils_commands:/root/racecar_ws/install/labc_test1/lib/python3.10/site-packages:${PYTHONPATH} /usr/bin/python3 -W ignore:setup.py install is deprecated -W ignore:easy_install command is deprecated setup.py develop --editable --build-directory /root/racecar_ws/build/labc_test1/build --no-deps symlink_data[0m
[8.406s] [34mcolcon.colcon_core.environment[0m [1;30mLevel 1[0m checking '/root/racecar_ws/install/labc_test1' for CMake module files
[8.420s] [34mcolcon.colcon_core.environment[0m [1;30mLevel 1[0m checking '/root/racecar_ws/install/labc_test1' for CMake config files
[8.422s] [34mcolcon.colcon_core.environment[0m [1;30mLevel 1[0m checking '/root/racecar_ws/install/labc_test1/lib'
[8.422s] [34mcolcon.colcon_core.environment[0m [1;30mLevel 1[0m checking '/root/racecar_ws/install/labc_test1/bin'
[8.423s] [34mcolcon.colcon_core.environment[0m [1;30mLevel 1[0m checking '/root/racecar_ws/install/labc_test1/lib/pkgconfig/labc_test1.pc'
[8.423s] [34mcolcon.colcon_core.environment[0m [1;30mLevel 1[0m checking '/root/racecar_ws/install/labc_test1/lib/python3.10/site-packages'
[8.424s] [34mcolcon.colcon_core.shell[0m [1;30mLevel 1[0m create_environment_hook('labc_test1', 'pythonpath')
[8.424s] [34mcolcon.colcon_core.shell[0m [1;30mINFO[0m Creating environment hook '/root/racecar_ws/install/labc_test1/share/labc_test1/hook/pythonpath.ps1'
[8.425s] [34mcolcon.colcon_core.shell[0m [1;30mINFO[0m Creating environment descriptor '/root/racecar_ws/install/labc_test1/share/labc_test1/hook/pythonpath.dsv'
[8.426s] [34mcolcon.colcon_core.shell[0m [1;30mINFO[0m Creating environment hook '/root/racecar_ws/install/labc_test1/share/labc_test1/hook/pythonpath.sh'
[8.442s] [34mcolcon.colcon_core.environment[0m [1;30mLevel 1[0m checking '/root/racecar_ws/install/labc_test1/bin'
[8.442s] [34mcolcon.colcon_core.environment[0m [1;30mLevel 1[0m create_environment_scripts_only(labc_test1)
[8.443s] [34mcolcon.colcon_core.shell[0m [1;30mINFO[0m Creating package script '/root/racecar_ws/install/labc_test1/share/labc_test1/package.ps1'
[8.445s] [34mcolcon.colcon_core.shell[0m [1;30mINFO[0m Creating package descriptor '/root/racecar_ws/install/labc_test1/share/labc_test1/package.dsv'
[8.446s] [34mcolcon.colcon_core.shell[0m [1;30mINFO[0m Creating package script '/root/racecar_ws/install/labc_test1/share/labc_test1/package.sh'
[8.449s] [34mcolcon.colcon_core.shell[0m [1;30mINFO[0m Creating package script '/root/racecar_ws/install/labc_test1/share/labc_test1/package.bash'
[8.451s] [34mcolcon.colcon_core.shell[0m [1;30mINFO[0m Creating package script '/root/racecar_ws/install/labc_test1/share/labc_test1/package.zsh'
[8.453s] [34mcolcon.colcon_core.environment[0m [1;30mLevel 1[0m create_file_with_runtime_dependencies(/root/racecar_ws/install/labc_test1/share/colcon-core/packages/labc_test1)
[8.456s] [34mcolcon.colcon_ros.task.ament_python.build[0m [1;30mINFO[0m Building ROS package in '/root/racecar_ws/src/wall_follower_sim' with build type 'ament_python'
[8.457s] [34mcolcon.colcon_core.shell[0m [1;30mLevel 1[0m create_environment_hook('wall_follower', 'ament_prefix_path')
[8.457s] [34mcolcon.colcon_core.shell[0m [1;30mINFO[0m Creating environment hook '/root/racecar_ws/install/wall_follower/share/wall_follower/hook/ament_prefix_path.ps1'
[8.459s] [34mcolcon.colcon_core.shell[0m [1;30mINFO[0m Creating environment descriptor '/root/racecar_ws/install/wall_follower/share/wall_follower/hook/ament_prefix_path.dsv'
[8.460s] [34mcolcon.colcon_core.shell[0m [1;30mINFO[0m Creating environment hook '/root/racecar_ws/install/wall_follower/share/wall_follower/hook/ament_prefix_path.sh'
[8.462s] [34mcolcon.colcon_core.shell[0m [1;30mINFO[0m Skip shell extension 'powershell' for command environment: Not usable outside of PowerShell
[8.463s] [34mcolcon.colcon_core.shell[0m [1;30mDEBUG[0m [32mSkip shell extension 'dsv' for command environment[0m
[9.949s] [34mcolcon.colcon_core.task.python.build[0m [1;30mINFO[0m Building Python package in '/root/racecar_ws/src/wall_follower_sim'
[9.949s] [34mcolcon.colcon_core.shell[0m [1;30mINFO[0m Skip shell extension 'powershell' for command environment: Not usable outside of PowerShell
[9.950s] [34mcolcon.colcon_core.shell[0m [1;30mDEBUG[0m [32mSkip shell extension 'dsv' for command environment[0m
[9.998s] [34mcolcon.colcon_core.shell[0m [1;30mLevel 1[0m create_environment_hook('visual_servoing', 'pythonpath_develop')
[9.999s] [34mcolcon.colcon_core.shell[0m [1;30mINFO[0m Creating environment hook '/root/racecar_ws/build/visual_servoing/share/visual_servoing/hook/pythonpath_develop.ps1'
[10.000s] [34mcolcon.colcon_core.event_handler.log_command[0m [1;30mDEBUG[0m [32mInvoked command in '/root/racecar_ws/build/visual_servoing' returned '0': PYTHONPATH=/root/racecar_ws/build/visual_servoing/prefix_override:/usr/lib/python3/dist-packages/colcon_core/task/python/colcon_distutils_commands:/root/racecar_ws/install/visual_servoing/lib/python3.10/site-packages:${PYTHONPATH} /usr/bin/python3 -W ignore:setup.py install is deprecated -W ignore:easy_install command is deprecated setup.py develop --editable --build-directory /root/racecar_ws/build/visual_servoing/build --no-deps symlink_data --force[0m
[10.003s] [34mcolcon.colcon_core.shell[0m [1;30mINFO[0m Creating environment descriptor '/root/racecar_ws/build/visual_servoing/share/visual_servoing/hook/pythonpath_develop.dsv'
[10.004s] [34mcolcon.colcon_core.shell[0m [1;30mINFO[0m Creating environment hook '/root/racecar_ws/build/visual_servoing/share/visual_servoing/hook/pythonpath_develop.sh'
[10.006s] [34mcolcon.colcon_core.environment[0m [1;30mLevel 1[0m checking '/root/racecar_ws/install/visual_servoing' for CMake module files
[10.007s] [34mcolcon.colcon_core.environment[0m [1;30mLevel 1[0m checking '/root/racecar_ws/install/visual_servoing' for CMake config files
[10.009s] [34mcolcon.colcon_core.environment[0m [1;30mLevel 1[0m checking '/root/racecar_ws/install/visual_servoing/lib'
[10.009s] [34mcolcon.colcon_core.environment[0m [1;30mLevel 1[0m checking '/root/racecar_ws/install/visual_servoing/bin'
[10.009s] [34mcolcon.colcon_core.environment[0m [1;30mLevel 1[0m checking '/root/racecar_ws/install/visual_servoing/lib/pkgconfig/visual_servoing.pc'
[10.010s] [34mcolcon.colcon_core.environment[0m [1;30mLevel 1[0m checking '/root/racecar_ws/install/visual_servoing/lib/python3.10/site-packages'
[10.010s] [34mcolcon.colcon_core.shell[0m [1;30mLevel 1[0m create_environment_hook('visual_servoing', 'pythonpath')
[10.011s] [34mcolcon.colcon_core.shell[0m [1;30mINFO[0m Creating environment hook '/root/racecar_ws/install/visual_servoing/share/visual_servoing/hook/pythonpath.ps1'
[10.012s] [34mcolcon.colcon_core.shell[0m [1;30mINFO[0m Creating environment descriptor '/root/racecar_ws/install/visual_servoing/share/visual_servoing/hook/pythonpath.dsv'
[10.014s] [34mcolcon.colcon_core.shell[0m [1;30mINFO[0m Creating environment hook '/root/racecar_ws/install/visual_servoing/share/visual_servoing/hook/pythonpath.sh'
[10.017s] [34mcolcon.colcon_core.environment[0m [1;30mLevel 1[0m checking '/root/racecar_ws/install/visual_servoing/bin'
[10.018s] [34mcolcon.colcon_core.environment[0m [1;30mLevel 1[0m create_environment_scripts_only(visual_servoing)
[10.019s] [34mcolcon.colcon_core.shell[0m [1;30mINFO[0m Creating package script '/root/racecar_ws/install/visual_servoing/share/visual_servoing/package.ps1'
[10.021s] [34mcolcon.colcon_core.shell[0m [1;30mINFO[0m Creating package descriptor '/root/racecar_ws/install/visual_servoing/share/visual_servoing/package.dsv'
[10.023s] [34mcolcon.colcon_core.shell[0m [1;30mINFO[0m Creating package script '/root/racecar_ws/install/visual_servoing/share/visual_servoing/package.sh'
[10.025s] [34mcolcon.colcon_core.shell[0m [1;30mINFO[0m Creating package script '/root/racecar_ws/install/visual_servoing/share/visual_servoing/package.bash'
[10.026s] [34mcolcon.colcon_core.shell[0m [1;30mINFO[0m Creating package script '/root/racecar_ws/install/visual_servoing/share/visual_servoing/package.zsh'
[10.027s] [34mcolcon.colcon_core.environment[0m [1;30mLevel 1[0m create_file_with_runtime_dependencies(/root/racecar_ws/install/visual_servoing/share/colcon-core/packages/visual_servoing)
[10.031s] [34mcolcon.colcon_core.event_handler.log_command[0m [1;30mDEBUG[0m [32mInvoked command in '/root/racecar_ws/build/vs_msgs' returned '0': CMAKE_PREFIX_PATH=${CMAKE_PREFIX_PATH}:/root/racecar_ws/install/wall_follower:/root/racecar_ws/install/visual_servoing:/root/racecar_ws/install/safety_controller:/root/racecar_ws/install/evaluation:/root/ros2_ws/install/racecar:/opt/ros/humble /usr/bin/cmake /root/racecar_ws/src/visual_servoing/vs_msgs -DAMENT_CMAKE_SYMLINK_INSTALL=1 -DCMAKE_INSTALL_PREFIX=/root/racecar_ws/install/vs_msgs[0m
[10.033s] [34mcolcon.colcon_core.event_handler.log_command[0m [1;30mDEBUG[0m [32mInvoking command in '/root/racecar_ws/build/vs_msgs': CMAKE_PREFIX_PATH=${CMAKE_PREFIX_PATH}:/root/racecar_ws/install/wall_follower:/root/racecar_ws/install/visual_servoing:/root/racecar_ws/install/safety_controller:/root/racecar_ws/install/evaluation:/root/ros2_ws/install/racecar:/opt/ros/humble /usr/bin/cmake --build /root/racecar_ws/build/vs_msgs -- -j6 -l6[0m
[10.055s] [34mcolcon.colcon_core.shell[0m [1;30mLevel 1[0m create_environment_hook('py_pubsub', 'pythonpath_develop')
[10.056s] [34mcolcon.colcon_core.shell[0m [1;30mINFO[0m Creating environment hook '/root/racecar_ws/build/py_pubsub/share/py_pubsub/hook/pythonpath_develop.ps1'
[10.059s] [34mcolcon.colcon_core.shell[0m [1;30mINFO[0m Creating environment descriptor '/root/racecar_ws/build/py_pubsub/share/py_pubsub/hook/pythonpath_develop.dsv'
[10.062s] [34mcolcon.colcon_core.shell[0m [1;30mINFO[0m Creating environment hook '/root/racecar_ws/build/py_pubsub/share/py_pubsub/hook/pythonpath_develop.sh'
[10.060s] [34mcolcon.colcon_core.event_handler.log_command[0m [1;30mDEBUG[0m [32mInvoked command in '/root/racecar_ws/build/py_pubsub' returned '0': PYTHONPATH=/root/racecar_ws/build/py_pubsub/prefix_override:/usr/lib/python3/dist-packages/colcon_core/task/python/colcon_distutils_commands:/root/racecar_ws/install/py_pubsub/lib/python3.10/site-packages:${PYTHONPATH} /usr/bin/python3 -W ignore:setup.py install is deprecated -W ignore:easy_install command is deprecated setup.py develop --editable --build-directory /root/racecar_ws/build/py_pubsub/build --no-deps symlink_data[0m
[10.063s] [34mcolcon.colcon_core.environment[0m [1;30mLevel 1[0m checking '/root/racecar_ws/install/py_pubsub' for CMake module files
[10.065s] [34mcolcon.colcon_core.environment[0m [1;30mLevel 1[0m checking '/root/racecar_ws/install/py_pubsub' for CMake config files
[10.066s] [34mcolcon.colcon_core.environment[0m [1;30mLevel 1[0m checking '/root/racecar_ws/install/py_pubsub/lib'
[10.067s] [34mcolcon.colcon_core.environment[0m [1;30mLevel 1[0m checking '/root/racecar_ws/install/py_pubsub/bin'
[10.067s] [34mcolcon.colcon_core.environment[0m [1;30mLevel 1[0m checking '/root/racecar_ws/install/py_pubsub/lib/pkgconfig/py_pubsub.pc'
[10.067s] [34mcolcon.colcon_core.environment[0m [1;30mLevel 1[0m checking '/root/racecar_ws/install/py_pubsub/lib/python3.10/site-packages'
[10.068s] [34mcolcon.colcon_core.shell[0m [1;30mLevel 1[0m create_environment_hook('py_pubsub', 'pythonpath')
[10.075s] [34mcolcon.colcon_core.shell[0m [1;30mINFO[0m Creating environment hook '/root/racecar_ws/install/py_pubsub/share/py_pubsub/hook/pythonpath.ps1'
[10.077s] [34mcolcon.colcon_core.shell[0m [1;30mINFO[0m Creating environment descriptor '/root/racecar_ws/install/py_pubsub/share/py_pubsub/hook/pythonpath.dsv'
[10.078s] [34mcolcon.colcon_core.shell[0m [1;30mINFO[0m Creating environment hook '/root/racecar_ws/install/py_pubsub/share/py_pubsub/hook/pythonpath.sh'
[10.080s] [34mcolcon.colcon_core.environment[0m [1;30mLevel 1[0m checking '/root/racecar_ws/install/py_pubsub/bin'
[10.080s] [34mcolcon.colcon_core.environment[0m [1;30mLevel 1[0m create_environment_scripts_only(py_pubsub)
[10.081s] [34mcolcon.colcon_core.shell[0m [1;30mINFO[0m Creating package script '/root/racecar_ws/install/py_pubsub/share/py_pubsub/package.ps1'
[10.082s] [34mcolcon.colcon_core.shell[0m [1;30mINFO[0m Creating package descriptor '/root/racecar_ws/install/py_pubsub/share/py_pubsub/package.dsv'
[10.083s] [34mcolcon.colcon_core.shell[0m [1;30mINFO[0m Creating package script '/root/racecar_ws/install/py_pubsub/share/py_pubsub/package.sh'
[10.084s] [34mcolcon.colcon_core.shell[0m [1;30mINFO[0m Creating package script '/root/racecar_ws/install/py_pubsub/share/py_pubsub/package.bash'
[10.085s] [34mcolcon.colcon_core.shell[0m [1;30mINFO[0m Creating package script '/root/racecar_ws/install/py_pubsub/share/py_pubsub/package.zsh'
[10.093s] [34mcolcon.colcon_core.environment[0m [1;30mLevel 1[0m create_file_with_runtime_dependencies(/root/racecar_ws/install/py_pubsub/share/colcon-core/packages/py_pubsub)
[10.094s] [34mcolcon.colcon_core.shell[0m [1;30mLevel 1[0m create_environment_hook('ros_exercises', 'pythonpath_develop')
[10.095s] [34mcolcon.colcon_core.shell[0m [1;30mINFO[0m Creating environment hook '/root/racecar_ws/build/ros_exercises/share/ros_exercises/hook/pythonpath_develop.ps1'
[10.097s] [34mcolcon.colcon_core.shell[0m [1;30mINFO[0m Creating environment descriptor '/root/racecar_ws/build/ros_exercises/share/ros_exercises/hook/pythonpath_develop.dsv'
[10.098s] [34mcolcon.colcon_core.shell[0m [1;30mINFO[0m Creating environment hook '/root/racecar_ws/build/ros_exercises/share/ros_exercises/hook/pythonpath_develop.sh'
[10.101s] [34mcolcon.colcon_core.environment[0m [1;30mLevel 1[0m checking '/root/racecar_ws/install/ros_exercises' for CMake module files
[10.103s] [34mcolcon.colcon_core.environment[0m [1;30mLevel 1[0m checking '/root/racecar_ws/install/ros_exercises' for CMake config files
[10.104s] [34mcolcon.colcon_core.environment[0m [1;30mLevel 1[0m checking '/root/racecar_ws/install/ros_exercises/lib'
[10.104s] [34mcolcon.colcon_core.environment[0m [1;30mLevel 1[0m checking '/root/racecar_ws/install/ros_exercises/bin'
[10.106s] [34mcolcon.colcon_core.event_handler.log_command[0m [1;30mDEBUG[0m [32mInvoked command in '/root/racecar_ws/build/ros_exercises' returned '0': PYTHONPATH=/root/racecar_ws/build/ros_exercises/prefix_override:/usr/lib/python3/dist-packages/colcon_core/task/python/colcon_distutils_commands:/root/racecar_ws/install/ros_exercises/lib/python3.10/site-packages:${PYTHONPATH} /usr/bin/python3 -W ignore:setup.py install is deprecated -W ignore:easy_install command is deprecated setup.py develop --editable --build-directory /root/racecar_ws/build/ros_exercises/build --no-deps symlink_data[0m
[10.106s] [34mcolcon.colcon_core.environment[0m [1;30mLevel 1[0m checking '/root/racecar_ws/install/ros_exercises/lib/pkgconfig/ros_exercises.pc'
[10.107s] [34mcolcon.colcon_core.environment[0m [1;30mLevel 1[0m checking '/root/racecar_ws/install/ros_exercises/lib/python3.10/site-packages'
[10.107s] [34mcolcon.colcon_core.shell[0m [1;30mLevel 1[0m create_environment_hook('ros_exercises', 'pythonpath')
[10.108s] [34mcolcon.colcon_core.shell[0m [1;30mINFO[0m Creating environment hook '/root/racecar_ws/install/ros_exercises/share/ros_exercises/hook/pythonpath.ps1'
[10.110s] [34mcolcon.colcon_core.shell[0m [1;30mINFO[0m Creating environment descriptor '/root/racecar_ws/install/ros_exercises/share/ros_exercises/hook/pythonpath.dsv'
[10.110s] [34mcolcon.colcon_core.shell[0m [1;30mINFO[0m Creating environment hook '/root/racecar_ws/install/ros_exercises/share/ros_exercises/hook/pythonpath.sh'
[10.113s] [34mcolcon.colcon_core.environment[0m [1;30mLevel 1[0m checking '/root/racecar_ws/install/ros_exercises/bin'
[10.113s] [34mcolcon.colcon_core.environment[0m [1;30mLevel 1[0m create_environment_scripts_only(ros_exercises)
[10.114s] [34mcolcon.colcon_core.shell[0m [1;30mINFO[0m Creating package script '/root/racecar_ws/install/ros_exercises/share/ros_exercises/package.ps1'
[10.116s] [34mcolcon.colcon_core.shell[0m [1;30mINFO[0m Creating package descriptor '/root/racecar_ws/install/ros_exercises/share/ros_exercises/package.dsv'
[10.117s] [34mcolcon.colcon_core.shell[0m [1;30mINFO[0m Creating package script '/root/racecar_ws/install/ros_exercises/share/ros_exercises/package.sh'
[10.119s] [34mcolcon.colcon_core.shell[0m [1;30mINFO[0m Creating package script '/root/racecar_ws/install/ros_exercises/share/ros_exercises/package.bash'
[10.120s] [34mcolcon.colcon_core.shell[0m [1;30mINFO[0m Creating package script '/root/racecar_ws/install/ros_exercises/share/ros_exercises/package.zsh'
[10.121s] [34mcolcon.colcon_core.environment[0m [1;30mLevel 1[0m create_file_with_runtime_dependencies(/root/racecar_ws/install/ros_exercises/share/colcon-core/packages/ros_exercises)
[10.556s] [34mcolcon.colcon_core.event_handler.log_command[0m [1;30mDEBUG[0m [32mInvoked command in '/root/racecar_ws/build/vs_msgs' returned '2': CMAKE_PREFIX_PATH=${CMAKE_PREFIX_PATH}:/root/racecar_ws/install/wall_follower:/root/racecar_ws/install/visual_servoing:/root/racecar_ws/install/safety_controller:/root/racecar_ws/install/evaluation:/root/ros2_ws/install/racecar:/opt/ros/humble /usr/bin/cmake --build /root/racecar_ws/build/vs_msgs -- -j6 -l6[0m
[10.557s] [34mcolcon.colcon_core.environment[0m [1;30mLevel 1[0m create_environment_scripts_only(vs_msgs)
[10.558s] [34mcolcon.colcon_core.environment[0m [1;30mLevel 1[0m checking '/root/racecar_ws/install/vs_msgs' for CMake module files
[10.560s] [34mcolcon.colcon_core.environment[0m [1;30mLevel 1[0m checking '/root/racecar_ws/install/vs_msgs' for CMake config files
[10.561s] [34mcolcon.colcon_core.shell[0m [1;30mLevel 1[0m create_environment_hook('vs_msgs', 'cmake_prefix_path')
[10.562s] [34mcolcon.colcon_core.shell[0m [1;30mINFO[0m Creating environment hook '/root/racecar_ws/install/vs_msgs/share/vs_msgs/hook/cmake_prefix_path.ps1'
[10.569s] [34mcolcon.colcon_core.shell[0m [1;30mINFO[0m Creating environment descriptor '/root/racecar_ws/install/vs_msgs/share/vs_msgs/hook/cmake_prefix_path.dsv'
[10.570s] [34mcolcon.colcon_core.shell[0m [1;30mINFO[0m Creating environment hook '/root/racecar_ws/install/vs_msgs/share/vs_msgs/hook/cmake_prefix_path.sh'
[10.572s] [34mcolcon.colcon_core.environment[0m [1;30mLevel 1[0m checking '/root/racecar_ws/install/vs_msgs/lib'
[10.572s] [34mcolcon.colcon_core.shell[0m [1;30mLevel 1[0m create_environment_hook('vs_msgs', 'ld_library_path_lib')
[10.572s] [34mcolcon.colcon_core.shell[0m [1;30mINFO[0m Creating environment hook '/root/racecar_ws/install/vs_msgs/share/vs_msgs/hook/ld_library_path_lib.ps1'
[10.573s] [34mcolcon.colcon_core.shell[0m [1;30mINFO[0m Creating environment descriptor '/root/racecar_ws/install/vs_msgs/share/vs_msgs/hook/ld_library_path_lib.dsv'
[10.574s] [34mcolcon.colcon_core.shell[0m [1;30mINFO[0m Creating environment hook '/root/racecar_ws/install/vs_msgs/share/vs_msgs/hook/ld_library_path_lib.sh'
[10.575s] [34mcolcon.colcon_core.environment[0m [1;30mLevel 1[0m checking '/root/racecar_ws/install/vs_msgs/bin'
[10.575s] [34mcolcon.colcon_core.environment[0m [1;30mLevel 1[0m checking '/root/racecar_ws/install/vs_msgs/lib/pkgconfig/vs_msgs.pc'
[10.575s] [34mcolcon.colcon_core.environment[0m [1;30mLevel 1[0m checking '/root/racecar_ws/install/vs_msgs/lib/python3.10/site-packages'
[10.576s] [34mcolcon.colcon_core.environment[0m [1;30mLevel 1[0m checking '/root/racecar_ws/install/vs_msgs/bin'
[10.577s] [34mcolcon.colcon_core.shell[0m [1;30mINFO[0m Creating package script '/root/racecar_ws/install/vs_msgs/share/vs_msgs/package.ps1'
[10.578s] [34mcolcon.colcon_core.shell[0m [1;30mINFO[0m Creating package descriptor '/root/racecar_ws/install/vs_msgs/share/vs_msgs/package.dsv'
[10.580s] [34mcolcon.colcon_core.shell[0m [1;30mINFO[0m Creating package script '/root/racecar_ws/install/vs_msgs/share/vs_msgs/package.sh'
[10.581s] [34mcolcon.colcon_core.shell[0m [1;30mINFO[0m Creating package script '/root/racecar_ws/install/vs_msgs/share/vs_msgs/package.bash'
[10.582s] [34mcolcon.colcon_core.shell[0m [1;30mINFO[0m Creating package script '/root/racecar_ws/install/vs_msgs/share/vs_msgs/package.zsh'
[10.582s] [34mcolcon.colcon_core.environment[0m [1;30mLevel 1[0m create_file_with_runtime_dependencies(/root/racecar_ws/install/vs_msgs/share/colcon-core/packages/vs_msgs)
[12.647s] [34mcolcon.colcon_parallel_executor.executor.parallel[0m [1;30mDEBUG[0m [32mclosing loop[0m
[12.649s] [34mcolcon.colcon_parallel_executor.executor.parallel[0m [1;30mDEBUG[0m [32mloop closed[0m
[12.649s] [34mcolcon.colcon_parallel_executor.executor.parallel[0m [1;30mDEBUG[0m [32mrun_until_complete finished with '2'[0m
[12.650s] [34mcolcon.colcon_core.event_reactor[0m [1;30mDEBUG[0m [32mjoining thread[0m
[12.678s] [34mcolcon.colcon_core.plugin_system[0m [1;30mINFO[0m Skipping extension 'colcon_notification.desktop_notification.terminal_notifier': Not used on non-Darwin systems
[12.678s] [34mcolcon.colcon_core.plugin_system[0m [1;30mINFO[0m Skipping extension 'colcon_notification.desktop_notification.win32': Not used on non-Windows systems
[12.678s] [34mcolcon.colcon_notification.desktop_notification[0m [1;30mINFO[0m Sending desktop notification using 'notify2'
[12.688s] [34mcolcon.colcon_notification.desktop_notification.notify2[0m [1;30mDEBUG[0m [32mFailed to initialize notify2: org.freedesktop.DBus.Error.Spawn.ExecFailed: /usr/bin/dbus-launch terminated abnormally without any error message[0m
[12.689s] [34mcolcon.colcon_core.event_reactor[0m [1;30mDEBUG[0m [32mjoined thread[0m
[12.691s] [34mcolcon.colcon_core.shell[0m [1;30mINFO[0m Creating prefix script '/root/racecar_ws/install/local_setup.ps1'
[12.696s] [34mcolcon.colcon_core.shell[0m [1;30mINFO[0m Creating prefix util module '/root/racecar_ws/install/_local_setup_util_ps1.py'
[12.702s] [34mcolcon.colcon_core.shell[0m [1;30mINFO[0m Creating prefix chain script '/root/racecar_ws/install/setup.ps1'
[12.711s] [34mcolcon.colcon_core.shell[0m [1;30mINFO[0m Creating prefix script '/root/racecar_ws/install/local_setup.sh'
[12.713s] [34mcolcon.colcon_core.shell[0m [1;30mINFO[0m Creating prefix util module '/root/racecar_ws/install/_local_setup_util_sh.py'
[12.716s] [34mcolcon.colcon_core.shell[0m [1;30mINFO[0m Creating prefix chain script '/root/racecar_ws/install/setup.sh'
[12.725s] [34mcolcon.colcon_core.shell[0m [1;30mINFO[0m Creating prefix script '/root/racecar_ws/install/local_setup.bash'
[12.727s] [34mcolcon.colcon_core.shell[0m [1;30mINFO[0m Creating prefix chain script '/root/racecar_ws/install/setup.bash'
[12.735s] [34mcolcon.colcon_core.shell[0m [1;30mINFO[0m Creating prefix script '/root/racecar_ws/install/local_setup.zsh'
[12.737s] [34mcolcon.colcon_core.shell[0m [1;30mINFO[0m Creating prefix chain script '/root/racecar_ws/install/setup.zsh'
