running develop
running egg_info
writing visual_servoing.egg-info/PKG-INFO
writing dependency_links to visual_servoing.egg-info/dependency_links.txt
writing entry points to visual_servoing.egg-info/entry_points.txt
writing requirements to visual_servoing.egg-info/requires.txt
writing top-level names to visual_servoing.egg-info/top_level.txt
reading manifest file 'visual_servoing.egg-info/SOURCES.txt'
writing manifest file 'visual_servoing.egg-info/SOURCES.txt'
running build_ext
Creating /root/racecar_ws/install/visual_servoing/lib/python3.10/site-packages/visual-servoing.egg-link (link to .)
Installing cone_detector script to /root/racecar_ws/install/visual_servoing/lib/visual_servoing
Installing cone_sim_marker script to /root/racecar_ws/install/visual_servoing/lib/visual_servoing
Installing homography_transformer script to /root/racecar_ws/install/visual_servoing/lib/visual_servoing
Installing parking_controller script to /root/racecar_ws/install/visual_servoing/lib/visual_servoing
Installing yolo_annotator script to /root/racecar_ws/install/visual_servoing/lib/visual_servoing

Installed /root/racecar_ws/build/visual_servoing
running symlink_data
symbolically linking /root/racecar_ws/build/visual_servoing/resource/visual_servoing -> /root/racecar_ws/install/visual_servoing/share/ament_index/resource_index/packages
symbolically linking /root/racecar_ws/build/visual_servoing/package.xml -> /root/racecar_ws/install/visual_servoing/share/visual_servoing
symbolically linking /root/racecar_ws/build/visual_servoing/visual_servoing/computer_vision/cv_test.py -> /root/racecar_ws/install/visual_servoing/lib/visual_servoing/computer_vision
symbolically linking /root/racecar_ws/build/visual_servoing/visual_servoing/computer_vision/color_segmentation.py -> /root/racecar_ws/install/visual_servoing/lib/visual_servoing/computer_vision
symbolically linking /root/racecar_ws/build/visual_servoing/visual_servoing/computer_vision/sift_template.py -> /root/racecar_ws/install/visual_servoing/lib/visual_servoing/computer_vision
symbolically linking /root/racecar_ws/build/visual_servoing/visual_servoing/computer_vision/__init__.py -> /root/racecar_ws/install/visual_servoing/lib/visual_servoing/computer_vision
symbolically linking /root/racecar_ws/build/visual_servoing/launch/parking_sim.launch.xml -> /root/racecar_ws/install/visual_servoing/share/visual_servoing/launch
symbolically linking /root/racecar_ws/build/visual_servoing/launch/parking_deploy.launch.xml -> /root/racecar_ws/install/visual_servoing/share/visual_servoing/launch
symbolically linking /root/racecar_ws/build/visual_servoing/launch/yolo_annotator.launch.xml -> /root/racecar_ws/install/visual_servoing/share/visual_servoing/launch
