running develop
running egg_info
creating py_pubsub.egg-info
writing py_pubsub.egg-info/PKG-INFO
writing dependency_links to py_pubsub.egg-info/dependency_links.txt
writing entry points to py_pubsub.egg-info/entry_points.txt
writing requirements to py_pubsub.egg-info/requires.txt
writing top-level names to py_pubsub.egg-info/top_level.txt
writing manifest file 'py_pubsub.egg-info/SOURCES.txt'
reading manifest file 'py_pubsub.egg-info/SOURCES.txt'
writing manifest file 'py_pubsub.egg-info/SOURCES.txt'
/usr/lib/python3/dist-packages/pkg_resources/__init__.py:116: PkgResourcesDeprecationWarning: 2.0.5-build-libtorrent-rasterbar-QyJODx-libtorrent-rasterbar-2.0.5-bindings-python is an invalid version and will not be supported in a future release
  warnings.warn(
running build_ext
Creating /root/racecar_ws/install/py_pubsub/lib/python3.10/site-packages/py-pubsub.egg-link (link to .)
Installing listener script to /root/racecar_ws/install/py_pubsub/lib/py_pubsub
Installing talker script to /root/racecar_ws/install/py_pubsub/lib/py_pubsub

Installed /root/racecar_ws/build/py_pubsub
running symlink_data
creating /root/racecar_ws/install/py_pubsub/share/ament_index
creating /root/racecar_ws/install/py_pubsub/share/ament_index/resource_index
creating /root/racecar_ws/install/py_pubsub/share/ament_index/resource_index/packages
symbolically linking /root/racecar_ws/build/py_pubsub/resource/py_pubsub -> /root/racecar_ws/install/py_pubsub/share/ament_index/resource_index/packages
symbolically linking /root/racecar_ws/build/py_pubsub/package.xml -> /root/racecar_ws/install/py_pubsub/share/py_pubsub
