[0.775s] Invoking command in '/root/racecar_ws/build/vs_msgs': CMAKE_PREFIX_PATH=${CMAKE_PREFIX_PATH}:/root/racecar_ws/install/wall_follower:/root/racecar_ws/install/visual_servoing:/root/racecar_ws/install/safety_controller:/root/racecar_ws/install/ros_exercises:/root/racecar_ws/install/py_pubsub:/root/racecar_ws/install/labc_test1:/root/racecar_ws/install/evaluation:/root/ros2_ws/install/racecar:/opt/ros/humble /usr/bin/cmake --build /root/racecar_ws/build/vs_msgs -- -j6 -l6
[0.905s] [  2%] Built target vs_msgs__cpp
[0.914s] [ 12%] Built target vs_msgs__rosidl_generator_c
[0.931s] [ 12%] Built target ament_cmake_python_copy_vs_msgs
[0.969s] [ 23%] Built target vs_msgs__rosidl_typesupport_cpp
[0.992s] [ 34%] Built target vs_msgs__rosidl_typesupport_fastrtps_cpp
[0.994s] [ 46%] Built target vs_msgs__rosidl_typesupport_introspection_cpp
[0.994s] [ 55%] Built target vs_msgs__rosidl_typesupport_introspection_c
[0.996s] [ 65%] Built target vs_msgs__rosidl_typesupport_c
[1.018s] [ 76%] Built target vs_msgs__rosidl_typesupport_fastrtps_c
[1.071s] [ 76%] Built target vs_msgs
[1.128s] [ 78%] Built target vs_msgs__py
[1.201s] [ 87%] Built target vs_msgs__rosidl_generator_py
[1.266s] [ 91%] Built target vs_msgs__rosidl_typesupport_fastrtps_c__pyext
[1.267s] [ 95%] Built target vs_msgs__rosidl_typesupport_c__pyext
[1.288s] [100%] Built target vs_msgs__rosidl_typesupport_introspection_c__pyext
[1.697s] running egg_info
[1.699s] writing vs_msgs.egg-info/PKG-INFO
[1.699s] writing dependency_links to vs_msgs.egg-info/dependency_links.txt
[1.700s] writing top-level names to vs_msgs.egg-info/top_level.txt
[1.706s] reading manifest file 'vs_msgs.egg-info/SOURCES.txt'
[1.707s] writing manifest file 'vs_msgs.egg-info/SOURCES.txt'
[1.788s] [100%] Built target ament_cmake_python_build_vs_msgs_egg
[1.818s] Invoked command in '/root/racecar_ws/build/vs_msgs' returned '0': CMAKE_PREFIX_PATH=${CMAKE_PREFIX_PATH}:/root/racecar_ws/install/wall_follower:/root/racecar_ws/install/visual_servoing:/root/racecar_ws/install/safety_controller:/root/racecar_ws/install/ros_exercises:/root/racecar_ws/install/py_pubsub:/root/racecar_ws/install/labc_test1:/root/racecar_ws/install/evaluation:/root/ros2_ws/install/racecar:/opt/ros/humble /usr/bin/cmake --build /root/racecar_ws/build/vs_msgs -- -j6 -l6
[1.843s] Invoking command in '/root/racecar_ws/build/vs_msgs': CMAKE_PREFIX_PATH=${CMAKE_PREFIX_PATH}:/root/racecar_ws/install/wall_follower:/root/racecar_ws/install/visual_servoing:/root/racecar_ws/install/safety_controller:/root/racecar_ws/install/ros_exercises:/root/racecar_ws/install/py_pubsub:/root/racecar_ws/install/labc_test1:/root/racecar_ws/install/evaluation:/root/ros2_ws/install/racecar:/opt/ros/humble /usr/bin/cmake --install /root/racecar_ws/build/vs_msgs
[1.862s] -- Install configuration: ""
[1.863s] -- Up-to-date: /root/racecar_ws/install/vs_msgs/share/ament_index/resource_index/rosidl_interfaces/vs_msgs
[1.863s] -- Up-to-date: /root/racecar_ws/install/vs_msgs/include/vs_msgs/vs_msgs
[1.863s] -- Up-to-date: /root/racecar_ws/install/vs_msgs/include/vs_msgs/vs_msgs/msg
[1.863s] -- Up-to-date: /root/racecar_ws/install/vs_msgs/include/vs_msgs/vs_msgs/msg/rosidl_generator_c__visibility_control.h
[1.863s] -- Up-to-date: /root/racecar_ws/install/vs_msgs/include/vs_msgs/vs_msgs/msg/cone_location_pixel.h
[1.864s] -- Up-to-date: /root/racecar_ws/install/vs_msgs/include/vs_msgs/vs_msgs/msg/detail
[1.864s] -- Up-to-date: /root/racecar_ws/install/vs_msgs/include/vs_msgs/vs_msgs/msg/detail/parking_error__type_support.h
[1.864s] -- Up-to-date: /root/racecar_ws/install/vs_msgs/include/vs_msgs/vs_msgs/msg/detail/cone_location__functions.c
[1.864s] -- Up-to-date: /root/racecar_ws/install/vs_msgs/include/vs_msgs/vs_msgs/msg/detail/cone_location_pixel__functions.c
[1.864s] -- Up-to-date: /root/racecar_ws/install/vs_msgs/include/vs_msgs/vs_msgs/msg/detail/parking_error__struct.h
[1.864s] -- Up-to-date: /root/racecar_ws/install/vs_msgs/include/vs_msgs/vs_msgs/msg/detail/cone_location__struct.h
[1.865s] -- Up-to-date: /root/racecar_ws/install/vs_msgs/include/vs_msgs/vs_msgs/msg/detail/cone_location_pixel__struct.h
[1.865s] -- Up-to-date: /root/racecar_ws/install/vs_msgs/include/vs_msgs/vs_msgs/msg/detail/cone_location_pixel__functions.h
[1.865s] -- Up-to-date: /root/racecar_ws/install/vs_msgs/include/vs_msgs/vs_msgs/msg/detail/cone_location_pixel__type_support.h
[1.865s] -- Up-to-date: /root/racecar_ws/install/vs_msgs/include/vs_msgs/vs_msgs/msg/detail/parking_error__functions.h
[1.866s] -- Up-to-date: /root/racecar_ws/install/vs_msgs/include/vs_msgs/vs_msgs/msg/detail/cone_location__type_support.h
[1.866s] -- Up-to-date: /root/racecar_ws/install/vs_msgs/include/vs_msgs/vs_msgs/msg/detail/cone_location__functions.h
[1.866s] -- Up-to-date: /root/racecar_ws/install/vs_msgs/include/vs_msgs/vs_msgs/msg/detail/parking_error__functions.c
[1.866s] -- Up-to-date: /root/racecar_ws/install/vs_msgs/include/vs_msgs/vs_msgs/msg/cone_location.h
[1.866s] -- Up-to-date: /root/racecar_ws/install/vs_msgs/include/vs_msgs/vs_msgs/msg/parking_error.h
[1.866s] -- Up-to-date: /root/racecar_ws/install/vs_msgs/share/vs_msgs/environment/library_path.sh
[1.867s] -- Up-to-date: /root/racecar_ws/install/vs_msgs/share/vs_msgs/environment/library_path.dsv
[1.867s] -- Up-to-date: /root/racecar_ws/install/vs_msgs/lib/libvs_msgs__rosidl_generator_c.so
[1.867s] -- Up-to-date: /root/racecar_ws/install/vs_msgs/include/vs_msgs/vs_msgs
[1.867s] -- Up-to-date: /root/racecar_ws/install/vs_msgs/include/vs_msgs/vs_msgs/msg
[1.868s] -- Up-to-date: /root/racecar_ws/install/vs_msgs/include/vs_msgs/vs_msgs/msg/detail
[1.868s] -- Up-to-date: /root/racecar_ws/install/vs_msgs/include/vs_msgs/vs_msgs/msg/detail/cone_location__rosidl_typesupport_fastrtps_c.h
[1.868s] -- Up-to-date: /root/racecar_ws/install/vs_msgs/include/vs_msgs/vs_msgs/msg/detail/cone_location_pixel__rosidl_typesupport_fastrtps_c.h
[1.868s] -- Up-to-date: /root/racecar_ws/install/vs_msgs/include/vs_msgs/vs_msgs/msg/detail/parking_error__rosidl_typesupport_fastrtps_c.h
[1.869s] -- Up-to-date: /root/racecar_ws/install/vs_msgs/include/vs_msgs/vs_msgs/msg/rosidl_typesupport_fastrtps_c__visibility_control.h
[1.869s] -- Up-to-date: /root/racecar_ws/install/vs_msgs/lib/libvs_msgs__rosidl_typesupport_fastrtps_c.so
[1.869s] -- Up-to-date: /root/racecar_ws/install/vs_msgs/include/vs_msgs/vs_msgs
[1.869s] -- Up-to-date: /root/racecar_ws/install/vs_msgs/include/vs_msgs/vs_msgs/msg
[1.869s] -- Up-to-date: /root/racecar_ws/install/vs_msgs/include/vs_msgs/vs_msgs/msg/detail
[1.869s] -- Up-to-date: /root/racecar_ws/install/vs_msgs/include/vs_msgs/vs_msgs/msg/detail/parking_error__rosidl_typesupport_introspection_c.h
[1.870s] -- Up-to-date: /root/racecar_ws/install/vs_msgs/include/vs_msgs/vs_msgs/msg/detail/cone_location_pixel__rosidl_typesupport_introspection_c.h
[1.870s] -- Up-to-date: /root/racecar_ws/install/vs_msgs/include/vs_msgs/vs_msgs/msg/detail/cone_location__rosidl_typesupport_introspection_c.h
[1.870s] -- Up-to-date: /root/racecar_ws/install/vs_msgs/include/vs_msgs/vs_msgs/msg/detail/cone_location_pixel__type_support.c
[1.870s] -- Up-to-date: /root/racecar_ws/install/vs_msgs/include/vs_msgs/vs_msgs/msg/detail/cone_location__type_support.c
[1.870s] -- Up-to-date: /root/racecar_ws/install/vs_msgs/include/vs_msgs/vs_msgs/msg/detail/parking_error__type_support.c
[1.870s] -- Up-to-date: /root/racecar_ws/install/vs_msgs/include/vs_msgs/vs_msgs/msg/rosidl_typesupport_introspection_c__visibility_control.h
[1.871s] -- Up-to-date: /root/racecar_ws/install/vs_msgs/lib/libvs_msgs__rosidl_typesupport_introspection_c.so
[1.871s] -- Up-to-date: /root/racecar_ws/install/vs_msgs/lib/libvs_msgs__rosidl_typesupport_c.so
[1.871s] -- Up-to-date: /root/racecar_ws/install/vs_msgs/include/vs_msgs/vs_msgs
[1.871s] -- Up-to-date: /root/racecar_ws/install/vs_msgs/include/vs_msgs/vs_msgs/msg
[1.871s] -- Up-to-date: /root/racecar_ws/install/vs_msgs/include/vs_msgs/vs_msgs/msg/cone_location_pixel.hpp
[1.871s] -- Up-to-date: /root/racecar_ws/install/vs_msgs/include/vs_msgs/vs_msgs/msg/rosidl_generator_cpp__visibility_control.hpp
[1.872s] -- Up-to-date: /root/racecar_ws/install/vs_msgs/include/vs_msgs/vs_msgs/msg/detail
[1.872s] -- Up-to-date: /root/racecar_ws/install/vs_msgs/include/vs_msgs/vs_msgs/msg/detail/cone_location__struct.hpp
[1.872s] -- Up-to-date: /root/racecar_ws/install/vs_msgs/include/vs_msgs/vs_msgs/msg/detail/parking_error__type_support.hpp
[1.872s] -- Up-to-date: /root/racecar_ws/install/vs_msgs/include/vs_msgs/vs_msgs/msg/detail/parking_error__struct.hpp
[1.872s] -- Up-to-date: /root/racecar_ws/install/vs_msgs/include/vs_msgs/vs_msgs/msg/detail/cone_location__builder.hpp
[1.873s] -- Up-to-date: /root/racecar_ws/install/vs_msgs/include/vs_msgs/vs_msgs/msg/detail/cone_location_pixel__struct.hpp
[1.873s] -- Up-to-date: /root/racecar_ws/install/vs_msgs/include/vs_msgs/vs_msgs/msg/detail/cone_location__type_support.hpp
[1.873s] -- Up-to-date: /root/racecar_ws/install/vs_msgs/include/vs_msgs/vs_msgs/msg/detail/cone_location_pixel__traits.hpp
[1.873s] -- Up-to-date: /root/racecar_ws/install/vs_msgs/include/vs_msgs/vs_msgs/msg/detail/cone_location_pixel__builder.hpp
[1.873s] -- Up-to-date: /root/racecar_ws/install/vs_msgs/include/vs_msgs/vs_msgs/msg/detail/cone_location__traits.hpp
[1.873s] -- Up-to-date: /root/racecar_ws/install/vs_msgs/include/vs_msgs/vs_msgs/msg/detail/parking_error__builder.hpp
[1.875s] -- Up-to-date: /root/racecar_ws/install/vs_msgs/include/vs_msgs/vs_msgs/msg/detail/parking_error__traits.hpp
[1.875s] -- Up-to-date: /root/racecar_ws/install/vs_msgs/include/vs_msgs/vs_msgs/msg/detail/cone_location_pixel__type_support.hpp
[1.876s] -- Up-to-date: /root/racecar_ws/install/vs_msgs/include/vs_msgs/vs_msgs/msg/parking_error.hpp
[1.876s] -- Up-to-date: /root/racecar_ws/install/vs_msgs/include/vs_msgs/vs_msgs/msg/cone_location.hpp
[1.876s] -- Up-to-date: /root/racecar_ws/install/vs_msgs/include/vs_msgs/vs_msgs
[1.876s] -- Up-to-date: /root/racecar_ws/install/vs_msgs/include/vs_msgs/vs_msgs/msg
[1.876s] -- Up-to-date: /root/racecar_ws/install/vs_msgs/include/vs_msgs/vs_msgs/msg/detail
[1.876s] -- Up-to-date: /root/racecar_ws/install/vs_msgs/include/vs_msgs/vs_msgs/msg/detail/dds_fastrtps
[1.876s] -- Up-to-date: /root/racecar_ws/install/vs_msgs/include/vs_msgs/vs_msgs/msg/detail/cone_location__rosidl_typesupport_fastrtps_cpp.hpp
[1.877s] -- Up-to-date: /root/racecar_ws/install/vs_msgs/include/vs_msgs/vs_msgs/msg/detail/parking_error__rosidl_typesupport_fastrtps_cpp.hpp
[1.877s] -- Up-to-date: /root/racecar_ws/install/vs_msgs/include/vs_msgs/vs_msgs/msg/detail/cone_location_pixel__rosidl_typesupport_fastrtps_cpp.hpp
[1.877s] -- Up-to-date: /root/racecar_ws/install/vs_msgs/include/vs_msgs/vs_msgs/msg/rosidl_typesupport_fastrtps_cpp__visibility_control.h
[1.877s] -- Up-to-date: /root/racecar_ws/install/vs_msgs/lib/libvs_msgs__rosidl_typesupport_fastrtps_cpp.so
[1.877s] -- Up-to-date: /root/racecar_ws/install/vs_msgs/include/vs_msgs/vs_msgs
[1.877s] -- Up-to-date: /root/racecar_ws/install/vs_msgs/include/vs_msgs/vs_msgs/msg
[1.878s] -- Up-to-date: /root/racecar_ws/install/vs_msgs/include/vs_msgs/vs_msgs/msg/detail
[1.878s] -- Up-to-date: /root/racecar_ws/install/vs_msgs/include/vs_msgs/vs_msgs/msg/detail/cone_location_pixel__type_support.cpp
[1.878s] -- Up-to-date: /root/racecar_ws/install/vs_msgs/include/vs_msgs/vs_msgs/msg/detail/cone_location_pixel__rosidl_typesupport_introspection_cpp.hpp
[1.878s] -- Up-to-date: /root/racecar_ws/install/vs_msgs/include/vs_msgs/vs_msgs/msg/detail/parking_error__rosidl_typesupport_introspection_cpp.hpp
[1.878s] -- Up-to-date: /root/racecar_ws/install/vs_msgs/include/vs_msgs/vs_msgs/msg/detail/cone_location__rosidl_typesupport_introspection_cpp.hpp
[1.878s] -- Up-to-date: /root/racecar_ws/install/vs_msgs/include/vs_msgs/vs_msgs/msg/detail/parking_error__type_support.cpp
[1.878s] -- Up-to-date: /root/racecar_ws/install/vs_msgs/include/vs_msgs/vs_msgs/msg/detail/cone_location__type_support.cpp
[1.878s] -- Up-to-date: /root/racecar_ws/install/vs_msgs/lib/libvs_msgs__rosidl_typesupport_introspection_cpp.so
[1.879s] -- Up-to-date: /root/racecar_ws/install/vs_msgs/lib/libvs_msgs__rosidl_typesupport_cpp.so
[1.879s] -- Up-to-date: /root/racecar_ws/install/vs_msgs/share/vs_msgs/environment/pythonpath.sh
[1.880s] -- Up-to-date: /root/racecar_ws/install/vs_msgs/share/vs_msgs/environment/pythonpath.dsv
[1.881s] -- Up-to-date: /root/racecar_ws/install/vs_msgs/local/lib/python3.10/dist-packages/vs_msgs-0.0.0-py3.10.egg-info
[1.881s] -- Installing: /root/racecar_ws/install/vs_msgs/local/lib/python3.10/dist-packages/vs_msgs-0.0.0-py3.10.egg-info/top_level.txt
[1.882s] -- Installing: /root/racecar_ws/install/vs_msgs/local/lib/python3.10/dist-packages/vs_msgs-0.0.0-py3.10.egg-info/SOURCES.txt
[1.884s] -- Installing: /root/racecar_ws/install/vs_msgs/local/lib/python3.10/dist-packages/vs_msgs-0.0.0-py3.10.egg-info/PKG-INFO
[1.886s] -- Installing: /root/racecar_ws/install/vs_msgs/local/lib/python3.10/dist-packages/vs_msgs-0.0.0-py3.10.egg-info/dependency_links.txt
[1.886s] -- Up-to-date: /root/racecar_ws/install/vs_msgs/local/lib/python3.10/dist-packages/vs_msgs
[1.887s] -- Up-to-date: /root/racecar_ws/install/vs_msgs/local/lib/python3.10/dist-packages/vs_msgs/libvs_msgs__rosidl_generator_py.so
[1.887s] -- Up-to-date: /root/racecar_ws/install/vs_msgs/local/lib/python3.10/dist-packages/vs_msgs/_vs_msgs_s.ep.rosidl_typesupport_introspection_c.c
[1.887s] -- Up-to-date: /root/racecar_ws/install/vs_msgs/local/lib/python3.10/dist-packages/vs_msgs/vs_msgs_s__rosidl_typesupport_introspection_c.cpython-310-aarch64-linux-gnu.so
[1.887s] -- Up-to-date: /root/racecar_ws/install/vs_msgs/local/lib/python3.10/dist-packages/vs_msgs/vs_msgs_s__rosidl_typesupport_fastrtps_c.cpython-310-aarch64-linux-gnu.so
[1.887s] -- Up-to-date: /root/racecar_ws/install/vs_msgs/local/lib/python3.10/dist-packages/vs_msgs/_vs_msgs_s.ep.rosidl_typesupport_c.c
[1.887s] -- Up-to-date: /root/racecar_ws/install/vs_msgs/local/lib/python3.10/dist-packages/vs_msgs/msg
[1.888s] -- Up-to-date: /root/racecar_ws/install/vs_msgs/local/lib/python3.10/dist-packages/vs_msgs/msg/_cone_location_pixel_s.c
[1.888s] -- Up-to-date: /root/racecar_ws/install/vs_msgs/local/lib/python3.10/dist-packages/vs_msgs/msg/_parking_error_s.c
[1.888s] -- Up-to-date: /root/racecar_ws/install/vs_msgs/local/lib/python3.10/dist-packages/vs_msgs/msg/_cone_location.py
[1.888s] -- Up-to-date: /root/racecar_ws/install/vs_msgs/local/lib/python3.10/dist-packages/vs_msgs/msg/_cone_location_pixel.py
[1.888s] -- Up-to-date: /root/racecar_ws/install/vs_msgs/local/lib/python3.10/dist-packages/vs_msgs/msg/_cone_location_s.c
[1.888s] -- Up-to-date: /root/racecar_ws/install/vs_msgs/local/lib/python3.10/dist-packages/vs_msgs/msg/__init__.py
[1.889s] -- Up-to-date: /root/racecar_ws/install/vs_msgs/local/lib/python3.10/dist-packages/vs_msgs/msg/_parking_error.py
[1.889s] -- Up-to-date: /root/racecar_ws/install/vs_msgs/local/lib/python3.10/dist-packages/vs_msgs/_vs_msgs_s.ep.rosidl_typesupport_fastrtps_c.c
[1.889s] -- Up-to-date: /root/racecar_ws/install/vs_msgs/local/lib/python3.10/dist-packages/vs_msgs/__init__.py
[1.889s] -- Up-to-date: /root/racecar_ws/install/vs_msgs/local/lib/python3.10/dist-packages/vs_msgs/vs_msgs_s__rosidl_typesupport_c.cpython-310-aarch64-linux-gnu.so
[1.968s] Listing '/root/racecar_ws/install/vs_msgs/local/lib/python3.10/dist-packages/vs_msgs'...
[1.968s] Listing '/root/racecar_ws/install/vs_msgs/local/lib/python3.10/dist-packages/vs_msgs/msg'...
[1.980s] -- Up-to-date: /root/racecar_ws/install/vs_msgs/local/lib/python3.10/dist-packages/vs_msgs/vs_msgs_s__rosidl_typesupport_fastrtps_c.cpython-310-aarch64-linux-gnu.so
[1.980s] -- Up-to-date: /root/racecar_ws/install/vs_msgs/local/lib/python3.10/dist-packages/vs_msgs/vs_msgs_s__rosidl_typesupport_introspection_c.cpython-310-aarch64-linux-gnu.so
[1.980s] -- Up-to-date: /root/racecar_ws/install/vs_msgs/local/lib/python3.10/dist-packages/vs_msgs/vs_msgs_s__rosidl_typesupport_c.cpython-310-aarch64-linux-gnu.so
[1.981s] -- Up-to-date: /root/racecar_ws/install/vs_msgs/lib/libvs_msgs__rosidl_generator_py.so
[1.981s] -- Up-to-date: /root/racecar_ws/install/vs_msgs/share/vs_msgs/msg/ConeLocation.idl
[1.982s] -- Up-to-date: /root/racecar_ws/install/vs_msgs/share/vs_msgs/msg/ConeLocationPixel.idl
[1.982s] -- Up-to-date: /root/racecar_ws/install/vs_msgs/share/vs_msgs/msg/ParkingError.idl
[1.982s] -- Up-to-date: /root/racecar_ws/install/vs_msgs/share/vs_msgs/msg/ConeLocation.msg
[1.982s] -- Up-to-date: /root/racecar_ws/install/vs_msgs/share/vs_msgs/msg/ConeLocationPixel.msg
[1.983s] -- Up-to-date: /root/racecar_ws/install/vs_msgs/share/vs_msgs/msg/ParkingError.msg
[1.983s] -- Up-to-date: /root/racecar_ws/install/vs_msgs/share/ament_index/resource_index/package_run_dependencies/vs_msgs
[1.983s] -- Up-to-date: /root/racecar_ws/install/vs_msgs/share/ament_index/resource_index/parent_prefix_path/vs_msgs
[1.983s] -- Up-to-date: /root/racecar_ws/install/vs_msgs/share/vs_msgs/environment/ament_prefix_path.sh
[1.983s] -- Up-to-date: /root/racecar_ws/install/vs_msgs/share/vs_msgs/environment/ament_prefix_path.dsv
[1.983s] -- Up-to-date: /root/racecar_ws/install/vs_msgs/share/vs_msgs/environment/path.sh
[1.983s] -- Up-to-date: /root/racecar_ws/install/vs_msgs/share/vs_msgs/environment/path.dsv
[1.984s] -- Up-to-date: /root/racecar_ws/install/vs_msgs/share/vs_msgs/local_setup.bash
[1.984s] -- Up-to-date: /root/racecar_ws/install/vs_msgs/share/vs_msgs/local_setup.sh
[1.984s] -- Up-to-date: /root/racecar_ws/install/vs_msgs/share/vs_msgs/local_setup.zsh
[1.984s] -- Up-to-date: /root/racecar_ws/install/vs_msgs/share/vs_msgs/local_setup.dsv
[1.984s] -- Installing: /root/racecar_ws/install/vs_msgs/share/vs_msgs/package.dsv
[1.985s] -- Up-to-date: /root/racecar_ws/install/vs_msgs/share/ament_index/resource_index/packages/vs_msgs
[1.985s] -- Up-to-date: /root/racecar_ws/install/vs_msgs/share/vs_msgs/cmake/export_vs_msgs__rosidl_generator_cExport.cmake
[1.985s] -- Up-to-date: /root/racecar_ws/install/vs_msgs/share/vs_msgs/cmake/export_vs_msgs__rosidl_generator_cExport-noconfig.cmake
[1.985s] -- Up-to-date: /root/racecar_ws/install/vs_msgs/share/vs_msgs/cmake/export_vs_msgs__rosidl_typesupport_fastrtps_cExport.cmake
[1.985s] -- Up-to-date: /root/racecar_ws/install/vs_msgs/share/vs_msgs/cmake/export_vs_msgs__rosidl_typesupport_fastrtps_cExport-noconfig.cmake
[1.985s] -- Up-to-date: /root/racecar_ws/install/vs_msgs/share/vs_msgs/cmake/vs_msgs__rosidl_typesupport_introspection_cExport.cmake
[1.986s] -- Up-to-date: /root/racecar_ws/install/vs_msgs/share/vs_msgs/cmake/vs_msgs__rosidl_typesupport_introspection_cExport-noconfig.cmake
[1.986s] -- Up-to-date: /root/racecar_ws/install/vs_msgs/share/vs_msgs/cmake/vs_msgs__rosidl_typesupport_cExport.cmake
[1.986s] -- Up-to-date: /root/racecar_ws/install/vs_msgs/share/vs_msgs/cmake/vs_msgs__rosidl_typesupport_cExport-noconfig.cmake
[1.986s] -- Up-to-date: /root/racecar_ws/install/vs_msgs/share/vs_msgs/cmake/export_vs_msgs__rosidl_generator_cppExport.cmake
[1.986s] -- Up-to-date: /root/racecar_ws/install/vs_msgs/share/vs_msgs/cmake/export_vs_msgs__rosidl_typesupport_fastrtps_cppExport.cmake
[1.987s] -- Up-to-date: /root/racecar_ws/install/vs_msgs/share/vs_msgs/cmake/export_vs_msgs__rosidl_typesupport_fastrtps_cppExport-noconfig.cmake
[1.987s] -- Up-to-date: /root/racecar_ws/install/vs_msgs/share/vs_msgs/cmake/vs_msgs__rosidl_typesupport_introspection_cppExport.cmake
[1.987s] -- Up-to-date: /root/racecar_ws/install/vs_msgs/share/vs_msgs/cmake/vs_msgs__rosidl_typesupport_introspection_cppExport-noconfig.cmake
[1.987s] -- Up-to-date: /root/racecar_ws/install/vs_msgs/share/vs_msgs/cmake/vs_msgs__rosidl_typesupport_cppExport.cmake
[1.987s] -- Up-to-date: /root/racecar_ws/install/vs_msgs/share/vs_msgs/cmake/vs_msgs__rosidl_typesupport_cppExport-noconfig.cmake
[1.987s] -- Up-to-date: /root/racecar_ws/install/vs_msgs/share/vs_msgs/cmake/export_vs_msgs__rosidl_generator_pyExport.cmake
[1.987s] -- Up-to-date: /root/racecar_ws/install/vs_msgs/share/vs_msgs/cmake/export_vs_msgs__rosidl_generator_pyExport-noconfig.cmake
[1.987s] -- Up-to-date: /root/racecar_ws/install/vs_msgs/share/vs_msgs/cmake/rosidl_cmake-extras.cmake
[1.988s] -- Up-to-date: /root/racecar_ws/install/vs_msgs/share/vs_msgs/cmake/ament_cmake_export_include_directories-extras.cmake
[1.988s] -- Up-to-date: /root/racecar_ws/install/vs_msgs/share/vs_msgs/cmake/ament_cmake_export_libraries-extras.cmake
[1.988s] -- Up-to-date: /root/racecar_ws/install/vs_msgs/share/vs_msgs/cmake/ament_cmake_export_targets-extras.cmake
[1.988s] -- Up-to-date: /root/racecar_ws/install/vs_msgs/share/vs_msgs/cmake/rosidl_cmake_export_typesupport_targets-extras.cmake
[1.988s] -- Up-to-date: /root/racecar_ws/install/vs_msgs/share/vs_msgs/cmake/ament_cmake_export_dependencies-extras.cmake
[1.988s] -- Up-to-date: /root/racecar_ws/install/vs_msgs/share/vs_msgs/cmake/rosidl_cmake_export_typesupport_libraries-extras.cmake
[1.988s] -- Up-to-date: /root/racecar_ws/install/vs_msgs/share/vs_msgs/cmake/vs_msgsConfig.cmake
[1.988s] -- Up-to-date: /root/racecar_ws/install/vs_msgs/share/vs_msgs/cmake/vs_msgsConfig-version.cmake
[1.989s] -- Up-to-date: /root/racecar_ws/install/vs_msgs/share/vs_msgs/package.xml
[1.993s] Invoked command in '/root/racecar_ws/build/vs_msgs' returned '0': CMAKE_PREFIX_PATH=${CMAKE_PREFIX_PATH}:/root/racecar_ws/install/wall_follower:/root/racecar_ws/install/visual_servoing:/root/racecar_ws/install/safety_controller:/root/racecar_ws/install/ros_exercises:/root/racecar_ws/install/py_pubsub:/root/racecar_ws/install/labc_test1:/root/racecar_ws/install/evaluation:/root/ros2_ws/install/racecar:/opt/ros/humble /usr/bin/cmake --install /root/racecar_ws/build/vs_msgs
