[0.312s] [34mcolcon[0m [1;30mDEBUG[0m [32mCommand line arguments: ['/usr/bin/colcon', 'build', '--packages-select', 'visual_servoing'][0m
[0.313s] [34mcolcon[0m [1;30mDEBUG[0m [32mParsed command line arguments: Namespace(log_base=None, log_level=None, verb_name='build', build_base='build', install_base='install', merge_install=False, symlink_install=False, test_result_base=None, continue_on_error=False, executor='parallel', parallel_workers=6, event_handlers=None, ignore_user_meta=False, metas=['./colcon.meta'], base_paths=['.'], packages_ignore=None, packages_ignore_regex=None, paths=None, packages_up_to=None, packages_up_to_regex=None, packages_above=None, packages_above_and_dependencies=None, packages_above_depth=None, packages_select_by_dep=None, packages_skip_by_dep=None, packages_skip_up_to=None, packages_select_build_failed=False, packages_skip_build_finished=False, packages_select_test_failures=False, packages_skip_test_passed=False, packages_select=['visual_servoing'], packages_skip=None, packages_select_regex=None, packages_skip_regex=None, packages_start=None, packages_end=None, allow_overriding=[], cmake_args=None, cmake_target=None, cmake_target_skip_unavailable=False, cmake_clean_cache=False, cmake_clean_first=False, cmake_force_configure=False, ament_cmake_args=None, catkin_cmake_args=None, catkin_skip_building_tests=False, mixin_files=None, mixin=None, verb_parser=<colcon_mixin.mixin.mixin_argument.MixinArgumentDecorator object at 0xffff9e284430>, verb_extension=<colcon_core.verb.build.BuildVerb object at 0xffff9e3910f0>, main=<bound method BuildVerb.main of <colcon_core.verb.build.BuildVerb object at 0xffff9e3910f0>>, mixin_verb=('build',))[0m
[0.795s] [34mcolcon.colcon_core.package_discovery[0m [1;30mLevel 1[0m discover_packages(colcon_meta) check parameters
[0.795s] [34mcolcon.colcon_core.package_discovery[0m [1;30mLevel 1[0m discover_packages(recursive) check parameters
[0.795s] [34mcolcon.colcon_core.package_discovery[0m [1;30mLevel 1[0m discover_packages(ignore) check parameters
[0.795s] [34mcolcon.colcon_core.package_discovery[0m [1;30mLevel 1[0m discover_packages(path) check parameters
[0.795s] [34mcolcon.colcon_core.package_discovery[0m [1;30mLevel 1[0m discover_packages(colcon_meta) discover
[0.795s] [34mcolcon.colcon_core.package_discovery[0m [1;30mLevel 1[0m discover_packages(recursive) discover
[0.795s] [34mcolcon.colcon_core.package_discovery[0m [1;30mINFO[0m Crawling recursively for packages in '/root/racecar_ws'
[0.796s] [34mcolcon.colcon_core.package_identification[0m [1;30mLevel 1[0m _identify(.) by extensions ['ignore', 'ignore_ament_install']
[0.796s] [34mcolcon.colcon_core.package_identification[0m [1;30mLevel 1[0m _identify(.) by extension 'ignore'
[0.796s] [34mcolcon.colcon_core.package_identification[0m [1;30mLevel 1[0m _identify(.) by extension 'ignore_ament_install'
[0.796s] [34mcolcon.colcon_core.package_identification[0m [1;30mLevel 1[0m _identify(.) by extensions ['colcon_pkg']
[0.796s] [34mcolcon.colcon_core.package_identification[0m [1;30mLevel 1[0m _identify(.) by extension 'colcon_pkg'
[0.797s] [34mcolcon.colcon_core.package_identification[0m [1;30mLevel 1[0m _identify(.) by extensions ['colcon_meta']
[0.797s] [34mcolcon.colcon_core.package_identification[0m [1;30mLevel 1[0m _identify(.) by extension 'colcon_meta'
[0.797s] [34mcolcon.colcon_core.package_identification[0m [1;30mLevel 1[0m _identify(.) by extensions ['ros']
[0.797s] [34mcolcon.colcon_core.package_identification[0m [1;30mLevel 1[0m _identify(.) by extension 'ros'
[0.854s] [34mcolcon.colcon_core.package_identification[0m [1;30mLevel 1[0m _identify(.) by extensions ['cmake', 'python']
[0.855s] [34mcolcon.colcon_core.package_identification[0m [1;30mLevel 1[0m _identify(.) by extension 'cmake'
[0.855s] [34mcolcon.colcon_core.package_identification[0m [1;30mLevel 1[0m _identify(.) by extension 'python'
[0.855s] [34mcolcon.colcon_core.package_identification[0m [1;30mLevel 1[0m _identify(.) by extensions ['python_setup_py']
[0.855s] [34mcolcon.colcon_core.package_identification[0m [1;30mLevel 1[0m _identify(.) by extension 'python_setup_py'
[0.855s] [34mcolcon.colcon_core.package_identification[0m [1;30mLevel 1[0m _identify(build) by extensions ['ignore', 'ignore_ament_install']
[0.855s] [34mcolcon.colcon_core.package_identification[0m [1;30mLevel 1[0m _identify(build) by extension 'ignore'
[0.856s] [34mcolcon.colcon_core.package_identification[0m [1;30mLevel 1[0m _identify(build) ignored
[0.856s] [34mcolcon.colcon_core.package_identification[0m [1;30mLevel 1[0m _identify(install) by extensions ['ignore', 'ignore_ament_install']
[0.856s] [34mcolcon.colcon_core.package_identification[0m [1;30mLevel 1[0m _identify(install) by extension 'ignore'
[0.856s] [34mcolcon.colcon_core.package_identification[0m [1;30mLevel 1[0m _identify(install) ignored
[0.856s] [34mcolcon.colcon_core.package_identification[0m [1;30mLevel 1[0m _identify(log) by extensions ['ignore', 'ignore_ament_install']
[0.857s] [34mcolcon.colcon_core.package_identification[0m [1;30mLevel 1[0m _identify(log) by extension 'ignore'
[0.857s] [34mcolcon.colcon_core.package_identification[0m [1;30mLevel 1[0m _identify(log) ignored
[0.857s] [34mcolcon.colcon_core.package_identification[0m [1;30mLevel 1[0m _identify(src) by extensions ['ignore', 'ignore_ament_install']
[0.857s] [34mcolcon.colcon_core.package_identification[0m [1;30mLevel 1[0m _identify(src) by extension 'ignore'
[0.857s] [34mcolcon.colcon_core.package_identification[0m [1;30mLevel 1[0m _identify(src) by extension 'ignore_ament_install'
[0.857s] [34mcolcon.colcon_core.package_identification[0m [1;30mLevel 1[0m _identify(src) by extensions ['colcon_pkg']
[0.857s] [34mcolcon.colcon_core.package_identification[0m [1;30mLevel 1[0m _identify(src) by extension 'colcon_pkg'
[0.858s] [34mcolcon.colcon_core.package_identification[0m [1;30mLevel 1[0m _identify(src) by extensions ['colcon_meta']
[0.858s] [34mcolcon.colcon_core.package_identification[0m [1;30mLevel 1[0m _identify(src) by extension 'colcon_meta'
[0.858s] [34mcolcon.colcon_core.package_identification[0m [1;30mLevel 1[0m _identify(src) by extensions ['ros']
[0.858s] [34mcolcon.colcon_core.package_identification[0m [1;30mLevel 1[0m _identify(src) by extension 'ros'
[0.858s] [34mcolcon.colcon_core.package_identification[0m [1;30mLevel 1[0m _identify(src) by extensions ['cmake', 'python']
[0.858s] [34mcolcon.colcon_core.package_identification[0m [1;30mLevel 1[0m _identify(src) by extension 'cmake'
[0.858s] [34mcolcon.colcon_core.package_identification[0m [1;30mLevel 1[0m _identify(src) by extension 'python'
[0.858s] [34mcolcon.colcon_core.package_identification[0m [1;30mLevel 1[0m _identify(src) by extensions ['python_setup_py']
[0.858s] [34mcolcon.colcon_core.package_identification[0m [1;30mLevel 1[0m _identify(src) by extension 'python_setup_py'
[0.858s] [34mcolcon.colcon_core.package_identification[0m [1;30mLevel 1[0m _identify(src/lab1c) by extensions ['ignore', 'ignore_ament_install']
[0.859s] [34mcolcon.colcon_core.package_identification[0m [1;30mLevel 1[0m _identify(src/lab1c) by extension 'ignore'
[0.859s] [34mcolcon.colcon_core.package_identification[0m [1;30mLevel 1[0m _identify(src/lab1c) by extension 'ignore_ament_install'
[0.859s] [34mcolcon.colcon_core.package_identification[0m [1;30mLevel 1[0m _identify(src/lab1c) by extensions ['colcon_pkg']
[0.859s] [34mcolcon.colcon_core.package_identification[0m [1;30mLevel 1[0m _identify(src/lab1c) by extension 'colcon_pkg'
[0.859s] [34mcolcon.colcon_core.package_identification[0m [1;30mLevel 1[0m _identify(src/lab1c) by extensions ['colcon_meta']
[0.859s] [34mcolcon.colcon_core.package_identification[0m [1;30mLevel 1[0m _identify(src/lab1c) by extension 'colcon_meta'
[0.859s] [34mcolcon.colcon_core.package_identification[0m [1;30mLevel 1[0m _identify(src/lab1c) by extensions ['ros']
[0.859s] [34mcolcon.colcon_core.package_identification[0m [1;30mLevel 1[0m _identify(src/lab1c) by extension 'ros'
[0.859s] [34mcolcon.colcon_core.package_identification[0m [1;30mLevel 1[0m _identify(src/lab1c) by extensions ['cmake', 'python']
[0.860s] [34mcolcon.colcon_core.package_identification[0m [1;30mLevel 1[0m _identify(src/lab1c) by extension 'cmake'
[0.860s] [34mcolcon.colcon_core.package_identification[0m [1;30mLevel 1[0m _identify(src/lab1c) by extension 'python'
[0.860s] [34mcolcon.colcon_core.package_identification[0m [1;30mLevel 1[0m _identify(src/lab1c) by extensions ['python_setup_py']
[0.860s] [34mcolcon.colcon_core.package_identification[0m [1;30mLevel 1[0m _identify(src/lab1c) by extension 'python_setup_py'
[0.860s] [34mcolcon.colcon_core.package_identification[0m [1;30mLevel 1[0m _identify(src/lab1c/custom_msgs) by extensions ['ignore', 'ignore_ament_install']
[0.860s] [34mcolcon.colcon_core.package_identification[0m [1;30mLevel 1[0m _identify(src/lab1c/custom_msgs) by extension 'ignore'
[0.860s] [34mcolcon.colcon_core.package_identification[0m [1;30mLevel 1[0m _identify(src/lab1c/custom_msgs) by extension 'ignore_ament_install'
[0.860s] [34mcolcon.colcon_core.package_identification[0m [1;30mLevel 1[0m _identify(src/lab1c/custom_msgs) by extensions ['colcon_pkg']
[0.860s] [34mcolcon.colcon_core.package_identification[0m [1;30mLevel 1[0m _identify(src/lab1c/custom_msgs) by extension 'colcon_pkg'
[0.861s] [34mcolcon.colcon_core.package_identification[0m [1;30mLevel 1[0m _identify(src/lab1c/custom_msgs) by extensions ['colcon_meta']
[0.861s] [34mcolcon.colcon_core.package_identification[0m [1;30mLevel 1[0m _identify(src/lab1c/custom_msgs) by extension 'colcon_meta'
[0.861s] [34mcolcon.colcon_core.package_identification[0m [1;30mLevel 1[0m _identify(src/lab1c/custom_msgs) by extensions ['ros']
[0.861s] [34mcolcon.colcon_core.package_identification[0m [1;30mLevel 1[0m _identify(src/lab1c/custom_msgs) by extension 'ros'
[0.867s] [34mcolcon.colcon_core.package_identification[0m [1;30mDEBUG[0m [32mPackage 'src/lab1c/custom_msgs' with type 'ros.ament_cmake' and name 'custom_msgs'[0m
[0.867s] [34mcolcon.colcon_core.package_identification[0m [1;30mLevel 1[0m _identify(src/lab1c/ros_exercises) by extensions ['ignore', 'ignore_ament_install']
[0.867s] [34mcolcon.colcon_core.package_identification[0m [1;30mLevel 1[0m _identify(src/lab1c/ros_exercises) by extension 'ignore'
[0.868s] [34mcolcon.colcon_core.package_identification[0m [1;30mLevel 1[0m _identify(src/lab1c/ros_exercises) by extension 'ignore_ament_install'
[0.868s] [34mcolcon.colcon_core.package_identification[0m [1;30mLevel 1[0m _identify(src/lab1c/ros_exercises) by extensions ['colcon_pkg']
[0.868s] [34mcolcon.colcon_core.package_identification[0m [1;30mLevel 1[0m _identify(src/lab1c/ros_exercises) by extension 'colcon_pkg'
[0.868s] [34mcolcon.colcon_core.package_identification[0m [1;30mLevel 1[0m _identify(src/lab1c/ros_exercises) by extensions ['colcon_meta']
[0.868s] [34mcolcon.colcon_core.package_identification[0m [1;30mLevel 1[0m _identify(src/lab1c/ros_exercises) by extension 'colcon_meta'
[0.868s] [34mcolcon.colcon_core.package_identification[0m [1;30mLevel 1[0m _identify(src/lab1c/ros_exercises) by extensions ['ros']
[0.868s] [34mcolcon.colcon_core.package_identification[0m [1;30mLevel 1[0m _identify(src/lab1c/ros_exercises) by extension 'ros'
[0.870s] [34mcolcon.colcon_core.package_identification[0m [1;30mDEBUG[0m [32mPackage 'src/lab1c/ros_exercises' with type 'ros.ament_python' and name 'ros_exercises'[0m
[0.870s] [34mcolcon.colcon_core.package_identification[0m [1;30mLevel 1[0m _identify(src/labc_test1) by extensions ['ignore', 'ignore_ament_install']
[0.870s] [34mcolcon.colcon_core.package_identification[0m [1;30mLevel 1[0m _identify(src/labc_test1) by extension 'ignore'
[0.871s] [34mcolcon.colcon_core.package_identification[0m [1;30mLevel 1[0m _identify(src/labc_test1) by extension 'ignore_ament_install'
[0.871s] [34mcolcon.colcon_core.package_identification[0m [1;30mLevel 1[0m _identify(src/labc_test1) by extensions ['colcon_pkg']
[0.871s] [34mcolcon.colcon_core.package_identification[0m [1;30mLevel 1[0m _identify(src/labc_test1) by extension 'colcon_pkg'
[0.871s] [34mcolcon.colcon_core.package_identification[0m [1;30mLevel 1[0m _identify(src/labc_test1) by extensions ['colcon_meta']
[0.871s] [34mcolcon.colcon_core.package_identification[0m [1;30mLevel 1[0m _identify(src/labc_test1) by extension 'colcon_meta'
[0.871s] [34mcolcon.colcon_core.package_identification[0m [1;30mLevel 1[0m _identify(src/labc_test1) by extensions ['ros']
[0.871s] [34mcolcon.colcon_core.package_identification[0m [1;30mLevel 1[0m _identify(src/labc_test1) by extension 'ros'
[0.873s] [34mcolcon.colcon_core.package_identification[0m [1;30mDEBUG[0m [32mPackage 'src/labc_test1' with type 'ros.ament_python' and name 'labc_test1'[0m
[0.873s] [34mcolcon.colcon_core.package_identification[0m [1;30mLevel 1[0m _identify(src/py_pubsub) by extensions ['ignore', 'ignore_ament_install']
[0.873s] [34mcolcon.colcon_core.package_identification[0m [1;30mLevel 1[0m _identify(src/py_pubsub) by extension 'ignore'
[0.873s] [34mcolcon.colcon_core.package_identification[0m [1;30mLevel 1[0m _identify(src/py_pubsub) by extension 'ignore_ament_install'
[0.874s] [34mcolcon.colcon_core.package_identification[0m [1;30mLevel 1[0m _identify(src/py_pubsub) by extensions ['colcon_pkg']
[0.874s] [34mcolcon.colcon_core.package_identification[0m [1;30mLevel 1[0m _identify(src/py_pubsub) by extension 'colcon_pkg'
[0.874s] [34mcolcon.colcon_core.package_identification[0m [1;30mLevel 1[0m _identify(src/py_pubsub) by extensions ['colcon_meta']
[0.874s] [34mcolcon.colcon_core.package_identification[0m [1;30mLevel 1[0m _identify(src/py_pubsub) by extension 'colcon_meta'
[0.874s] [34mcolcon.colcon_core.package_identification[0m [1;30mLevel 1[0m _identify(src/py_pubsub) by extensions ['ros']
[0.874s] [34mcolcon.colcon_core.package_identification[0m [1;30mLevel 1[0m _identify(src/py_pubsub) by extension 'ros'
[0.875s] [34mcolcon.colcon_core.package_identification[0m [1;30mDEBUG[0m [32mPackage 'src/py_pubsub' with type 'ros.ament_python' and name 'py_pubsub'[0m
[0.875s] [34mcolcon.colcon_core.package_identification[0m [1;30mLevel 1[0m _identify(src/safety_controller) by extensions ['ignore', 'ignore_ament_install']
[0.876s] [34mcolcon.colcon_core.package_identification[0m [1;30mLevel 1[0m _identify(src/safety_controller) by extension 'ignore'
[0.876s] [34mcolcon.colcon_core.package_identification[0m [1;30mLevel 1[0m _identify(src/safety_controller) by extension 'ignore_ament_install'
[0.876s] [34mcolcon.colcon_core.package_identification[0m [1;30mLevel 1[0m _identify(src/safety_controller) by extensions ['colcon_pkg']
[0.876s] [34mcolcon.colcon_core.package_identification[0m [1;30mLevel 1[0m _identify(src/safety_controller) by extension 'colcon_pkg'
[0.876s] [34mcolcon.colcon_core.package_identification[0m [1;30mLevel 1[0m _identify(src/safety_controller) by extensions ['colcon_meta']
[0.876s] [34mcolcon.colcon_core.package_identification[0m [1;30mLevel 1[0m _identify(src/safety_controller) by extension 'colcon_meta'
[0.876s] [34mcolcon.colcon_core.package_identification[0m [1;30mLevel 1[0m _identify(src/safety_controller) by extensions ['ros']
[0.876s] [34mcolcon.colcon_core.package_identification[0m [1;30mLevel 1[0m _identify(src/safety_controller) by extension 'ros'
[0.877s] [34mcolcon.colcon_core.package_identification[0m [1;30mLevel 1[0m _identify(src/safety_controller) by extensions ['cmake', 'python']
[0.877s] [34mcolcon.colcon_core.package_identification[0m [1;30mLevel 1[0m _identify(src/safety_controller) by extension 'cmake'
[0.877s] [34mcolcon.colcon_core.package_identification[0m [1;30mLevel 1[0m _identify(src/safety_controller) by extension 'python'
[0.877s] [34mcolcon.colcon_core.package_identification[0m [1;30mLevel 1[0m _identify(src/safety_controller) by extensions ['python_setup_py']
[0.877s] [34mcolcon.colcon_core.package_identification[0m [1;30mLevel 1[0m _identify(src/safety_controller) by extension 'python_setup_py'
[0.877s] [34mcolcon.colcon_core.package_identification[0m [1;30mLevel 1[0m _identify(src/safety_controller/safety_controller) by extensions ['ignore', 'ignore_ament_install']
[0.877s] [34mcolcon.colcon_core.package_identification[0m [1;30mLevel 1[0m _identify(src/safety_controller/safety_controller) by extension 'ignore'
[0.878s] [34mcolcon.colcon_core.package_identification[0m [1;30mLevel 1[0m _identify(src/safety_controller/safety_controller) by extension 'ignore_ament_install'
[0.878s] [34mcolcon.colcon_core.package_identification[0m [1;30mLevel 1[0m _identify(src/safety_controller/safety_controller) by extensions ['colcon_pkg']
[0.878s] [34mcolcon.colcon_core.package_identification[0m [1;30mLevel 1[0m _identify(src/safety_controller/safety_controller) by extension 'colcon_pkg'
[0.878s] [34mcolcon.colcon_core.package_identification[0m [1;30mLevel 1[0m _identify(src/safety_controller/safety_controller) by extensions ['colcon_meta']
[0.878s] [34mcolcon.colcon_core.package_identification[0m [1;30mLevel 1[0m _identify(src/safety_controller/safety_controller) by extension 'colcon_meta'
[0.878s] [34mcolcon.colcon_core.package_identification[0m [1;30mLevel 1[0m _identify(src/safety_controller/safety_controller) by extensions ['ros']
[0.878s] [34mcolcon.colcon_core.package_identification[0m [1;30mLevel 1[0m _identify(src/safety_controller/safety_controller) by extension 'ros'
[0.878s] [34mcolcon.colcon_core.package_identification[0m [1;30mLevel 1[0m _identify(src/safety_controller/safety_controller) by extensions ['cmake', 'python']
[0.878s] [34mcolcon.colcon_core.package_identification[0m [1;30mLevel 1[0m _identify(src/safety_controller/safety_controller) by extension 'cmake'
[0.878s] [34mcolcon.colcon_core.package_identification[0m [1;30mLevel 1[0m _identify(src/safety_controller/safety_controller) by extension 'python'
[0.878s] [34mcolcon.colcon_core.package_identification[0m [1;30mLevel 1[0m _identify(src/safety_controller/safety_controller) by extensions ['python_setup_py']
[0.879s] [34mcolcon.colcon_core.package_identification[0m [1;30mLevel 1[0m _identify(src/safety_controller/safety_controller) by extension 'python_setup_py'
[0.879s] [34mcolcon.colcon_core.package_identification[0m [1;30mLevel 1[0m _identify(src/visual_servoing) by extensions ['ignore', 'ignore_ament_install']
[0.879s] [34mcolcon.colcon_core.package_identification[0m [1;30mLevel 1[0m _identify(src/visual_servoing) by extension 'ignore'
[0.879s] [34mcolcon.colcon_core.package_identification[0m [1;30mLevel 1[0m _identify(src/visual_servoing) by extension 'ignore_ament_install'
[0.879s] [34mcolcon.colcon_core.package_identification[0m [1;30mLevel 1[0m _identify(src/visual_servoing) by extensions ['colcon_pkg']
[0.879s] [34mcolcon.colcon_core.package_identification[0m [1;30mLevel 1[0m _identify(src/visual_servoing) by extension 'colcon_pkg'
[0.879s] [34mcolcon.colcon_core.package_identification[0m [1;30mLevel 1[0m _identify(src/visual_servoing) by extensions ['colcon_meta']
[0.879s] [34mcolcon.colcon_core.package_identification[0m [1;30mLevel 1[0m _identify(src/visual_servoing) by extension 'colcon_meta'
[0.880s] [34mcolcon.colcon_core.package_identification[0m [1;30mLevel 1[0m _identify(src/visual_servoing) by extensions ['ros']
[0.880s] [34mcolcon.colcon_core.package_identification[0m [1;30mLevel 1[0m _identify(src/visual_servoing) by extension 'ros'
[0.880s] [34mcolcon.colcon_core.package_identification[0m [1;30mLevel 1[0m _identify(src/visual_servoing) by extensions ['cmake', 'python']
[0.880s] [34mcolcon.colcon_core.package_identification[0m [1;30mLevel 1[0m _identify(src/visual_servoing) by extension 'cmake'
[0.880s] [34mcolcon.colcon_core.package_identification[0m [1;30mLevel 1[0m _identify(src/visual_servoing) by extension 'python'
[0.880s] [34mcolcon.colcon_core.package_identification[0m [1;30mLevel 1[0m _identify(src/visual_servoing) by extensions ['python_setup_py']
[0.880s] [34mcolcon.colcon_core.package_identification[0m [1;30mLevel 1[0m _identify(src/visual_servoing) by extension 'python_setup_py'
[0.881s] [34mcolcon.colcon_core.package_identification[0m [1;30mLevel 1[0m _identify(src/visual_servoing/media) by extensions ['ignore', 'ignore_ament_install']
[0.881s] [34mcolcon.colcon_core.package_identification[0m [1;30mLevel 1[0m _identify(src/visual_servoing/media) by extension 'ignore'
[0.881s] [34mcolcon.colcon_core.package_identification[0m [1;30mLevel 1[0m _identify(src/visual_servoing/media) by extension 'ignore_ament_install'
[0.881s] [34mcolcon.colcon_core.package_identification[0m [1;30mLevel 1[0m _identify(src/visual_servoing/media) by extensions ['colcon_pkg']
[0.881s] [34mcolcon.colcon_core.package_identification[0m [1;30mLevel 1[0m _identify(src/visual_servoing/media) by extension 'colcon_pkg'
[0.881s] [34mcolcon.colcon_core.package_identification[0m [1;30mLevel 1[0m _identify(src/visual_servoing/media) by extensions ['colcon_meta']
[0.881s] [34mcolcon.colcon_core.package_identification[0m [1;30mLevel 1[0m _identify(src/visual_servoing/media) by extension 'colcon_meta'
[0.881s] [34mcolcon.colcon_core.package_identification[0m [1;30mLevel 1[0m _identify(src/visual_servoing/media) by extensions ['ros']
[0.881s] [34mcolcon.colcon_core.package_identification[0m [1;30mLevel 1[0m _identify(src/visual_servoing/media) by extension 'ros'
[0.882s] [34mcolcon.colcon_core.package_identification[0m [1;30mLevel 1[0m _identify(src/visual_servoing/media) by extensions ['cmake', 'python']
[0.882s] [34mcolcon.colcon_core.package_identification[0m [1;30mLevel 1[0m _identify(src/visual_servoing/media) by extension 'cmake'
[0.882s] [34mcolcon.colcon_core.package_identification[0m [1;30mLevel 1[0m _identify(src/visual_servoing/media) by extension 'python'
[0.882s] [34mcolcon.colcon_core.package_identification[0m [1;30mLevel 1[0m _identify(src/visual_servoing/media) by extensions ['python_setup_py']
[0.882s] [34mcolcon.colcon_core.package_identification[0m [1;30mLevel 1[0m _identify(src/visual_servoing/media) by extension 'python_setup_py'
[0.882s] [34mcolcon.colcon_core.package_identification[0m [1;30mLevel 1[0m _identify(src/visual_servoing/visual_servoing) by extensions ['ignore', 'ignore_ament_install']
[0.882s] [34mcolcon.colcon_core.package_identification[0m [1;30mLevel 1[0m _identify(src/visual_servoing/visual_servoing) by extension 'ignore'
[0.882s] [34mcolcon.colcon_core.package_identification[0m [1;30mLevel 1[0m _identify(src/visual_servoing/visual_servoing) by extension 'ignore_ament_install'
[0.883s] [34mcolcon.colcon_core.package_identification[0m [1;30mLevel 1[0m _identify(src/visual_servoing/visual_servoing) by extensions ['colcon_pkg']
[0.883s] [34mcolcon.colcon_core.package_identification[0m [1;30mLevel 1[0m _identify(src/visual_servoing/visual_servoing) by extension 'colcon_pkg'
[0.883s] [34mcolcon.colcon_core.package_identification[0m [1;30mLevel 1[0m _identify(src/visual_servoing/visual_servoing) by extensions ['colcon_meta']
[0.883s] [34mcolcon.colcon_core.package_identification[0m [1;30mLevel 1[0m _identify(src/visual_servoing/visual_servoing) by extension 'colcon_meta'
[0.883s] [34mcolcon.colcon_core.package_identification[0m [1;30mLevel 1[0m _identify(src/visual_servoing/visual_servoing) by extensions ['ros']
[0.883s] [34mcolcon.colcon_core.package_identification[0m [1;30mLevel 1[0m _identify(src/visual_servoing/visual_servoing) by extension 'ros'
[0.884s] [34mcolcon.colcon_core.package_identification[0m [1;30mDEBUG[0m [32mPackage 'src/visual_servoing/visual_servoing' with type 'ros.ament_python' and name 'visual_servoing'[0m
[0.885s] [34mcolcon.colcon_core.package_identification[0m [1;30mLevel 1[0m _identify(src/visual_servoing/vs_msgs) by extensions ['ignore', 'ignore_ament_install']
[0.885s] [34mcolcon.colcon_core.package_identification[0m [1;30mLevel 1[0m _identify(src/visual_servoing/vs_msgs) by extension 'ignore'
[0.885s] [34mcolcon.colcon_core.package_identification[0m [1;30mLevel 1[0m _identify(src/visual_servoing/vs_msgs) by extension 'ignore_ament_install'
[0.885s] [34mcolcon.colcon_core.package_identification[0m [1;30mLevel 1[0m _identify(src/visual_servoing/vs_msgs) by extensions ['colcon_pkg']
[0.885s] [34mcolcon.colcon_core.package_identification[0m [1;30mLevel 1[0m _identify(src/visual_servoing/vs_msgs) by extension 'colcon_pkg'
[0.885s] [34mcolcon.colcon_core.package_identification[0m [1;30mLevel 1[0m _identify(src/visual_servoing/vs_msgs) by extensions ['colcon_meta']
[0.885s] [34mcolcon.colcon_core.package_identification[0m [1;30mLevel 1[0m _identify(src/visual_servoing/vs_msgs) by extension 'colcon_meta'
[0.885s] [34mcolcon.colcon_core.package_identification[0m [1;30mLevel 1[0m _identify(src/visual_servoing/vs_msgs) by extensions ['ros']
[0.885s] [34mcolcon.colcon_core.package_identification[0m [1;30mLevel 1[0m _identify(src/visual_servoing/vs_msgs) by extension 'ros'
[0.886s] [34mcolcon.colcon_core.package_identification[0m [1;30mDEBUG[0m [32mPackage 'src/visual_servoing/vs_msgs' with type 'ros.ament_cmake' and name 'vs_msgs'[0m
[0.887s] [34mcolcon.colcon_core.package_identification[0m [1;30mLevel 1[0m _identify(src/wall_follower_sim) by extensions ['ignore', 'ignore_ament_install']
[0.887s] [34mcolcon.colcon_core.package_identification[0m [1;30mLevel 1[0m _identify(src/wall_follower_sim) by extension 'ignore'
[0.887s] [34mcolcon.colcon_core.package_identification[0m [1;30mLevel 1[0m _identify(src/wall_follower_sim) by extension 'ignore_ament_install'
[0.887s] [34mcolcon.colcon_core.package_identification[0m [1;30mLevel 1[0m _identify(src/wall_follower_sim) by extensions ['colcon_pkg']
[0.887s] [34mcolcon.colcon_core.package_identification[0m [1;30mLevel 1[0m _identify(src/wall_follower_sim) by extension 'colcon_pkg'
[0.887s] [34mcolcon.colcon_core.package_identification[0m [1;30mLevel 1[0m _identify(src/wall_follower_sim) by extensions ['colcon_meta']
[0.887s] [34mcolcon.colcon_core.package_identification[0m [1;30mLevel 1[0m _identify(src/wall_follower_sim) by extension 'colcon_meta'
[0.888s] [34mcolcon.colcon_core.package_identification[0m [1;30mLevel 1[0m _identify(src/wall_follower_sim) by extensions ['ros']
[0.888s] [34mcolcon.colcon_core.package_identification[0m [1;30mLevel 1[0m _identify(src/wall_follower_sim) by extension 'ros'
[0.889s] [34mcolcon.colcon_core.package_identification[0m [1;30mDEBUG[0m [32mPackage 'src/wall_follower_sim' with type 'ros.ament_python' and name 'wall_follower'[0m
[0.890s] [34mcolcon.colcon_core.package_discovery[0m [1;30mLevel 1[0m discover_packages(recursive) using defaults
[0.890s] [34mcolcon.colcon_core.package_discovery[0m [1;30mLevel 1[0m discover_packages(ignore) discover
[0.890s] [34mcolcon.colcon_core.package_discovery[0m [1;30mLevel 1[0m discover_packages(ignore) using defaults
[0.890s] [34mcolcon.colcon_core.package_discovery[0m [1;30mLevel 1[0m discover_packages(path) discover
[0.890s] [34mcolcon.colcon_core.package_discovery[0m [1;30mLevel 1[0m discover_packages(path) using defaults
[0.932s] [34mcolcon.colcon_core.package_selection[0m [1;30mINFO[0m Skipping not selected package 'custom_msgs' in 'src/lab1c/custom_msgs'
[0.932s] [34mcolcon.colcon_core.package_selection[0m [1;30mINFO[0m Skipping not selected package 'labc_test1' in 'src/labc_test1'
[0.932s] [34mcolcon.colcon_core.package_selection[0m [1;30mINFO[0m Skipping not selected package 'py_pubsub' in 'src/py_pubsub'
[0.932s] [34mcolcon.colcon_core.package_selection[0m [1;30mINFO[0m Skipping not selected package 'ros_exercises' in 'src/lab1c/ros_exercises'
[0.932s] [34mcolcon.colcon_core.package_selection[0m [1;30mINFO[0m Skipping not selected package 'vs_msgs' in 'src/visual_servoing/vs_msgs'
[0.932s] [34mcolcon.colcon_core.package_selection[0m [1;30mINFO[0m Skipping not selected package 'wall_follower' in 'src/wall_follower_sim'
[0.933s] [34mcolcon.colcon_core.package_discovery[0m [1;30mLevel 1[0m discover_packages(prefix_path) check parameters
[0.934s] [34mcolcon.colcon_core.package_discovery[0m [1;30mLevel 1[0m discover_packages(prefix_path) discover
[0.941s] [34mcolcon.colcon_installed_package_information.package_discovery[0m [1;30mDEBUG[0m [32mFound 8 installed packages in /root/racecar_ws/install[0m
[0.943s] [34mcolcon.colcon_installed_package_information.package_discovery[0m [1;30mDEBUG[0m [32mFound 14 installed packages in /root/ros2_ws/install[0m
[0.947s] [34mcolcon.colcon_installed_package_information.package_discovery[0m [1;30mDEBUG[0m [32mFound 374 installed packages in /opt/ros/humble[0m
[0.951s] [34mcolcon.colcon_core.package_discovery[0m [1;30mLevel 1[0m discover_packages(prefix_path) using defaults
[1.058s] [34mcolcon.colcon_core.verb[0m [1;30mLevel 5[0m set package 'visual_servoing' build argument 'cmake_args' from command line to 'None'
[1.058s] [34mcolcon.colcon_core.verb[0m [1;30mLevel 5[0m set package 'visual_servoing' build argument 'cmake_target' from command line to 'None'
[1.058s] [34mcolcon.colcon_core.verb[0m [1;30mLevel 5[0m set package 'visual_servoing' build argument 'cmake_target_skip_unavailable' from command line to 'False'
[1.058s] [34mcolcon.colcon_core.verb[0m [1;30mLevel 5[0m set package 'visual_servoing' build argument 'cmake_clean_cache' from command line to 'False'
[1.058s] [34mcolcon.colcon_core.verb[0m [1;30mLevel 5[0m set package 'visual_servoing' build argument 'cmake_clean_first' from command line to 'False'
[1.058s] [34mcolcon.colcon_core.verb[0m [1;30mLevel 5[0m set package 'visual_servoing' build argument 'cmake_force_configure' from command line to 'False'
[1.058s] [34mcolcon.colcon_core.verb[0m [1;30mLevel 5[0m set package 'visual_servoing' build argument 'ament_cmake_args' from command line to 'None'
[1.058s] [34mcolcon.colcon_core.verb[0m [1;30mLevel 5[0m set package 'visual_servoing' build argument 'catkin_cmake_args' from command line to 'None'
[1.058s] [34mcolcon.colcon_core.verb[0m [1;30mLevel 5[0m set package 'visual_servoing' build argument 'catkin_skip_building_tests' from command line to 'False'
[1.059s] [34mcolcon.colcon_core.verb[0m [1;30mDEBUG[0m [32mBuilding package 'visual_servoing' with the following arguments: {'ament_cmake_args': None, 'build_base': '/root/racecar_ws/build/visual_servoing', 'catkin_cmake_args': None, 'catkin_skip_building_tests': False, 'cmake_args': None, 'cmake_clean_cache': False, 'cmake_clean_first': False, 'cmake_force_configure': False, 'cmake_target': None, 'cmake_target_skip_unavailable': False, 'install_base': '/root/racecar_ws/install/visual_servoing', 'merge_install': False, 'path': '/root/racecar_ws/src/visual_servoing/visual_servoing', 'symlink_install': False, 'test_result_base': None}[0m
[1.059s] [34mcolcon.colcon_core.executor[0m [1;30mINFO[0m Executing jobs using 'parallel' executor
[1.065s] [34mcolcon.colcon_parallel_executor.executor.parallel[0m [1;30mDEBUG[0m [32mrun_until_complete[0m
[1.065s] [34mcolcon.colcon_ros.task.ament_python.build[0m [1;30mINFO[0m Building ROS package in '/root/racecar_ws/src/visual_servoing/visual_servoing' with build type 'ament_python'
[1.066s] [34mcolcon.colcon_core.shell[0m [1;30mLevel 1[0m create_environment_hook('visual_servoing', 'ament_prefix_path')
[1.071s] [34mcolcon.colcon_core.plugin_system[0m [1;30mINFO[0m Skipping extension 'colcon_core.shell.bat': Not used on non-Windows systems
[1.072s] [34mcolcon.colcon_core.shell[0m [1;30mINFO[0m Creating environment hook '/root/racecar_ws/install/visual_servoing/share/visual_servoing/hook/ament_prefix_path.ps1'
[1.074s] [34mcolcon.colcon_core.shell[0m [1;30mINFO[0m Creating environment descriptor '/root/racecar_ws/install/visual_servoing/share/visual_servoing/hook/ament_prefix_path.dsv'
[1.075s] [34mcolcon.colcon_core.shell[0m [1;30mINFO[0m Creating environment hook '/root/racecar_ws/install/visual_servoing/share/visual_servoing/hook/ament_prefix_path.sh'
[1.077s] [34mcolcon.colcon_core.shell[0m [1;30mINFO[0m Skip shell extension 'powershell' for command environment: Not usable outside of PowerShell
[1.077s] [34mcolcon.colcon_core.shell[0m [1;30mDEBUG[0m [32mSkip shell extension 'dsv' for command environment[0m
[1.826s] [34mcolcon.colcon_core.task.python.build[0m [1;30mINFO[0m Building Python package in '/root/racecar_ws/src/visual_servoing/visual_servoing'
[1.827s] [34mcolcon.colcon_core.shell[0m [1;30mINFO[0m Skip shell extension 'powershell' for command environment: Not usable outside of PowerShell
[1.827s] [34mcolcon.colcon_core.shell[0m [1;30mDEBUG[0m [32mSkip shell extension 'dsv' for command environment[0m
[2.941s] [34mcolcon.colcon_core.event_handler.log_command[0m [1;30mDEBUG[0m [32mInvoking command in '/root/racecar_ws/build/visual_servoing': PYTHONPATH=/root/racecar_ws/build/visual_servoing/prefix_override:/usr/lib/python3/dist-packages/colcon_core/task/python/colcon_distutils_commands:/root/racecar_ws/install/visual_servoing/lib/python3.10/site-packages:${PYTHONPATH} /usr/bin/python3 -W ignore:setup.py install is deprecated -W ignore:easy_install command is deprecated setup.py develop --uninstall --editable --build-directory /root/racecar_ws/build/visual_servoing/build[0m
[4.348s] [34mcolcon.colcon_core.event_handler.log_command[0m [1;30mDEBUG[0m [32mInvoked command in '/root/racecar_ws/build/visual_servoing' returned '0': PYTHONPATH=/root/racecar_ws/build/visual_servoing/prefix_override:/usr/lib/python3/dist-packages/colcon_core/task/python/colcon_distutils_commands:/root/racecar_ws/install/visual_servoing/lib/python3.10/site-packages:${PYTHONPATH} /usr/bin/python3 -W ignore:setup.py install is deprecated -W ignore:easy_install command is deprecated setup.py develop --uninstall --editable --build-directory /root/racecar_ws/build/visual_servoing/build[0m
[4.357s] [34mcolcon.colcon_core.event_handler.log_command[0m [1;30mDEBUG[0m [32mInvoking command in '/root/racecar_ws/src/visual_servoing/visual_servoing': PYTHONPATH=/root/racecar_ws/build/visual_servoing/prefix_override:/usr/lib/python3/dist-packages/colcon_core/task/python/colcon_distutils_commands:/root/racecar_ws/install/visual_servoing/lib/python3.10/site-packages:${PYTHONPATH} /usr/bin/python3 -W ignore:setup.py install is deprecated -W ignore:easy_install command is deprecated setup.py egg_info --egg-base ../../../build/visual_servoing build --build-base /root/racecar_ws/build/visual_servoing/build install --record /root/racecar_ws/build/visual_servoing/install.log --install-scripts $base/lib/visual_servoing --single-version-externally-managed install_data --force[0m
[5.225s] [34mcolcon.colcon_core.event_handler.log_command[0m [1;30mDEBUG[0m [32mInvoked command in '/root/racecar_ws/src/visual_servoing/visual_servoing' returned '0': PYTHONPATH=/root/racecar_ws/build/visual_servoing/prefix_override:/usr/lib/python3/dist-packages/colcon_core/task/python/colcon_distutils_commands:/root/racecar_ws/install/visual_servoing/lib/python3.10/site-packages:${PYTHONPATH} /usr/bin/python3 -W ignore:setup.py install is deprecated -W ignore:easy_install command is deprecated setup.py egg_info --egg-base ../../../build/visual_servoing build --build-base /root/racecar_ws/build/visual_servoing/build install --record /root/racecar_ws/build/visual_servoing/install.log --install-scripts $base/lib/visual_servoing --single-version-externally-managed install_data --force[0m
[5.236s] [34mcolcon.colcon_core.environment[0m [1;30mLevel 1[0m checking '/root/racecar_ws/install/visual_servoing' for CMake module files
[5.238s] [34mcolcon.colcon_core.environment[0m [1;30mLevel 1[0m checking '/root/racecar_ws/install/visual_servoing' for CMake config files
[5.241s] [34mcolcon.colcon_core.environment[0m [1;30mLevel 1[0m checking '/root/racecar_ws/install/visual_servoing/lib'
[5.242s] [34mcolcon.colcon_core.environment[0m [1;30mLevel 1[0m checking '/root/racecar_ws/install/visual_servoing/bin'
[5.242s] [34mcolcon.colcon_core.environment[0m [1;30mLevel 1[0m checking '/root/racecar_ws/install/visual_servoing/lib/pkgconfig/visual_servoing.pc'
[5.243s] [34mcolcon.colcon_core.environment[0m [1;30mLevel 1[0m checking '/root/racecar_ws/install/visual_servoing/lib/python3.10/site-packages'
[5.243s] [34mcolcon.colcon_core.shell[0m [1;30mLevel 1[0m create_environment_hook('visual_servoing', 'pythonpath')
[5.245s] [34mcolcon.colcon_core.shell[0m [1;30mINFO[0m Creating environment hook '/root/racecar_ws/install/visual_servoing/share/visual_servoing/hook/pythonpath.ps1'
[5.247s] [34mcolcon.colcon_core.shell[0m [1;30mINFO[0m Creating environment descriptor '/root/racecar_ws/install/visual_servoing/share/visual_servoing/hook/pythonpath.dsv'
[5.250s] [34mcolcon.colcon_core.shell[0m [1;30mINFO[0m Creating environment hook '/root/racecar_ws/install/visual_servoing/share/visual_servoing/hook/pythonpath.sh'
[5.253s] [34mcolcon.colcon_core.environment[0m [1;30mLevel 1[0m checking '/root/racecar_ws/install/visual_servoing/bin'
[5.254s] [34mcolcon.colcon_core.environment[0m [1;30mLevel 1[0m create_environment_scripts_only(visual_servoing)
[5.255s] [34mcolcon.colcon_core.shell[0m [1;30mINFO[0m Creating package script '/root/racecar_ws/install/visual_servoing/share/visual_servoing/package.ps1'
[5.259s] [34mcolcon.colcon_core.shell[0m [1;30mINFO[0m Creating package descriptor '/root/racecar_ws/install/visual_servoing/share/visual_servoing/package.dsv'
[5.262s] [34mcolcon.colcon_core.shell[0m [1;30mINFO[0m Creating package script '/root/racecar_ws/install/visual_servoing/share/visual_servoing/package.sh'
[5.265s] [34mcolcon.colcon_core.shell[0m [1;30mINFO[0m Creating package script '/root/racecar_ws/install/visual_servoing/share/visual_servoing/package.bash'
[5.268s] [34mcolcon.colcon_core.shell[0m [1;30mINFO[0m Creating package script '/root/racecar_ws/install/visual_servoing/share/visual_servoing/package.zsh'
[5.271s] [34mcolcon.colcon_core.environment[0m [1;30mLevel 1[0m create_file_with_runtime_dependencies(/root/racecar_ws/install/visual_servoing/share/colcon-core/packages/visual_servoing)
[5.273s] [34mcolcon.colcon_parallel_executor.executor.parallel[0m [1;30mDEBUG[0m [32mclosing loop[0m
[5.275s] [34mcolcon.colcon_parallel_executor.executor.parallel[0m [1;30mDEBUG[0m [32mloop closed[0m
[5.275s] [34mcolcon.colcon_parallel_executor.executor.parallel[0m [1;30mDEBUG[0m [32mrun_until_complete finished with '0'[0m
[5.276s] [34mcolcon.colcon_core.event_reactor[0m [1;30mDEBUG[0m [32mjoining thread[0m
[5.301s] [34mcolcon.colcon_core.plugin_system[0m [1;30mINFO[0m Skipping extension 'colcon_notification.desktop_notification.terminal_notifier': Not used on non-Darwin systems
[5.301s] [34mcolcon.colcon_core.plugin_system[0m [1;30mINFO[0m Skipping extension 'colcon_notification.desktop_notification.win32': Not used on non-Windows systems
[5.302s] [34mcolcon.colcon_notification.desktop_notification[0m [1;30mINFO[0m Sending desktop notification using 'notify2'
[5.321s] [34mcolcon.colcon_notification.desktop_notification.notify2[0m [1;30mDEBUG[0m [32mFailed to initialize notify2: org.freedesktop.DBus.Error.Spawn.ExecFailed: /usr/bin/dbus-launch terminated abnormally without any error message[0m
[5.323s] [34mcolcon.colcon_core.event_reactor[0m [1;30mDEBUG[0m [32mjoined thread[0m
[5.326s] [34mcolcon.colcon_core.shell[0m [1;30mINFO[0m Creating prefix script '/root/racecar_ws/install/local_setup.ps1'
[5.331s] [34mcolcon.colcon_core.shell[0m [1;30mINFO[0m Creating prefix util module '/root/racecar_ws/install/_local_setup_util_ps1.py'
[5.339s] [34mcolcon.colcon_core.shell[0m [1;30mINFO[0m Creating prefix chain script '/root/racecar_ws/install/setup.ps1'
[5.346s] [34mcolcon.colcon_core.shell[0m [1;30mINFO[0m Creating prefix script '/root/racecar_ws/install/local_setup.sh'
[5.347s] [34mcolcon.colcon_core.shell[0m [1;30mINFO[0m Creating prefix util module '/root/racecar_ws/install/_local_setup_util_sh.py'
[5.349s] [34mcolcon.colcon_core.shell[0m [1;30mINFO[0m Creating prefix chain script '/root/racecar_ws/install/setup.sh'
[5.357s] [34mcolcon.colcon_core.shell[0m [1;30mINFO[0m Creating prefix script '/root/racecar_ws/install/local_setup.bash'
[5.359s] [34mcolcon.colcon_core.shell[0m [1;30mINFO[0m Creating prefix chain script '/root/racecar_ws/install/setup.bash'
[5.367s] [34mcolcon.colcon_core.shell[0m [1;30mINFO[0m Creating prefix script '/root/racecar_ws/install/local_setup.zsh'
[5.369s] [34mcolcon.colcon_core.shell[0m [1;30mINFO[0m Creating prefix chain script '/root/racecar_ws/install/setup.zsh'
