/root/racecar_ws/install/visual_servoing/lib/python3.10/site-packages/visual_servoing/homography_transformer.py
/root/racecar_ws/install/visual_servoing/lib/python3.10/site-packages/visual_servoing/cone_sim_marker.py
/root/racecar_ws/install/visual_servoing/lib/python3.10/site-packages/visual_servoing/parking_controller.py
/root/racecar_ws/install/visual_servoing/lib/python3.10/site-packages/visual_servoing/cone_detector.py
/root/racecar_ws/install/visual_servoing/lib/python3.10/site-packages/visual_servoing/evaluate_homography.py
/root/racecar_ws/install/visual_servoing/lib/python3.10/site-packages/visual_servoing/yolo_annotator.py
/root/racecar_ws/install/visual_servoing/lib/python3.10/site-packages/visual_servoing/__init__.py
/root/racecar_ws/install/visual_servoing/lib/python3.10/site-packages/visual_servoing/__pycache__/homography_transformer.cpython-310.pyc
/root/racecar_ws/install/visual_servoing/lib/python3.10/site-packages/visual_servoing/__pycache__/cone_sim_marker.cpython-310.pyc
/root/racecar_ws/install/visual_servoing/lib/python3.10/site-packages/visual_servoing/__pycache__/parking_controller.cpython-310.pyc
/root/racecar_ws/install/visual_servoing/lib/python3.10/site-packages/visual_servoing/__pycache__/cone_detector.cpython-310.pyc
/root/racecar_ws/install/visual_servoing/lib/python3.10/site-packages/visual_servoing/__pycache__/evaluate_homography.cpython-310.pyc
/root/racecar_ws/install/visual_servoing/lib/python3.10/site-packages/visual_servoing/__pycache__/yolo_annotator.cpython-310.pyc
/root/racecar_ws/install/visual_servoing/lib/python3.10/site-packages/visual_servoing/__pycache__/__init__.cpython-310.pyc
/root/racecar_ws/install/visual_servoing/share/ament_index/resource_index/packages/visual_servoing
/root/racecar_ws/install/visual_servoing/share/visual_servoing/package.xml
/root/racecar_ws/install/visual_servoing/lib/visual_servoing/computer_vision/cv_test.py
/root/racecar_ws/install/visual_servoing/lib/visual_servoing/computer_vision/color_segmentation.py
/root/racecar_ws/install/visual_servoing/lib/visual_servoing/computer_vision/sift_template.py
/root/racecar_ws/install/visual_servoing/lib/visual_servoing/computer_vision/__init__.py
/root/racecar_ws/install/visual_servoing/share/visual_servoing/launch/parking_sim.launch.xml
/root/racecar_ws/install/visual_servoing/share/visual_servoing/launch/parking_deploy.launch.xml
/root/racecar_ws/install/visual_servoing/share/visual_servoing/launch/yolo_annotator.launch.xml
/root/racecar_ws/install/visual_servoing/share/visual_servoing/launch
/root/racecar_ws/install/visual_servoing/lib/python3.10/site-packages/visual_servoing-0.0.0-py3.10.egg-info/top_level.txt
/root/racecar_ws/install/visual_servoing/lib/python3.10/site-packages/visual_servoing-0.0.0-py3.10.egg-info/requires.txt
/root/racecar_ws/install/visual_servoing/lib/python3.10/site-packages/visual_servoing-0.0.0-py3.10.egg-info/SOURCES.txt
/root/racecar_ws/install/visual_servoing/lib/python3.10/site-packages/visual_servoing-0.0.0-py3.10.egg-info/entry_points.txt
/root/racecar_ws/install/visual_servoing/lib/python3.10/site-packages/visual_servoing-0.0.0-py3.10.egg-info/PKG-INFO
/root/racecar_ws/install/visual_servoing/lib/python3.10/site-packages/visual_servoing-0.0.0-py3.10.egg-info/zip-safe
/root/racecar_ws/install/visual_servoing/lib/python3.10/site-packages/visual_servoing-0.0.0-py3.10.egg-info/dependency_links.txt
/root/racecar_ws/install/visual_servoing/lib/visual_servoing/cone_detector
/root/racecar_ws/install/visual_servoing/lib/visual_servoing/cone_sim_marker
/root/racecar_ws/install/visual_servoing/lib/visual_servoing/evaluate_homography
/root/racecar_ws/install/visual_servoing/lib/visual_servoing/homography_transformer
/root/racecar_ws/install/visual_servoing/lib/visual_servoing/parking_controller
/root/racecar_ws/install/visual_servoing/lib/visual_servoing/yolo_annotator
