[0.748s] Invoking command in '/root/racecar_ws/build/vs_msgs': CMAKE_PREFIX_PATH=${CMAKE_PREFIX_PATH}:/root/racecar_ws/install/wall_follower:/root/racecar_ws/install/visual_servoing:/root/racecar_ws/install/safety_controller:/root/racecar_ws/install/evaluation:/root/ros2_ws/install/racecar:/opt/ros/humble /usr/bin/cmake /root/racecar_ws/src/visual_servoing/vs_msgs -DCMAKE_INSTALL_PREFIX=/root/racecar_ws/install/vs_msgs
[0.886s] -- The C compiler identification is GNU 11.4.0
[1.013s] -- The CXX compiler identification is GNU 11.4.0
[1.042s] -- Detecting C compiler ABI info
[1.223s] -- Detecting C compiler ABI info - done
[1.246s] -- Check for working C compiler: /usr/bin/cc - skipped
[1.247s] -- Detecting C compile features
[1.248s] -- Detecting C compile features - done
[1.260s] -- Detecting CXX compiler ABI info
[1.455s] -- Detecting CXX compiler ABI info - done
[1.484s] -- Check for working CXX compiler: /usr/bin/c++ - skipped
[1.485s] -- Detecting CXX compile features
[1.487s] -- Detecting CXX compile features - done
[1.501s] -- Found ament_cmake: 1.3.12 (/opt/ros/humble/share/ament_cmake/cmake)
[1.958s] -- Found Python3: /usr/bin/python3 (found version "3.10.12") found components: Interpreter 
[2.302s] -- Found rosidl_default_generators: 1.2.0 (/opt/ros/humble/share/rosidl_default_generators/cmake)
[2.321s] -- Using all available rosidl_typesupport_c: rosidl_typesupport_fastrtps_c;rosidl_typesupport_introspection_c
[2.355s] -- Found rosidl_adapter: 3.1.8 (/opt/ros/humble/share/rosidl_adapter/cmake)
[2.511s] -- Using all available rosidl_typesupport_cpp: rosidl_typesupport_fastrtps_cpp;rosidl_typesupport_introspection_cpp
[3.350s] -- Found ament_cmake_ros: 0.10.0 (/opt/ros/humble/share/ament_cmake_ros/cmake)
[3.944s] -- Using all available rosidl_typesupport_c: rosidl_typesupport_fastrtps_c;rosidl_typesupport_introspection_c
[4.675s] -- Using all available rosidl_typesupport_cpp: rosidl_typesupport_fastrtps_cpp;rosidl_typesupport_introspection_cpp
[4.751s] -- Found PythonInterp: /usr/bin/python3 (found suitable version "3.10.12", minimum required is "3.6") 
[4.772s] -- Found python_cmake_module: 0.10.0 (/opt/ros/humble/share/python_cmake_module/cmake)
[4.862s] -- Found PythonLibs: /usr/lib/aarch64-linux-gnu/libpython3.10.so (found suitable version "3.10.12", minimum required is "3.5") 
[4.863s] -- Using PYTHON_EXECUTABLE: /usr/bin/python3
[4.863s] -- Using PYTHON_INCLUDE_DIRS: /usr/include/python3.10
[4.863s] -- Using PYTHON_LIBRARIES: /usr/lib/aarch64-linux-gnu/libpython3.10.so
[4.928s] -- Found PythonExtra: .so  
[5.072s] -- Found ament_lint_auto: 0.12.14 (/opt/ros/humble/share/ament_lint_auto/cmake)
[5.190s] -- Added test 'copyright' to check source files copyright and LICENSE
[5.195s] -- Added test 'lint_cmake' to check CMake code style
[5.200s] -- Added test 'xmllint' to check XML markup files
[5.210s] -- Configuring done
[5.290s] -- Generating done
[5.313s] -- Build files have been written to: /root/racecar_ws/build/vs_msgs
[5.333s] Invoked command in '/root/racecar_ws/build/vs_msgs' returned '0': CMAKE_PREFIX_PATH=${CMAKE_PREFIX_PATH}:/root/racecar_ws/install/wall_follower:/root/racecar_ws/install/visual_servoing:/root/racecar_ws/install/safety_controller:/root/racecar_ws/install/evaluation:/root/ros2_ws/install/racecar:/opt/ros/humble /usr/bin/cmake /root/racecar_ws/src/visual_servoing/vs_msgs -DCMAKE_INSTALL_PREFIX=/root/racecar_ws/install/vs_msgs
[5.340s] Invoking command in '/root/racecar_ws/build/vs_msgs': CMAKE_PREFIX_PATH=${CMAKE_PREFIX_PATH}:/root/racecar_ws/install/wall_follower:/root/racecar_ws/install/visual_servoing:/root/racecar_ws/install/safety_controller:/root/racecar_ws/install/evaluation:/root/ros2_ws/install/racecar:/opt/ros/humble /usr/bin/cmake --build /root/racecar_ws/build/vs_msgs -- -j6 -l6
[5.467s] [  2%] [34m[1mGenerating C code for ROS interfaces[0m
[5.495s] [  4%] [34m[1mGenerating C++ code for ROS interfaces[0m
[5.516s] [  4%] Built target ament_cmake_python_copy_vs_msgs
[6.204s] running egg_info
[6.205s] creating vs_msgs.egg-info
[6.206s] writing vs_msgs.egg-info/PKG-INFO
[6.206s] writing dependency_links to vs_msgs.egg-info/dependency_links.txt
[6.207s] writing top-level names to vs_msgs.egg-info/top_level.txt
[6.207s] writing manifest file 'vs_msgs.egg-info/SOURCES.txt'
[6.213s] reading manifest file 'vs_msgs.egg-info/SOURCES.txt'
[6.214s] writing manifest file 'vs_msgs.egg-info/SOURCES.txt'
[6.294s] [  6%] [32mBuilding C object CMakeFiles/vs_msgs__rosidl_generator_c.dir/rosidl_generator_c/vs_msgs/msg/detail/cone_location__functions.c.o[0m
[6.306s] [  8%] [32mBuilding C object CMakeFiles/vs_msgs__rosidl_generator_c.dir/rosidl_generator_c/vs_msgs/msg/detail/parking_error__functions.c.o[0m
[6.307s] [ 10%] [32mBuilding C object CMakeFiles/vs_msgs__rosidl_generator_c.dir/rosidl_generator_c/vs_msgs/msg/detail/cone_location_pixel__functions.c.o[0m
[6.312s] [ 10%] Built target ament_cmake_python_build_vs_msgs_egg
[6.312s] [ 10%] Built target vs_msgs__cpp
[6.339s] [ 12%] [34m[1mGenerating C++ type support for eProsima Fast-RTPS[0m
[6.350s] [ 14%] [34m[1mGenerating C++ type support dispatch for ROS interfaces[0m
[6.351s] [ 17%] [34m[1mGenerating C++ introspection for ROS interfaces[0m
[6.456s] [ 19%] [32m[1mLinking C shared library libvs_msgs__rosidl_generator_c.so[0m
[6.548s] [ 19%] Built target vs_msgs__rosidl_generator_c
[6.576s] [ 23%] [34m[1mGenerating C type support for eProsima Fast-RTPS[0m
[6.576s] [ 23%] [34m[1mGenerating C type support dispatch for ROS interfaces[0m
[6.587s] [ 25%] [34m[1mGenerating C introspection for ROS interfaces[0m
[7.021s] [ 27%] [32mBuilding CXX object CMakeFiles/vs_msgs__rosidl_typesupport_cpp.dir/rosidl_typesupport_cpp/vs_msgs/msg/cone_location__type_support.cpp.o[0m
[7.134s] [ 29%] [32mBuilding CXX object CMakeFiles/vs_msgs__rosidl_typesupport_introspection_cpp.dir/rosidl_typesupport_introspection_cpp/vs_msgs/msg/detail/cone_location__type_support.cpp.o[0m
[7.143s] [ 31%] [32mBuilding CXX object CMakeFiles/vs_msgs__rosidl_typesupport_fastrtps_cpp.dir/rosidl_typesupport_fastrtps_cpp/vs_msgs/msg/detail/dds_fastrtps/cone_location__type_support.cpp.o[0m
[7.400s] [ 34%] [32mBuilding CXX object CMakeFiles/vs_msgs__rosidl_typesupport_c.dir/rosidl_typesupport_c/vs_msgs/msg/cone_location__type_support.cpp.o[0m
[7.469s] [ 36%] [32mBuilding CXX object CMakeFiles/vs_msgs__rosidl_typesupport_fastrtps_c.dir/rosidl_typesupport_fastrtps_c/vs_msgs/msg/detail/cone_location__type_support_c.cpp.o[0m
[7.495s] [ 38%] [32mBuilding CXX object CMakeFiles/vs_msgs__rosidl_typesupport_c.dir/rosidl_typesupport_c/vs_msgs/msg/cone_location_pixel__type_support.cpp.o[0m
[7.513s] [ 40%] [32mBuilding C object CMakeFiles/vs_msgs__rosidl_typesupport_introspection_c.dir/rosidl_typesupport_introspection_c/vs_msgs/msg/detail/cone_location__type_support.c.o[0m
[7.595s] [ 42%] [32mBuilding CXX object CMakeFiles/vs_msgs__rosidl_typesupport_c.dir/rosidl_typesupport_c/vs_msgs/msg/parking_error__type_support.cpp.o[0m
[7.610s] [ 44%] [32mBuilding C object CMakeFiles/vs_msgs__rosidl_typesupport_introspection_c.dir/rosidl_typesupport_introspection_c/vs_msgs/msg/detail/cone_location_pixel__type_support.c.o[0m
[7.681s] [ 46%] [32m[1mLinking CXX shared library libvs_msgs__rosidl_typesupport_c.so[0m
[7.723s] [ 48%] [32mBuilding C object CMakeFiles/vs_msgs__rosidl_typesupport_introspection_c.dir/rosidl_typesupport_introspection_c/vs_msgs/msg/detail/parking_error__type_support.c.o[0m
[7.777s] [ 48%] Built target vs_msgs__rosidl_typesupport_c
[7.801s] [ 51%] [32mBuilding CXX object CMakeFiles/vs_msgs__rosidl_typesupport_cpp.dir/rosidl_typesupport_cpp/vs_msgs/msg/cone_location_pixel__type_support.cpp.o[0m
[7.804s] [ 53%] [32mBuilding CXX object CMakeFiles/vs_msgs__rosidl_typesupport_cpp.dir/rosidl_typesupport_cpp/vs_msgs/msg/parking_error__type_support.cpp.o[0m
[7.810s] [ 55%] [32m[1mLinking C shared library libvs_msgs__rosidl_typesupport_introspection_c.so[0m
[7.885s] [ 55%] Built target vs_msgs__rosidl_typesupport_introspection_c
[7.907s] [ 57%] [32mBuilding CXX object CMakeFiles/vs_msgs__rosidl_typesupport_fastrtps_c.dir/rosidl_typesupport_fastrtps_c/vs_msgs/msg/detail/cone_location_pixel__type_support_c.cpp.o[0m
[8.088s] [ 59%] [32mBuilding CXX object CMakeFiles/vs_msgs__rosidl_typesupport_fastrtps_cpp.dir/rosidl_typesupport_fastrtps_cpp/vs_msgs/msg/detail/dds_fastrtps/cone_location_pixel__type_support.cpp.o[0m
[8.205s] [ 61%] [32mBuilding CXX object CMakeFiles/vs_msgs__rosidl_typesupport_introspection_cpp.dir/rosidl_typesupport_introspection_cpp/vs_msgs/msg/detail/cone_location_pixel__type_support.cpp.o[0m
[8.496s] [ 63%] [32mBuilding CXX object CMakeFiles/vs_msgs__rosidl_typesupport_introspection_cpp.dir/rosidl_typesupport_introspection_cpp/vs_msgs/msg/detail/parking_error__type_support.cpp.o[0m
[8.508s] [ 65%] [32mBuilding CXX object CMakeFiles/vs_msgs__rosidl_typesupport_fastrtps_c.dir/rosidl_typesupport_fastrtps_c/vs_msgs/msg/detail/parking_error__type_support_c.cpp.o[0m
[8.612s] [ 68%] [32m[1mLinking CXX shared library libvs_msgs__rosidl_typesupport_cpp.so[0m
[8.744s] [ 68%] Built target vs_msgs__rosidl_typesupport_cpp
[8.773s] [ 70%] [32mBuilding CXX object CMakeFiles/vs_msgs__rosidl_typesupport_fastrtps_cpp.dir/rosidl_typesupport_fastrtps_cpp/vs_msgs/msg/detail/dds_fastrtps/parking_error__type_support.cpp.o[0m
[9.265s] [ 72%] [32m[1mLinking CXX shared library libvs_msgs__rosidl_typesupport_fastrtps_c.so[0m
[9.446s] [ 72%] Built target vs_msgs__rosidl_typesupport_fastrtps_c
[9.473s] [ 74%] [32m[1mLinking CXX shared library libvs_msgs__rosidl_typesupport_introspection_cpp.so[0m
[9.568s] [ 74%] Built target vs_msgs__rosidl_typesupport_introspection_cpp
[9.770s] [ 76%] [32m[1mLinking CXX shared library libvs_msgs__rosidl_typesupport_fastrtps_cpp.so[0m
[9.954s] [ 76%] Built target vs_msgs__rosidl_typesupport_fastrtps_cpp
[10.023s] [ 76%] Built target vs_msgs
[10.083s] [ 78%] [34m[1mGenerating Python code for ROS interfaces[0m
[11.034s] [ 78%] Built target vs_msgs__py
[11.102s] [ 85%] [32mBuilding C object CMakeFiles/vs_msgs__rosidl_generator_py.dir/rosidl_generator_py/vs_msgs/msg/_parking_error_s.c.o[0m
[11.103s] [ 85%] [32mBuilding C object CMakeFiles/vs_msgs__rosidl_generator_py.dir/rosidl_generator_py/vs_msgs/msg/_cone_location_pixel_s.c.o[0m
[11.103s] [ 85%] [32mBuilding C object CMakeFiles/vs_msgs__rosidl_generator_py.dir/rosidl_generator_py/vs_msgs/msg/_cone_location_s.c.o[0m
[11.375s] [ 87%] [32m[1mLinking C shared library rosidl_generator_py/vs_msgs/libvs_msgs__rosidl_generator_py.so[0m
[11.481s] [ 87%] Built target vs_msgs__rosidl_generator_py
[11.537s] [ 91%] [32mBuilding C object CMakeFiles/vs_msgs__rosidl_typesupport_introspection_c__pyext.dir/rosidl_generator_py/vs_msgs/_vs_msgs_s.ep.rosidl_typesupport_introspection_c.c.o[0m
[11.537s] [ 91%] [32mBuilding C object CMakeFiles/vs_msgs__rosidl_typesupport_fastrtps_c__pyext.dir/rosidl_generator_py/vs_msgs/_vs_msgs_s.ep.rosidl_typesupport_fastrtps_c.c.o[0m
[11.537s] [ 93%] [32mBuilding C object CMakeFiles/vs_msgs__rosidl_typesupport_c__pyext.dir/rosidl_generator_py/vs_msgs/_vs_msgs_s.ep.rosidl_typesupport_c.c.o[0m
[11.761s] [ 97%] [32m[1mLinking C shared library rosidl_generator_py/vs_msgs/vs_msgs_s__rosidl_typesupport_c.cpython-310-aarch64-linux-gnu.so[0m
[11.761s] [ 97%] [32m[1mLinking C shared library rosidl_generator_py/vs_msgs/vs_msgs_s__rosidl_typesupport_introspection_c.cpython-310-aarch64-linux-gnu.so[0m
[11.782s] [100%] [32m[1mLinking C shared library rosidl_generator_py/vs_msgs/vs_msgs_s__rosidl_typesupport_fastrtps_c.cpython-310-aarch64-linux-gnu.so[0m
[11.848s] [100%] Built target vs_msgs__rosidl_typesupport_c__pyext
[11.851s] [100%] Built target vs_msgs__rosidl_typesupport_introspection_c__pyext
[11.875s] [100%] Built target vs_msgs__rosidl_typesupport_fastrtps_c__pyext
[11.912s] Invoked command in '/root/racecar_ws/build/vs_msgs' returned '0': CMAKE_PREFIX_PATH=${CMAKE_PREFIX_PATH}:/root/racecar_ws/install/wall_follower:/root/racecar_ws/install/visual_servoing:/root/racecar_ws/install/safety_controller:/root/racecar_ws/install/evaluation:/root/ros2_ws/install/racecar:/opt/ros/humble /usr/bin/cmake --build /root/racecar_ws/build/vs_msgs -- -j6 -l6
[11.951s] Invoking command in '/root/racecar_ws/build/vs_msgs': CMAKE_PREFIX_PATH=${CMAKE_PREFIX_PATH}:/root/racecar_ws/install/wall_follower:/root/racecar_ws/install/visual_servoing:/root/racecar_ws/install/safety_controller:/root/racecar_ws/install/evaluation:/root/ros2_ws/install/racecar:/opt/ros/humble /usr/bin/cmake --install /root/racecar_ws/build/vs_msgs
[11.978s] -- Install configuration: ""
[11.979s] -- Installing: /root/racecar_ws/install/vs_msgs/share/ament_index/resource_index/rosidl_interfaces/vs_msgs
[11.979s] -- Installing: /root/racecar_ws/install/vs_msgs/include/vs_msgs/vs_msgs
[11.980s] -- Installing: /root/racecar_ws/install/vs_msgs/include/vs_msgs/vs_msgs/msg
[11.980s] -- Installing: /root/racecar_ws/install/vs_msgs/include/vs_msgs/vs_msgs/msg/rosidl_generator_c__visibility_control.h
[11.981s] -- Installing: /root/racecar_ws/install/vs_msgs/include/vs_msgs/vs_msgs/msg/cone_location_pixel.h
[11.981s] -- Installing: /root/racecar_ws/install/vs_msgs/include/vs_msgs/vs_msgs/msg/detail
[11.981s] -- Installing: /root/racecar_ws/install/vs_msgs/include/vs_msgs/vs_msgs/msg/detail/parking_error__type_support.h
[11.982s] -- Installing: /root/racecar_ws/install/vs_msgs/include/vs_msgs/vs_msgs/msg/detail/cone_location__functions.c
[11.982s] -- Installing: /root/racecar_ws/install/vs_msgs/include/vs_msgs/vs_msgs/msg/detail/cone_location_pixel__functions.c
[11.982s] -- Installing: /root/racecar_ws/install/vs_msgs/include/vs_msgs/vs_msgs/msg/detail/parking_error__struct.h
[11.983s] -- Installing: /root/racecar_ws/install/vs_msgs/include/vs_msgs/vs_msgs/msg/detail/cone_location__struct.h
[11.983s] -- Installing: /root/racecar_ws/install/vs_msgs/include/vs_msgs/vs_msgs/msg/detail/cone_location_pixel__struct.h
[11.983s] -- Installing: /root/racecar_ws/install/vs_msgs/include/vs_msgs/vs_msgs/msg/detail/cone_location_pixel__functions.h
[11.984s] -- Installing: /root/racecar_ws/install/vs_msgs/include/vs_msgs/vs_msgs/msg/detail/cone_location_pixel__type_support.h
[11.984s] -- Installing: /root/racecar_ws/install/vs_msgs/include/vs_msgs/vs_msgs/msg/detail/parking_error__functions.h
[11.984s] -- Installing: /root/racecar_ws/install/vs_msgs/include/vs_msgs/vs_msgs/msg/detail/cone_location__type_support.h
[11.985s] -- Installing: /root/racecar_ws/install/vs_msgs/include/vs_msgs/vs_msgs/msg/detail/cone_location__functions.h
[11.985s] -- Installing: /root/racecar_ws/install/vs_msgs/include/vs_msgs/vs_msgs/msg/detail/parking_error__functions.c
[11.985s] -- Installing: /root/racecar_ws/install/vs_msgs/include/vs_msgs/vs_msgs/msg/cone_location.h
[11.985s] -- Installing: /root/racecar_ws/install/vs_msgs/include/vs_msgs/vs_msgs/msg/parking_error.h
[11.986s] -- Installing: /root/racecar_ws/install/vs_msgs/share/vs_msgs/environment/library_path.sh
[11.986s] -- Installing: /root/racecar_ws/install/vs_msgs/share/vs_msgs/environment/library_path.dsv
[11.986s] -- Installing: /root/racecar_ws/install/vs_msgs/lib/libvs_msgs__rosidl_generator_c.so
[11.987s] -- Set runtime path of "/root/racecar_ws/install/vs_msgs/lib/libvs_msgs__rosidl_generator_c.so" to ""
[11.987s] -- Up-to-date: /root/racecar_ws/install/vs_msgs/include/vs_msgs/vs_msgs
[11.987s] -- Up-to-date: /root/racecar_ws/install/vs_msgs/include/vs_msgs/vs_msgs/msg
[11.987s] -- Up-to-date: /root/racecar_ws/install/vs_msgs/include/vs_msgs/vs_msgs/msg/detail
[11.988s] -- Installing: /root/racecar_ws/install/vs_msgs/include/vs_msgs/vs_msgs/msg/detail/cone_location__rosidl_typesupport_fastrtps_c.h
[11.988s] -- Installing: /root/racecar_ws/install/vs_msgs/include/vs_msgs/vs_msgs/msg/detail/cone_location_pixel__rosidl_typesupport_fastrtps_c.h
[11.988s] -- Installing: /root/racecar_ws/install/vs_msgs/include/vs_msgs/vs_msgs/msg/detail/parking_error__rosidl_typesupport_fastrtps_c.h
[11.989s] -- Installing: /root/racecar_ws/install/vs_msgs/include/vs_msgs/vs_msgs/msg/rosidl_typesupport_fastrtps_c__visibility_control.h
[11.989s] -- Installing: /root/racecar_ws/install/vs_msgs/lib/libvs_msgs__rosidl_typesupport_fastrtps_c.so
[11.989s] -- Set runtime path of "/root/racecar_ws/install/vs_msgs/lib/libvs_msgs__rosidl_typesupport_fastrtps_c.so" to ""
[11.990s] -- Up-to-date: /root/racecar_ws/install/vs_msgs/include/vs_msgs/vs_msgs
[11.990s] -- Up-to-date: /root/racecar_ws/install/vs_msgs/include/vs_msgs/vs_msgs/msg
[11.990s] -- Up-to-date: /root/racecar_ws/install/vs_msgs/include/vs_msgs/vs_msgs/msg/detail
[11.990s] -- Installing: /root/racecar_ws/install/vs_msgs/include/vs_msgs/vs_msgs/msg/detail/parking_error__rosidl_typesupport_introspection_c.h
[11.991s] -- Installing: /root/racecar_ws/install/vs_msgs/include/vs_msgs/vs_msgs/msg/detail/cone_location_pixel__rosidl_typesupport_introspection_c.h
[11.991s] -- Installing: /root/racecar_ws/install/vs_msgs/include/vs_msgs/vs_msgs/msg/detail/cone_location__rosidl_typesupport_introspection_c.h
[11.991s] -- Installing: /root/racecar_ws/install/vs_msgs/include/vs_msgs/vs_msgs/msg/detail/cone_location_pixel__type_support.c
[11.992s] -- Installing: /root/racecar_ws/install/vs_msgs/include/vs_msgs/vs_msgs/msg/detail/cone_location__type_support.c
[11.992s] -- Installing: /root/racecar_ws/install/vs_msgs/include/vs_msgs/vs_msgs/msg/detail/parking_error__type_support.c
[11.992s] -- Installing: /root/racecar_ws/install/vs_msgs/include/vs_msgs/vs_msgs/msg/rosidl_typesupport_introspection_c__visibility_control.h
[11.993s] -- Installing: /root/racecar_ws/install/vs_msgs/lib/libvs_msgs__rosidl_typesupport_introspection_c.so
[11.993s] -- Set runtime path of "/root/racecar_ws/install/vs_msgs/lib/libvs_msgs__rosidl_typesupport_introspection_c.so" to ""
[11.993s] -- Installing: /root/racecar_ws/install/vs_msgs/lib/libvs_msgs__rosidl_typesupport_c.so
[11.994s] -- Set runtime path of "/root/racecar_ws/install/vs_msgs/lib/libvs_msgs__rosidl_typesupport_c.so" to ""
[11.994s] -- Up-to-date: /root/racecar_ws/install/vs_msgs/include/vs_msgs/vs_msgs
[11.994s] -- Up-to-date: /root/racecar_ws/install/vs_msgs/include/vs_msgs/vs_msgs/msg
[11.995s] -- Installing: /root/racecar_ws/install/vs_msgs/include/vs_msgs/vs_msgs/msg/cone_location_pixel.hpp
[11.995s] -- Installing: /root/racecar_ws/install/vs_msgs/include/vs_msgs/vs_msgs/msg/rosidl_generator_cpp__visibility_control.hpp
[11.995s] -- Up-to-date: /root/racecar_ws/install/vs_msgs/include/vs_msgs/vs_msgs/msg/detail
[11.995s] -- Installing: /root/racecar_ws/install/vs_msgs/include/vs_msgs/vs_msgs/msg/detail/cone_location__struct.hpp
[11.996s] -- Installing: /root/racecar_ws/install/vs_msgs/include/vs_msgs/vs_msgs/msg/detail/parking_error__type_support.hpp
[11.996s] -- Installing: /root/racecar_ws/install/vs_msgs/include/vs_msgs/vs_msgs/msg/detail/parking_error__struct.hpp
[11.996s] -- Installing: /root/racecar_ws/install/vs_msgs/include/vs_msgs/vs_msgs/msg/detail/cone_location__builder.hpp
[11.996s] -- Installing: /root/racecar_ws/install/vs_msgs/include/vs_msgs/vs_msgs/msg/detail/cone_location_pixel__struct.hpp
[11.997s] -- Installing: /root/racecar_ws/install/vs_msgs/include/vs_msgs/vs_msgs/msg/detail/cone_location__type_support.hpp
[11.997s] -- Installing: /root/racecar_ws/install/vs_msgs/include/vs_msgs/vs_msgs/msg/detail/cone_location_pixel__traits.hpp
[11.997s] -- Installing: /root/racecar_ws/install/vs_msgs/include/vs_msgs/vs_msgs/msg/detail/cone_location_pixel__builder.hpp
[11.997s] -- Installing: /root/racecar_ws/install/vs_msgs/include/vs_msgs/vs_msgs/msg/detail/cone_location__traits.hpp
[11.998s] -- Installing: /root/racecar_ws/install/vs_msgs/include/vs_msgs/vs_msgs/msg/detail/parking_error__builder.hpp
[11.998s] -- Installing: /root/racecar_ws/install/vs_msgs/include/vs_msgs/vs_msgs/msg/detail/parking_error__traits.hpp
[11.999s] -- Installing: /root/racecar_ws/install/vs_msgs/include/vs_msgs/vs_msgs/msg/detail/cone_location_pixel__type_support.hpp
[11.999s] -- Installing: /root/racecar_ws/install/vs_msgs/include/vs_msgs/vs_msgs/msg/parking_error.hpp
[11.999s] -- Installing: /root/racecar_ws/install/vs_msgs/include/vs_msgs/vs_msgs/msg/cone_location.hpp
[11.999s] -- Up-to-date: /root/racecar_ws/install/vs_msgs/include/vs_msgs/vs_msgs
[12.000s] -- Up-to-date: /root/racecar_ws/install/vs_msgs/include/vs_msgs/vs_msgs/msg
[12.000s] -- Up-to-date: /root/racecar_ws/install/vs_msgs/include/vs_msgs/vs_msgs/msg/detail
[12.000s] -- Installing: /root/racecar_ws/install/vs_msgs/include/vs_msgs/vs_msgs/msg/detail/dds_fastrtps
[12.000s] -- Installing: /root/racecar_ws/install/vs_msgs/include/vs_msgs/vs_msgs/msg/detail/cone_location__rosidl_typesupport_fastrtps_cpp.hpp
[12.001s] -- Installing: /root/racecar_ws/install/vs_msgs/include/vs_msgs/vs_msgs/msg/detail/parking_error__rosidl_typesupport_fastrtps_cpp.hpp
[12.001s] -- Installing: /root/racecar_ws/install/vs_msgs/include/vs_msgs/vs_msgs/msg/detail/cone_location_pixel__rosidl_typesupport_fastrtps_cpp.hpp
[12.001s] -- Installing: /root/racecar_ws/install/vs_msgs/include/vs_msgs/vs_msgs/msg/rosidl_typesupport_fastrtps_cpp__visibility_control.h
[12.002s] -- Installing: /root/racecar_ws/install/vs_msgs/lib/libvs_msgs__rosidl_typesupport_fastrtps_cpp.so
[12.002s] -- Set runtime path of "/root/racecar_ws/install/vs_msgs/lib/libvs_msgs__rosidl_typesupport_fastrtps_cpp.so" to ""
[12.003s] -- Up-to-date: /root/racecar_ws/install/vs_msgs/include/vs_msgs/vs_msgs
[12.003s] -- Up-to-date: /root/racecar_ws/install/vs_msgs/include/vs_msgs/vs_msgs/msg
[12.003s] -- Up-to-date: /root/racecar_ws/install/vs_msgs/include/vs_msgs/vs_msgs/msg/detail
[12.004s] -- Installing: /root/racecar_ws/install/vs_msgs/include/vs_msgs/vs_msgs/msg/detail/cone_location_pixel__type_support.cpp
[12.004s] -- Installing: /root/racecar_ws/install/vs_msgs/include/vs_msgs/vs_msgs/msg/detail/cone_location_pixel__rosidl_typesupport_introspection_cpp.hpp
[12.004s] -- Installing: /root/racecar_ws/install/vs_msgs/include/vs_msgs/vs_msgs/msg/detail/parking_error__rosidl_typesupport_introspection_cpp.hpp
[12.005s] -- Installing: /root/racecar_ws/install/vs_msgs/include/vs_msgs/vs_msgs/msg/detail/cone_location__rosidl_typesupport_introspection_cpp.hpp
[12.005s] -- Installing: /root/racecar_ws/install/vs_msgs/include/vs_msgs/vs_msgs/msg/detail/parking_error__type_support.cpp
[12.005s] -- Installing: /root/racecar_ws/install/vs_msgs/include/vs_msgs/vs_msgs/msg/detail/cone_location__type_support.cpp
[12.006s] -- Installing: /root/racecar_ws/install/vs_msgs/lib/libvs_msgs__rosidl_typesupport_introspection_cpp.so
[12.006s] -- Set runtime path of "/root/racecar_ws/install/vs_msgs/lib/libvs_msgs__rosidl_typesupport_introspection_cpp.so" to ""
[12.006s] -- Installing: /root/racecar_ws/install/vs_msgs/lib/libvs_msgs__rosidl_typesupport_cpp.so
[12.006s] -- Set runtime path of "/root/racecar_ws/install/vs_msgs/lib/libvs_msgs__rosidl_typesupport_cpp.so" to ""
[12.007s] -- Installing: /root/racecar_ws/install/vs_msgs/share/vs_msgs/environment/pythonpath.sh
[12.008s] -- Installing: /root/racecar_ws/install/vs_msgs/share/vs_msgs/environment/pythonpath.dsv
[12.008s] -- Installing: /root/racecar_ws/install/vs_msgs/local/lib/python3.10/dist-packages/vs_msgs-0.0.0-py3.10.egg-info
[12.008s] -- Installing: /root/racecar_ws/install/vs_msgs/local/lib/python3.10/dist-packages/vs_msgs-0.0.0-py3.10.egg-info/top_level.txt
[12.008s] -- Installing: /root/racecar_ws/install/vs_msgs/local/lib/python3.10/dist-packages/vs_msgs-0.0.0-py3.10.egg-info/SOURCES.txt
[12.008s] -- Installing: /root/racecar_ws/install/vs_msgs/local/lib/python3.10/dist-packages/vs_msgs-0.0.0-py3.10.egg-info/PKG-INFO
[12.009s] -- Installing: /root/racecar_ws/install/vs_msgs/local/lib/python3.10/dist-packages/vs_msgs-0.0.0-py3.10.egg-info/dependency_links.txt
[12.009s] -- Installing: /root/racecar_ws/install/vs_msgs/local/lib/python3.10/dist-packages/vs_msgs
[12.009s] -- Installing: /root/racecar_ws/install/vs_msgs/local/lib/python3.10/dist-packages/vs_msgs/libvs_msgs__rosidl_generator_py.so
[12.009s] -- Installing: /root/racecar_ws/install/vs_msgs/local/lib/python3.10/dist-packages/vs_msgs/_vs_msgs_s.ep.rosidl_typesupport_introspection_c.c
[12.010s] -- Installing: /root/racecar_ws/install/vs_msgs/local/lib/python3.10/dist-packages/vs_msgs/vs_msgs_s__rosidl_typesupport_introspection_c.cpython-310-aarch64-linux-gnu.so
[12.010s] -- Installing: /root/racecar_ws/install/vs_msgs/local/lib/python3.10/dist-packages/vs_msgs/vs_msgs_s__rosidl_typesupport_fastrtps_c.cpython-310-aarch64-linux-gnu.so
[12.010s] -- Installing: /root/racecar_ws/install/vs_msgs/local/lib/python3.10/dist-packages/vs_msgs/_vs_msgs_s.ep.rosidl_typesupport_c.c
[12.010s] -- Installing: /root/racecar_ws/install/vs_msgs/local/lib/python3.10/dist-packages/vs_msgs/msg
[12.010s] -- Installing: /root/racecar_ws/install/vs_msgs/local/lib/python3.10/dist-packages/vs_msgs/msg/_cone_location_pixel_s.c
[12.011s] -- Installing: /root/racecar_ws/install/vs_msgs/local/lib/python3.10/dist-packages/vs_msgs/msg/_parking_error_s.c
[12.011s] -- Installing: /root/racecar_ws/install/vs_msgs/local/lib/python3.10/dist-packages/vs_msgs/msg/_cone_location.py
[12.011s] -- Installing: /root/racecar_ws/install/vs_msgs/local/lib/python3.10/dist-packages/vs_msgs/msg/_cone_location_pixel.py
[12.011s] -- Installing: /root/racecar_ws/install/vs_msgs/local/lib/python3.10/dist-packages/vs_msgs/msg/_cone_location_s.c
[12.012s] -- Installing: /root/racecar_ws/install/vs_msgs/local/lib/python3.10/dist-packages/vs_msgs/msg/__init__.py
[12.012s] -- Installing: /root/racecar_ws/install/vs_msgs/local/lib/python3.10/dist-packages/vs_msgs/msg/_parking_error.py
[12.012s] -- Installing: /root/racecar_ws/install/vs_msgs/local/lib/python3.10/dist-packages/vs_msgs/_vs_msgs_s.ep.rosidl_typesupport_fastrtps_c.c
[12.012s] -- Installing: /root/racecar_ws/install/vs_msgs/local/lib/python3.10/dist-packages/vs_msgs/__init__.py
[12.012s] -- Installing: /root/racecar_ws/install/vs_msgs/local/lib/python3.10/dist-packages/vs_msgs/vs_msgs_s__rosidl_typesupport_c.cpython-310-aarch64-linux-gnu.so
[12.095s] Listing '/root/racecar_ws/install/vs_msgs/local/lib/python3.10/dist-packages/vs_msgs'...
[12.095s] Compiling '/root/racecar_ws/install/vs_msgs/local/lib/python3.10/dist-packages/vs_msgs/__init__.py'...
[12.095s] Listing '/root/racecar_ws/install/vs_msgs/local/lib/python3.10/dist-packages/vs_msgs/msg'...
[12.095s] Compiling '/root/racecar_ws/install/vs_msgs/local/lib/python3.10/dist-packages/vs_msgs/msg/__init__.py'...
[12.095s] Compiling '/root/racecar_ws/install/vs_msgs/local/lib/python3.10/dist-packages/vs_msgs/msg/_cone_location.py'...
[12.096s] Compiling '/root/racecar_ws/install/vs_msgs/local/lib/python3.10/dist-packages/vs_msgs/msg/_cone_location_pixel.py'...
[12.096s] Compiling '/root/racecar_ws/install/vs_msgs/local/lib/python3.10/dist-packages/vs_msgs/msg/_parking_error.py'...
[12.108s] -- Installing: /root/racecar_ws/install/vs_msgs/local/lib/python3.10/dist-packages/vs_msgs/vs_msgs_s__rosidl_typesupport_fastrtps_c.cpython-310-aarch64-linux-gnu.so
[12.109s] -- Set runtime path of "/root/racecar_ws/install/vs_msgs/local/lib/python3.10/dist-packages/vs_msgs/vs_msgs_s__rosidl_typesupport_fastrtps_c.cpython-310-aarch64-linux-gnu.so" to ""
[12.109s] -- Installing: /root/racecar_ws/install/vs_msgs/local/lib/python3.10/dist-packages/vs_msgs/vs_msgs_s__rosidl_typesupport_introspection_c.cpython-310-aarch64-linux-gnu.so
[12.109s] -- Set runtime path of "/root/racecar_ws/install/vs_msgs/local/lib/python3.10/dist-packages/vs_msgs/vs_msgs_s__rosidl_typesupport_introspection_c.cpython-310-aarch64-linux-gnu.so" to ""
[12.110s] -- Installing: /root/racecar_ws/install/vs_msgs/local/lib/python3.10/dist-packages/vs_msgs/vs_msgs_s__rosidl_typesupport_c.cpython-310-aarch64-linux-gnu.so
[12.110s] -- Set runtime path of "/root/racecar_ws/install/vs_msgs/local/lib/python3.10/dist-packages/vs_msgs/vs_msgs_s__rosidl_typesupport_c.cpython-310-aarch64-linux-gnu.so" to ""
[12.110s] -- Installing: /root/racecar_ws/install/vs_msgs/lib/libvs_msgs__rosidl_generator_py.so
[12.111s] -- Set runtime path of "/root/racecar_ws/install/vs_msgs/lib/libvs_msgs__rosidl_generator_py.so" to ""
[12.111s] -- Installing: /root/racecar_ws/install/vs_msgs/share/vs_msgs/msg/ConeLocation.idl
[12.112s] -- Installing: /root/racecar_ws/install/vs_msgs/share/vs_msgs/msg/ConeLocationPixel.idl
[12.112s] -- Installing: /root/racecar_ws/install/vs_msgs/share/vs_msgs/msg/ParkingError.idl
[12.112s] -- Installing: /root/racecar_ws/install/vs_msgs/share/vs_msgs/msg/ConeLocation.msg
[12.113s] -- Installing: /root/racecar_ws/install/vs_msgs/share/vs_msgs/msg/ConeLocationPixel.msg
[12.113s] -- Installing: /root/racecar_ws/install/vs_msgs/share/vs_msgs/msg/ParkingError.msg
[12.113s] -- Installing: /root/racecar_ws/install/vs_msgs/share/ament_index/resource_index/package_run_dependencies/vs_msgs
[12.115s] -- Installing: /root/racecar_ws/install/vs_msgs/share/ament_index/resource_index/parent_prefix_path/vs_msgs
[12.115s] -- Installing: /root/racecar_ws/install/vs_msgs/share/vs_msgs/environment/ament_prefix_path.sh
[12.115s] -- Installing: /root/racecar_ws/install/vs_msgs/share/vs_msgs/environment/ament_prefix_path.dsv
[12.116s] -- Installing: /root/racecar_ws/install/vs_msgs/share/vs_msgs/environment/path.sh
[12.116s] -- Installing: /root/racecar_ws/install/vs_msgs/share/vs_msgs/environment/path.dsv
[12.117s] -- Installing: /root/racecar_ws/install/vs_msgs/share/vs_msgs/local_setup.bash
[12.118s] -- Installing: /root/racecar_ws/install/vs_msgs/share/vs_msgs/local_setup.sh
[12.118s] -- Installing: /root/racecar_ws/install/vs_msgs/share/vs_msgs/local_setup.zsh
[12.118s] -- Installing: /root/racecar_ws/install/vs_msgs/share/vs_msgs/local_setup.dsv
[12.119s] -- Installing: /root/racecar_ws/install/vs_msgs/share/vs_msgs/package.dsv
[12.119s] -- Installing: /root/racecar_ws/install/vs_msgs/share/ament_index/resource_index/packages/vs_msgs
[12.119s] -- Installing: /root/racecar_ws/install/vs_msgs/share/vs_msgs/cmake/export_vs_msgs__rosidl_generator_cExport.cmake
[12.120s] -- Installing: /root/racecar_ws/install/vs_msgs/share/vs_msgs/cmake/export_vs_msgs__rosidl_generator_cExport-noconfig.cmake
[12.120s] -- Installing: /root/racecar_ws/install/vs_msgs/share/vs_msgs/cmake/export_vs_msgs__rosidl_typesupport_fastrtps_cExport.cmake
[12.121s] -- Installing: /root/racecar_ws/install/vs_msgs/share/vs_msgs/cmake/export_vs_msgs__rosidl_typesupport_fastrtps_cExport-noconfig.cmake
[12.121s] -- Installing: /root/racecar_ws/install/vs_msgs/share/vs_msgs/cmake/vs_msgs__rosidl_typesupport_introspection_cExport.cmake
[12.122s] -- Installing: /root/racecar_ws/install/vs_msgs/share/vs_msgs/cmake/vs_msgs__rosidl_typesupport_introspection_cExport-noconfig.cmake
[12.122s] -- Installing: /root/racecar_ws/install/vs_msgs/share/vs_msgs/cmake/vs_msgs__rosidl_typesupport_cExport.cmake
[12.122s] -- Installing: /root/racecar_ws/install/vs_msgs/share/vs_msgs/cmake/vs_msgs__rosidl_typesupport_cExport-noconfig.cmake
[12.122s] -- Installing: /root/racecar_ws/install/vs_msgs/share/vs_msgs/cmake/export_vs_msgs__rosidl_generator_cppExport.cmake
[12.123s] -- Installing: /root/racecar_ws/install/vs_msgs/share/vs_msgs/cmake/export_vs_msgs__rosidl_typesupport_fastrtps_cppExport.cmake
[12.123s] -- Installing: /root/racecar_ws/install/vs_msgs/share/vs_msgs/cmake/export_vs_msgs__rosidl_typesupport_fastrtps_cppExport-noconfig.cmake
[12.124s] -- Installing: /root/racecar_ws/install/vs_msgs/share/vs_msgs/cmake/vs_msgs__rosidl_typesupport_introspection_cppExport.cmake
[12.124s] -- Installing: /root/racecar_ws/install/vs_msgs/share/vs_msgs/cmake/vs_msgs__rosidl_typesupport_introspection_cppExport-noconfig.cmake
[12.124s] -- Installing: /root/racecar_ws/install/vs_msgs/share/vs_msgs/cmake/vs_msgs__rosidl_typesupport_cppExport.cmake
[12.125s] -- Installing: /root/racecar_ws/install/vs_msgs/share/vs_msgs/cmake/vs_msgs__rosidl_typesupport_cppExport-noconfig.cmake
[12.125s] -- Installing: /root/racecar_ws/install/vs_msgs/share/vs_msgs/cmake/export_vs_msgs__rosidl_generator_pyExport.cmake
[12.125s] -- Installing: /root/racecar_ws/install/vs_msgs/share/vs_msgs/cmake/export_vs_msgs__rosidl_generator_pyExport-noconfig.cmake
[12.126s] -- Installing: /root/racecar_ws/install/vs_msgs/share/vs_msgs/cmake/rosidl_cmake-extras.cmake
[12.126s] -- Installing: /root/racecar_ws/install/vs_msgs/share/vs_msgs/cmake/ament_cmake_export_include_directories-extras.cmake
[12.126s] -- Installing: /root/racecar_ws/install/vs_msgs/share/vs_msgs/cmake/ament_cmake_export_libraries-extras.cmake
[12.126s] -- Installing: /root/racecar_ws/install/vs_msgs/share/vs_msgs/cmake/ament_cmake_export_targets-extras.cmake
[12.127s] -- Installing: /root/racecar_ws/install/vs_msgs/share/vs_msgs/cmake/rosidl_cmake_export_typesupport_targets-extras.cmake
[12.127s] -- Installing: /root/racecar_ws/install/vs_msgs/share/vs_msgs/cmake/ament_cmake_export_dependencies-extras.cmake
[12.127s] -- Installing: /root/racecar_ws/install/vs_msgs/share/vs_msgs/cmake/rosidl_cmake_export_typesupport_libraries-extras.cmake
[12.128s] -- Installing: /root/racecar_ws/install/vs_msgs/share/vs_msgs/cmake/vs_msgsConfig.cmake
[12.128s] -- Installing: /root/racecar_ws/install/vs_msgs/share/vs_msgs/cmake/vs_msgsConfig-version.cmake
[12.128s] -- Installing: /root/racecar_ws/install/vs_msgs/share/vs_msgs/package.xml
[12.136s] Invoked command in '/root/racecar_ws/build/vs_msgs' returned '0': CMAKE_PREFIX_PATH=${CMAKE_PREFIX_PATH}:/root/racecar_ws/install/wall_follower:/root/racecar_ws/install/visual_servoing:/root/racecar_ws/install/safety_controller:/root/racecar_ws/install/evaluation:/root/ros2_ws/install/racecar:/opt/ros/humble /usr/bin/cmake --install /root/racecar_ws/build/vs_msgs
