running develop
running egg_info
creating wall_follower.egg-info
writing wall_follower.egg-info/PKG-INFO
writing dependency_links to wall_follower.egg-info/dependency_links.txt
writing entry points to wall_follower.egg-info/entry_points.txt
writing requirements to wall_follower.egg-info/requires.txt
writing top-level names to wall_follower.egg-info/top_level.txt
writing manifest file 'wall_follower.egg-info/SOURCES.txt'
reading manifest file 'wall_follower.egg-info/SOURCES.txt'
writing manifest file 'wall_follower.egg-info/SOURCES.txt'
running build_ext
Creating /root/racecar_ws/install/wall_follower/lib/python3.10/site-packages/wall-follower.egg-link (link to .)
Installing test_wall_follower script to /root/racecar_ws/install/wall_follower/lib/wall_follower
Installing viz_example script to /root/racecar_ws/install/wall_follower/lib/wall_follower
Installing wall_follower script to /root/racecar_ws/install/wall_follower/lib/wall_follower

Installed /root/racecar_ws/build/wall_follower
running symlink_data
symbolically linking /root/racecar_ws/build/wall_follower/package.xml -> /root/racecar_ws/install/wall_follower/share/wall_follower
symbolically linking /root/racecar_ws/build/wall_follower/wall_follower/params.yaml -> /root/racecar_ws/install/wall_follower/share/wall_follower
creating /root/racecar_ws/install/wall_follower/share/ament_index
creating /root/racecar_ws/install/wall_follower/share/ament_index/resource_index
creating /root/racecar_ws/install/wall_follower/share/ament_index/resource_index/packages
symbolically linking /root/racecar_ws/build/wall_follower/resource/wall_follower -> /root/racecar_ws/install/wall_follower/share/ament_index/resource_index/packages
creating /root/racecar_ws/install/wall_follower/share/wall_follower/launch
symbolically linking /root/racecar_ws/build/wall_follower/launch/wall_follower.launch.xml -> /root/racecar_ws/install/wall_follower/share/wall_follower/launch
symbolically linking /root/racecar_ws/build/wall_follower/launch/launch_test.launch.py -> /root/racecar_ws/install/wall_follower/share/wall_follower/launch
symbolically linking /root/racecar_ws/build/wall_follower/launch/launch_test_sim.launch.py -> /root/racecar_ws/install/wall_follower/share/wall_follower/launch
