[3.050s] Invoking command in '/root/racecar_ws/build/wall_follower': PYTHONPATH=/root/racecar_ws/build/wall_follower/prefix_override:/usr/lib/python3/dist-packages/colcon_core/task/python/colcon_distutils_commands:/root/racecar_ws/install/wall_follower/lib/python3.10/site-packages:${PYTHONPATH} /usr/bin/python3 -W ignore:setup.py install is deprecated -W ignore:easy_install command is deprecated setup.py develop --editable --build-directory /root/racecar_ws/build/wall_follower/build --no-deps symlink_data
[3.728s] running develop
[3.892s] /usr/lib/python3/dist-packages/pkg_resources/__init__.py:116: PkgResourcesDeprecationWarning: 2.0.5-build-libtorrent-rasterbar-QyJODx-libtorrent-rasterbar-2.0.5-bindings-python is an invalid version and will not be supported in a future release
[3.892s]   warnings.warn(
[4.217s] running egg_info
[4.217s] creating wall_follower.egg-info
[4.218s] writing wall_follower.egg-info/PKG-INFO
[4.218s] writing dependency_links to wall_follower.egg-info/dependency_links.txt
[4.219s] writing entry points to wall_follower.egg-info/entry_points.txt
[4.219s] writing requirements to wall_follower.egg-info/requires.txt
[4.219s] writing top-level names to wall_follower.egg-info/top_level.txt
[4.220s] writing manifest file 'wall_follower.egg-info/SOURCES.txt'
[4.224s] reading manifest file 'wall_follower.egg-info/SOURCES.txt'
[4.225s] writing manifest file 'wall_follower.egg-info/SOURCES.txt'
[4.318s] running build_ext
[4.318s] Creating /root/racecar_ws/install/wall_follower/lib/python3.10/site-packages/wall-follower.egg-link (link to .)
[4.320s] Installing test_wall_follower script to /root/racecar_ws/install/wall_follower/lib/wall_follower
[4.320s] Installing viz_example script to /root/racecar_ws/install/wall_follower/lib/wall_follower
[4.321s] Installing wall_follower script to /root/racecar_ws/install/wall_follower/lib/wall_follower
[4.321s] 
[4.321s] Installed /root/racecar_ws/build/wall_follower
[4.321s] running symlink_data
[4.322s] symbolically linking /root/racecar_ws/build/wall_follower/package.xml -> /root/racecar_ws/install/wall_follower/share/wall_follower
[4.322s] symbolically linking /root/racecar_ws/build/wall_follower/wall_follower/params.yaml -> /root/racecar_ws/install/wall_follower/share/wall_follower
[4.322s] creating /root/racecar_ws/install/wall_follower/share/ament_index
[4.322s] creating /root/racecar_ws/install/wall_follower/share/ament_index/resource_index
[4.322s] creating /root/racecar_ws/install/wall_follower/share/ament_index/resource_index/packages
[4.322s] symbolically linking /root/racecar_ws/build/wall_follower/resource/wall_follower -> /root/racecar_ws/install/wall_follower/share/ament_index/resource_index/packages
[4.323s] creating /root/racecar_ws/install/wall_follower/share/wall_follower/launch
[4.323s] symbolically linking /root/racecar_ws/build/wall_follower/launch/wall_follower.launch.xml -> /root/racecar_ws/install/wall_follower/share/wall_follower/launch
[4.323s] symbolically linking /root/racecar_ws/build/wall_follower/launch/launch_test.launch.py -> /root/racecar_ws/install/wall_follower/share/wall_follower/launch
[4.323s] symbolically linking /root/racecar_ws/build/wall_follower/launch/launch_test_sim.launch.py -> /root/racecar_ws/install/wall_follower/share/wall_follower/launch
[4.424s] Invoked command in '/root/racecar_ws/build/wall_follower' returned '0': PYTHONPATH=/root/racecar_ws/build/wall_follower/prefix_override:/usr/lib/python3/dist-packages/colcon_core/task/python/colcon_distutils_commands:/root/racecar_ws/install/wall_follower/lib/python3.10/site-packages:${PYTHONPATH} /usr/bin/python3 -W ignore:setup.py install is deprecated -W ignore:easy_install command is deprecated setup.py develop --editable --build-directory /root/racecar_ws/build/wall_follower/build --no-deps symlink_data
