[0.049s] DEBUG:colcon:Command line arguments: ['/usr/bin/colcon', 'build', '--symlink-install']
[0.049s] DEBUG:colcon:Parsed command line arguments: Namespace(log_base=None, log_level=None, verb_name='build', build_base='build', install_base='install', merge_install=False, symlink_install=True, test_result_base=None, continue_on_error=False, executor='parallel', parallel_workers=12, event_handlers=None, ignore_user_meta=False, metas=['./colcon.meta'], base_paths=['.'], packages_ignore=None, packages_ignore_regex=None, paths=None, packages_up_to=None, packages_up_to_regex=None, packages_above=None, packages_above_and_dependencies=None, packages_above_depth=None, packages_select_by_dep=None, packages_skip_by_dep=None, packages_skip_up_to=None, packages_select_build_failed=False, packages_skip_build_finished=False, packages_select_test_failures=False, packages_skip_test_passed=False, packages_select=None, packages_skip=None, packages_select_regex=None, packages_skip_regex=None, packages_start=None, packages_end=None, cmake_args=None, cmake_target=None, cmake_target_skip_unavailable=False, cmake_clean_cache=False, cmake_clean_first=False, cmake_force_configure=False, ament_cmake_args=None, catkin_cmake_args=None, catkin_skip_building_tests=False, mixin_files=None, mixin=None, verb_parser=<colcon_mixin.mixin.mixin_argument.MixinArgumentDecorator object at 0xffff97f458a0>, verb_extension=<colcon_core.verb.build.BuildVerb object at 0xffff97f45360>, main=<bound method BuildVerb.main of <colcon_core.verb.build.BuildVerb object at 0xffff97f45360>>, mixin_verb=('build',))
[0.118s] Level 1:colcon.colcon_core.package_discovery:discover_packages(colcon_meta) check parameters
[0.119s] Level 1:colcon.colcon_core.package_discovery:discover_packages(recursive) check parameters
[0.119s] Level 1:colcon.colcon_core.package_discovery:discover_packages(ignore) check parameters
[0.119s] Level 1:colcon.colcon_core.package_discovery:discover_packages(path) check parameters
[0.119s] Level 1:colcon.colcon_core.package_discovery:discover_packages(colcon_meta) discover
[0.119s] Level 1:colcon.colcon_core.package_discovery:discover_packages(recursive) discover
[0.120s] INFO:colcon.colcon_core.package_discovery:Crawling recursively for packages in '/home/racecar/racecar_ws/src/custom_msgs'
[0.121s] Level 1:colcon.colcon_core.package_identification:_identify(.) by extensions ['ignore', 'ignore_ament_install']
[0.121s] Level 1:colcon.colcon_core.package_identification:_identify(.) by extension 'ignore'
[0.121s] Level 1:colcon.colcon_core.package_identification:_identify(.) by extension 'ignore_ament_install'
[0.121s] Level 1:colcon.colcon_core.package_identification:_identify(.) by extensions ['colcon_pkg']
[0.121s] Level 1:colcon.colcon_core.package_identification:_identify(.) by extension 'colcon_pkg'
[0.121s] Level 1:colcon.colcon_core.package_identification:_identify(.) by extensions ['colcon_meta']
[0.122s] Level 1:colcon.colcon_core.package_identification:_identify(.) by extension 'colcon_meta'
[0.122s] Level 1:colcon.colcon_core.package_identification:_identify(.) by extensions ['ros']
[0.122s] Level 1:colcon.colcon_core.package_identification:_identify(.) by extension 'ros'
[0.129s] DEBUG:colcon.colcon_core.package_identification:Package '.' with type 'ros.ament_cmake' and name 'custom_msgs'
[0.129s] Level 1:colcon.colcon_core.package_discovery:discover_packages(recursive) using defaults
[0.129s] Level 1:colcon.colcon_core.package_discovery:discover_packages(ignore) discover
[0.129s] Level 1:colcon.colcon_core.package_discovery:discover_packages(ignore) using defaults
[0.129s] Level 1:colcon.colcon_core.package_discovery:discover_packages(path) discover
[0.129s] Level 1:colcon.colcon_core.package_discovery:discover_packages(path) using defaults
[0.139s] Level 5:colcon.colcon_core.verb:set package 'custom_msgs' build argument 'cmake_args' from command line to 'None'
[0.139s] Level 5:colcon.colcon_core.verb:set package 'custom_msgs' build argument 'cmake_target' from command line to 'None'
[0.139s] Level 5:colcon.colcon_core.verb:set package 'custom_msgs' build argument 'cmake_target_skip_unavailable' from command line to 'False'
[0.140s] Level 5:colcon.colcon_core.verb:set package 'custom_msgs' build argument 'cmake_clean_cache' from command line to 'False'
[0.140s] Level 5:colcon.colcon_core.verb:set package 'custom_msgs' build argument 'cmake_clean_first' from command line to 'False'
[0.140s] Level 5:colcon.colcon_core.verb:set package 'custom_msgs' build argument 'cmake_force_configure' from command line to 'False'
[0.140s] Level 5:colcon.colcon_core.verb:set package 'custom_msgs' build argument 'ament_cmake_args' from command line to 'None'
[0.140s] Level 5:colcon.colcon_core.verb:set package 'custom_msgs' build argument 'catkin_cmake_args' from command line to 'None'
[0.140s] Level 5:colcon.colcon_core.verb:set package 'custom_msgs' build argument 'catkin_skip_building_tests' from command line to 'False'
[0.140s] DEBUG:colcon.colcon_core.verb:Building package 'custom_msgs' with the following arguments: {'ament_cmake_args': None, 'build_base': '/home/racecar/racecar_ws/src/custom_msgs/build/custom_msgs', 'catkin_cmake_args': None, 'catkin_skip_building_tests': False, 'cmake_args': None, 'cmake_clean_cache': False, 'cmake_clean_first': False, 'cmake_force_configure': False, 'cmake_target': None, 'cmake_target_skip_unavailable': False, 'install_base': '/home/racecar/racecar_ws/src/custom_msgs/install/custom_msgs', 'merge_install': False, 'path': '/home/racecar/racecar_ws/src/custom_msgs', 'symlink_install': True, 'test_result_base': None}
[0.140s] INFO:colcon.colcon_core.executor:Executing jobs using 'parallel' executor
[0.141s] DEBUG:colcon.colcon_parallel_executor.executor.parallel:run_until_complete
[0.141s] INFO:colcon.colcon_ros.task.ament_cmake.build:Building ROS package in '/home/racecar/racecar_ws/src/custom_msgs' with build type 'ament_cmake'
[0.141s] INFO:colcon.colcon_cmake.task.cmake.build:Building CMake package in '/home/racecar/racecar_ws/src/custom_msgs'
[0.142s] INFO:colcon.colcon_core.plugin_system:Skipping extension 'colcon_core.shell.bat': Not used on non-Windows systems
[0.142s] INFO:colcon.colcon_core.shell:Skip shell extension 'powershell' for command environment: Not usable outside of PowerShell
[0.142s] DEBUG:colcon.colcon_core.shell:Skip shell extension 'dsv' for command environment
[0.158s] DEBUG:colcon.colcon_core.event_handler.log_command:Invoking command in '/home/racecar/racecar_ws/src/custom_msgs/build/custom_msgs': CMAKE_PREFIX_PATH=${CMAKE_PREFIX_PATH}:/home/racecar/racecar_ws/install/ros_exercises:/home/racecar/racecar_ws/install/py_pubsub:/home/racecar/racecar_ws/install/first_package_1c:/opt/ros/humble /usr/bin/cmake /home/racecar/racecar_ws/src/custom_msgs -DAMENT_CMAKE_SYMLINK_INSTALL=1 -DCMAKE_INSTALL_PREFIX=/home/racecar/racecar_ws/src/custom_msgs/install/custom_msgs
[2.247s] DEBUG:colcon.colcon_core.event_handler.log_command:Invoked command in '/home/racecar/racecar_ws/src/custom_msgs/build/custom_msgs' returned '0': CMAKE_PREFIX_PATH=${CMAKE_PREFIX_PATH}:/home/racecar/racecar_ws/install/ros_exercises:/home/racecar/racecar_ws/install/py_pubsub:/home/racecar/racecar_ws/install/first_package_1c:/opt/ros/humble /usr/bin/cmake /home/racecar/racecar_ws/src/custom_msgs -DAMENT_CMAKE_SYMLINK_INSTALL=1 -DCMAKE_INSTALL_PREFIX=/home/racecar/racecar_ws/src/custom_msgs/install/custom_msgs
[2.249s] DEBUG:colcon.colcon_core.event_handler.log_command:Invoking command in '/home/racecar/racecar_ws/src/custom_msgs/build/custom_msgs': CMAKE_PREFIX_PATH=${CMAKE_PREFIX_PATH}:/home/racecar/racecar_ws/install/ros_exercises:/home/racecar/racecar_ws/install/py_pubsub:/home/racecar/racecar_ws/install/first_package_1c:/opt/ros/humble /usr/bin/cmake --build /home/racecar/racecar_ws/src/custom_msgs/build/custom_msgs -- -j12 -l12
[3.213s] DEBUG:colcon.colcon_core.event_handler.log_command:Invoked command in '/home/racecar/racecar_ws/src/custom_msgs/build/custom_msgs' returned '0': CMAKE_PREFIX_PATH=${CMAKE_PREFIX_PATH}:/home/racecar/racecar_ws/install/ros_exercises:/home/racecar/racecar_ws/install/py_pubsub:/home/racecar/racecar_ws/install/first_package_1c:/opt/ros/humble /usr/bin/cmake --build /home/racecar/racecar_ws/src/custom_msgs/build/custom_msgs -- -j12 -l12
[3.219s] DEBUG:colcon.colcon_core.event_handler.log_command:Invoking command in '/home/racecar/racecar_ws/src/custom_msgs/build/custom_msgs': CMAKE_PREFIX_PATH=${CMAKE_PREFIX_PATH}:/home/racecar/racecar_ws/install/ros_exercises:/home/racecar/racecar_ws/install/py_pubsub:/home/racecar/racecar_ws/install/first_package_1c:/opt/ros/humble /usr/bin/cmake --install /home/racecar/racecar_ws/src/custom_msgs/build/custom_msgs
[3.632s] Level 1:colcon.colcon_core.environment:create_environment_scripts_only(custom_msgs)
[3.632s] DEBUG:colcon.colcon_core.event_handler.log_command:Invoked command in '/home/racecar/racecar_ws/src/custom_msgs/build/custom_msgs' returned '0': CMAKE_PREFIX_PATH=${CMAKE_PREFIX_PATH}:/home/racecar/racecar_ws/install/ros_exercises:/home/racecar/racecar_ws/install/py_pubsub:/home/racecar/racecar_ws/install/first_package_1c:/opt/ros/humble /usr/bin/cmake --install /home/racecar/racecar_ws/src/custom_msgs/build/custom_msgs
[3.633s] Level 1:colcon.colcon_core.environment:checking '/home/racecar/racecar_ws/src/custom_msgs/install/custom_msgs' for CMake module files
[3.637s] Level 1:colcon.colcon_core.environment:checking '/home/racecar/racecar_ws/src/custom_msgs/install/custom_msgs' for CMake config files
[3.645s] Level 1:colcon.colcon_core.shell:create_environment_hook('custom_msgs', 'cmake_prefix_path')
[3.645s] INFO:colcon.colcon_core.shell:Creating environment hook '/home/racecar/racecar_ws/src/custom_msgs/install/custom_msgs/share/custom_msgs/hook/cmake_prefix_path.ps1'
[3.646s] INFO:colcon.colcon_core.shell:Creating environment descriptor '/home/racecar/racecar_ws/src/custom_msgs/install/custom_msgs/share/custom_msgs/hook/cmake_prefix_path.dsv'
[3.647s] INFO:colcon.colcon_core.shell:Creating environment hook '/home/racecar/racecar_ws/src/custom_msgs/install/custom_msgs/share/custom_msgs/hook/cmake_prefix_path.sh'
[3.648s] Level 1:colcon.colcon_core.environment:checking '/home/racecar/racecar_ws/src/custom_msgs/install/custom_msgs/lib'
[3.648s] Level 1:colcon.colcon_core.shell:create_environment_hook('custom_msgs', 'ld_library_path_lib')
[3.648s] INFO:colcon.colcon_core.shell:Creating environment hook '/home/racecar/racecar_ws/src/custom_msgs/install/custom_msgs/share/custom_msgs/hook/ld_library_path_lib.ps1'
[3.649s] INFO:colcon.colcon_core.shell:Creating environment descriptor '/home/racecar/racecar_ws/src/custom_msgs/install/custom_msgs/share/custom_msgs/hook/ld_library_path_lib.dsv'
[3.650s] INFO:colcon.colcon_core.shell:Creating environment hook '/home/racecar/racecar_ws/src/custom_msgs/install/custom_msgs/share/custom_msgs/hook/ld_library_path_lib.sh'
[3.650s] Level 1:colcon.colcon_core.environment:checking '/home/racecar/racecar_ws/src/custom_msgs/install/custom_msgs/bin'
[3.650s] Level 1:colcon.colcon_core.environment:checking '/home/racecar/racecar_ws/src/custom_msgs/install/custom_msgs/lib/pkgconfig/custom_msgs.pc'
[3.651s] Level 1:colcon.colcon_core.environment:checking '/home/racecar/racecar_ws/src/custom_msgs/install/custom_msgs/lib/python3.10/site-packages'
[3.652s] Level 1:colcon.colcon_core.environment:checking '/home/racecar/racecar_ws/src/custom_msgs/install/custom_msgs/bin'
[3.652s] INFO:colcon.colcon_core.shell:Creating package script '/home/racecar/racecar_ws/src/custom_msgs/install/custom_msgs/share/custom_msgs/package.ps1'
[3.653s] INFO:colcon.colcon_core.shell:Creating package descriptor '/home/racecar/racecar_ws/src/custom_msgs/install/custom_msgs/share/custom_msgs/package.dsv'
[3.658s] INFO:colcon.colcon_core.shell:Creating package script '/home/racecar/racecar_ws/src/custom_msgs/install/custom_msgs/share/custom_msgs/package.sh'
[3.659s] INFO:colcon.colcon_core.shell:Creating package script '/home/racecar/racecar_ws/src/custom_msgs/install/custom_msgs/share/custom_msgs/package.bash'
[3.660s] INFO:colcon.colcon_core.shell:Creating package script '/home/racecar/racecar_ws/src/custom_msgs/install/custom_msgs/share/custom_msgs/package.zsh'
[3.661s] Level 1:colcon.colcon_core.environment:create_file_with_runtime_dependencies(/home/racecar/racecar_ws/src/custom_msgs/install/custom_msgs/share/colcon-core/packages/custom_msgs)
[3.662s] Level 1:colcon.colcon_core.environment:create_environment_scripts_only(custom_msgs)
[3.663s] Level 1:colcon.colcon_core.environment:checking '/home/racecar/racecar_ws/src/custom_msgs/install/custom_msgs' for CMake module files
[3.666s] Level 1:colcon.colcon_core.environment:checking '/home/racecar/racecar_ws/src/custom_msgs/install/custom_msgs' for CMake config files
[3.670s] Level 1:colcon.colcon_core.shell:create_environment_hook('custom_msgs', 'cmake_prefix_path')
[3.670s] INFO:colcon.colcon_core.shell:Creating environment hook '/home/racecar/racecar_ws/src/custom_msgs/install/custom_msgs/share/custom_msgs/hook/cmake_prefix_path.ps1'
[3.672s] INFO:colcon.colcon_core.shell:Creating environment descriptor '/home/racecar/racecar_ws/src/custom_msgs/install/custom_msgs/share/custom_msgs/hook/cmake_prefix_path.dsv'
[3.674s] INFO:colcon.colcon_core.shell:Creating environment hook '/home/racecar/racecar_ws/src/custom_msgs/install/custom_msgs/share/custom_msgs/hook/cmake_prefix_path.sh'
[3.675s] Level 1:colcon.colcon_core.environment:checking '/home/racecar/racecar_ws/src/custom_msgs/install/custom_msgs/lib'
[3.675s] Level 1:colcon.colcon_core.shell:create_environment_hook('custom_msgs', 'ld_library_path_lib')
[3.675s] INFO:colcon.colcon_core.shell:Creating environment hook '/home/racecar/racecar_ws/src/custom_msgs/install/custom_msgs/share/custom_msgs/hook/ld_library_path_lib.ps1'
[3.676s] INFO:colcon.colcon_core.shell:Creating environment descriptor '/home/racecar/racecar_ws/src/custom_msgs/install/custom_msgs/share/custom_msgs/hook/ld_library_path_lib.dsv'
[3.677s] INFO:colcon.colcon_core.shell:Creating environment hook '/home/racecar/racecar_ws/src/custom_msgs/install/custom_msgs/share/custom_msgs/hook/ld_library_path_lib.sh'
[3.678s] Level 1:colcon.colcon_core.environment:checking '/home/racecar/racecar_ws/src/custom_msgs/install/custom_msgs/bin'
[3.678s] Level 1:colcon.colcon_core.environment:checking '/home/racecar/racecar_ws/src/custom_msgs/install/custom_msgs/lib/pkgconfig/custom_msgs.pc'
[3.678s] Level 1:colcon.colcon_core.environment:checking '/home/racecar/racecar_ws/src/custom_msgs/install/custom_msgs/lib/python3.10/site-packages'
[3.678s] Level 1:colcon.colcon_core.environment:checking '/home/racecar/racecar_ws/src/custom_msgs/install/custom_msgs/bin'
[3.679s] INFO:colcon.colcon_core.shell:Creating package script '/home/racecar/racecar_ws/src/custom_msgs/install/custom_msgs/share/custom_msgs/package.ps1'
[3.679s] INFO:colcon.colcon_core.shell:Creating package descriptor '/home/racecar/racecar_ws/src/custom_msgs/install/custom_msgs/share/custom_msgs/package.dsv'
[3.680s] INFO:colcon.colcon_core.shell:Creating package script '/home/racecar/racecar_ws/src/custom_msgs/install/custom_msgs/share/custom_msgs/package.sh'
[3.680s] INFO:colcon.colcon_core.shell:Creating package script '/home/racecar/racecar_ws/src/custom_msgs/install/custom_msgs/share/custom_msgs/package.bash'
[3.680s] INFO:colcon.colcon_core.shell:Creating package script '/home/racecar/racecar_ws/src/custom_msgs/install/custom_msgs/share/custom_msgs/package.zsh'
[3.681s] Level 1:colcon.colcon_core.environment:create_file_with_runtime_dependencies(/home/racecar/racecar_ws/src/custom_msgs/install/custom_msgs/share/colcon-core/packages/custom_msgs)
[3.681s] DEBUG:colcon.colcon_parallel_executor.executor.parallel:closing loop
[3.681s] DEBUG:colcon.colcon_parallel_executor.executor.parallel:loop closed
[3.682s] DEBUG:colcon.colcon_parallel_executor.executor.parallel:run_until_complete finished with '0'
[3.682s] DEBUG:colcon.colcon_core.event_reactor:joining thread
[3.685s] INFO:colcon.colcon_core.plugin_system:Skipping extension 'colcon_notification.desktop_notification.notify_send': Could not find 'notify-send'
[3.686s] INFO:colcon.colcon_core.plugin_system:Skipping extension 'colcon_notification.desktop_notification.terminal_notifier': Not used on non-Darwin systems
[3.686s] INFO:colcon.colcon_core.plugin_system:Skipping extension 'colcon_notification.desktop_notification.win32': Not used on non-Windows systems
[3.686s] INFO:colcon.colcon_notification.desktop_notification:Sending desktop notification using 'notify2'
[3.686s] DEBUG:colcon.colcon_notification.desktop_notification.notify2:Failed to initialize notify2: org.freedesktop.DBus.Error.NotSupported: Unable to autolaunch a dbus-daemon without a $DISPLAY for X11
[3.686s] DEBUG:colcon.colcon_core.event_reactor:joined thread
[3.686s] INFO:colcon.colcon_core.shell:Creating prefix script '/home/racecar/racecar_ws/src/custom_msgs/install/local_setup.ps1'
[3.687s] INFO:colcon.colcon_core.shell:Creating prefix util module '/home/racecar/racecar_ws/src/custom_msgs/install/_local_setup_util_ps1.py'
[3.688s] INFO:colcon.colcon_core.shell:Creating prefix chain script '/home/racecar/racecar_ws/src/custom_msgs/install/setup.ps1'
[3.690s] INFO:colcon.colcon_core.shell:Creating prefix script '/home/racecar/racecar_ws/src/custom_msgs/install/local_setup.sh'
[3.691s] INFO:colcon.colcon_core.shell:Creating prefix util module '/home/racecar/racecar_ws/src/custom_msgs/install/_local_setup_util_sh.py'
[3.691s] INFO:colcon.colcon_core.shell:Creating prefix chain script '/home/racecar/racecar_ws/src/custom_msgs/install/setup.sh'
[3.693s] INFO:colcon.colcon_core.shell:Creating prefix script '/home/racecar/racecar_ws/src/custom_msgs/install/local_setup.bash'
[3.693s] INFO:colcon.colcon_core.shell:Creating prefix chain script '/home/racecar/racecar_ws/src/custom_msgs/install/setup.bash'
[3.695s] INFO:colcon.colcon_core.shell:Creating prefix script '/home/racecar/racecar_ws/src/custom_msgs/install/local_setup.zsh'
[3.695s] INFO:colcon.colcon_core.shell:Creating prefix chain script '/home/racecar/racecar_ws/src/custom_msgs/install/setup.zsh'
