running develop
running egg_info
creating ros_exercises.egg-info
writing ros_exercises.egg-info/PKG-INFO
writing dependency_links to ros_exercises.egg-info/dependency_links.txt
writing entry points to ros_exercises.egg-info/entry_points.txt
writing requirements to ros_exercises.egg-info/requires.txt
writing top-level names to ros_exercises.egg-info/top_level.txt
writing manifest file 'ros_exercises.egg-info/SOURCES.txt'
reading manifest file 'ros_exercises.egg-info/SOURCES.txt'
writing manifest file 'ros_exercises.egg-info/SOURCES.txt'
running build_ext
Creating /home/racecar/racecar_ws/src/install/ros_exercises/lib/python3.10/site-packages/ros-exercises.egg-link (link to .)
Installing listener script to /home/racecar/racecar_ws/src/install/ros_exercises/lib/ros_exercises
Installing talker script to /home/racecar/racecar_ws/src/install/ros_exercises/lib/ros_exercises

Installed /home/racecar/racecar_ws/src/build/ros_exercises
running symlink_data
creating /home/racecar/racecar_ws/src/install/ros_exercises/share/ament_index
creating /home/racecar/racecar_ws/src/install/ros_exercises/share/ament_index/resource_index
creating /home/racecar/racecar_ws/src/install/ros_exercises/share/ament_index/resource_index/packages
symbolically linking /home/racecar/racecar_ws/src/build/ros_exercises/resource/ros_exercises -> /home/racecar/racecar_ws/src/install/ros_exercises/share/ament_index/resource_index/packages
symbolically linking /home/racecar/racecar_ws/src/build/ros_exercises/package.xml -> /home/racecar/racecar_ws/src/install/ros_exercises/share/ros_exercises
