/usr/lib/python3/dist-packages/setuptools/dist.py:723: UserWarning: Usage of dash-separated 'script-dir' will not be supported in future versions. Please use the underscore name 'script_dir' instead
  warnings.warn(
running egg_info
writing ../../../build/visual_servoing/visual_servoing.egg-info/PKG-INFO
writing dependency_links to ../../../build/visual_servoing/visual_servoing.egg-info/dependency_links.txt
writing entry points to ../../../build/visual_servoing/visual_servoing.egg-info/entry_points.txt
writing requirements to ../../../build/visual_servoing/visual_servoing.egg-info/requires.txt
writing top-level names to ../../../build/visual_servoing/visual_servoing.egg-info/top_level.txt
reading manifest file '../../../build/visual_servoing/visual_servoing.egg-info/SOURCES.txt'
writing manifest file '../../../build/visual_servoing/visual_servoing.egg-info/SOURCES.txt'
running build
running build_py
running install
running install_lib
running install_data
running install_egg_info
removing '/root/racecar_ws/install/visual_servoing/lib/python3.10/site-packages/visual_servoing-0.0.0-py3.10.egg-info' (and everything under it)
Copying ../../../build/visual_servoing/visual_servoing.egg-info to /root/racecar_ws/install/visual_servoing/lib/python3.10/site-packages/visual_servoing-0.0.0-py3.10.egg-info
running install_scripts
Installing cone_detector script to /root/racecar_ws/install/visual_servoing/lib/visual_servoing
Installing cone_sim_marker script to /root/racecar_ws/install/visual_servoing/lib/visual_servoing
Installing homography_transformer script to /root/racecar_ws/install/visual_servoing/lib/visual_servoing
Installing parking_controller script to /root/racecar_ws/install/visual_servoing/lib/visual_servoing
Installing yolo_annotator script to /root/racecar_ws/install/visual_servoing/lib/visual_servoing
writing list of installed files to '/root/racecar_ws/build/visual_servoing/install.log'
