[3.218s] Invoking command in '/root/racecar_ws/build/vs_msgs': CMAKE_PREFIX_PATH=${CMAKE_PREFIX_PATH}:/root/racecar_ws/install/wall_follower:/root/racecar_ws/install/visual_servoing:/root/racecar_ws/install/safety_controller:/root/racecar_ws/install/evaluation:/root/ros2_ws/install/racecar:/opt/ros/humble /usr/bin/cmake /root/racecar_ws/src/visual_servoing/vs_msgs -DAMENT_CMAKE_SYMLINK_INSTALL=1 -DCMAKE_INSTALL_PREFIX=/root/racecar_ws/install/vs_msgs
[3.246s] -- Found ament_cmake: 1.3.12 (/opt/ros/humble/share/ament_cmake/cmake)
[3.765s] -- Override CMake install command with custom implementation using symlinks instead of copying resources
[3.794s] -- Found rosidl_default_generators: 1.2.0 (/opt/ros/humble/share/rosidl_default_generators/cmake)
[3.802s] -- Using all available rosidl_typesupport_c: rosidl_typesupport_fastrtps_c;rosidl_typesupport_introspection_c
[3.818s] -- Found rosidl_adapter: 3.1.8 (/opt/ros/humble/share/rosidl_adapter/cmake)
[3.963s] -- Using all available rosidl_typesupport_cpp: rosidl_typesupport_fastrtps_cpp;rosidl_typesupport_introspection_cpp
[5.506s] -- Found ament_cmake_ros: 0.10.0 (/opt/ros/humble/share/ament_cmake_ros/cmake)
[6.683s] -- Using all available rosidl_typesupport_c: rosidl_typesupport_fastrtps_c;rosidl_typesupport_introspection_c
[8.399s] -- Using all available rosidl_typesupport_cpp: rosidl_typesupport_fastrtps_cpp;rosidl_typesupport_introspection_cpp
[8.528s] -- Found python_cmake_module: 0.10.0 (/opt/ros/humble/share/python_cmake_module/cmake)
[8.601s] -- Using PYTHON_EXECUTABLE: /usr/bin/python3
[8.601s] -- Using PYTHON_INCLUDE_DIRS: /usr/include/python3.10
[8.602s] -- Using PYTHON_LIBRARIES: /usr/lib/aarch64-linux-gnu/libpython3.10.so
[8.662s] -- Found ament_lint_auto: 0.12.14 (/opt/ros/humble/share/ament_lint_auto/cmake)
[8.717s] -- Added test 'copyright' to check source files copyright and LICENSE
[8.732s] -- Added test 'lint_cmake' to check CMake code style
[8.733s] -- Added test 'xmllint' to check XML markup files
[8.739s] -- Configuring done
[8.831s] -- Generating done
[8.857s] -- Build files have been written to: /root/racecar_ws/build/vs_msgs
[8.933s] Invoked command in '/root/racecar_ws/build/vs_msgs' returned '0': CMAKE_PREFIX_PATH=${CMAKE_PREFIX_PATH}:/root/racecar_ws/install/wall_follower:/root/racecar_ws/install/visual_servoing:/root/racecar_ws/install/safety_controller:/root/racecar_ws/install/evaluation:/root/ros2_ws/install/racecar:/opt/ros/humble /usr/bin/cmake /root/racecar_ws/src/visual_servoing/vs_msgs -DAMENT_CMAKE_SYMLINK_INSTALL=1 -DCMAKE_INSTALL_PREFIX=/root/racecar_ws/install/vs_msgs
[8.935s] Invoking command in '/root/racecar_ws/build/vs_msgs': CMAKE_PREFIX_PATH=${CMAKE_PREFIX_PATH}:/root/racecar_ws/install/wall_follower:/root/racecar_ws/install/visual_servoing:/root/racecar_ws/install/safety_controller:/root/racecar_ws/install/evaluation:/root/ros2_ws/install/racecar:/opt/ros/humble /usr/bin/cmake --build /root/racecar_ws/build/vs_msgs -- -j6 -l6
[9.371s] [35m[1mConsolidate compiler generated dependencies of target vs_msgs__rosidl_generator_c[0m
[9.437s] failed to create symbolic link '/root/racecar_ws/build/vs_msgs/ament_cmake_python/vs_msgs/vs_msgs' because existing path cannot be removed: Is a directory
[9.441s] gmake[2]: *** [CMakeFiles/ament_cmake_python_symlink_vs_msgs.dir/build.make:70: CMakeFiles/ament_cmake_python_symlink_vs_msgs] Error 1
[9.441s] gmake[1]: *** [CMakeFiles/Makefile2:421: CMakeFiles/ament_cmake_python_symlink_vs_msgs.dir/all] Error 2
[9.441s] gmake[1]: *** Waiting for unfinished jobs....
[9.446s] [  6%] Built target vs_msgs__cpp
[9.447s] [ 12%] Built target vs_msgs__rosidl_generator_c
[9.451s] gmake: *** [Makefile:146: all] Error 2
[9.458s] Invoked command in '/root/racecar_ws/build/vs_msgs' returned '2': CMAKE_PREFIX_PATH=${CMAKE_PREFIX_PATH}:/root/racecar_ws/install/wall_follower:/root/racecar_ws/install/visual_servoing:/root/racecar_ws/install/safety_controller:/root/racecar_ws/install/evaluation:/root/ros2_ws/install/racecar:/opt/ros/humble /usr/bin/cmake --build /root/racecar_ws/build/vs_msgs -- -j6 -l6
